TpTrace Verbose: 0 : 12348, 1, 2025/02/26, 13:18:06.815, 7910182254342, vstest.console.dll, Version: 17.11.1-release-24455-02 Current process architecture: X64
TpTrace Verbose: 0 : 12348, 1, 2025/02/26, 13:18:06.818, 7910182291054, vstest.console.dll, Runtime location: C:\Program Files\dotnet\shared\Microsoft.NETCore.App\8.0.10
TpTrace Verbose: 0 : 12348, 1, 2025/02/26, 13:18:06.826, 7910182370077, vstest.console.dll, ArtifactProcessingPostProcessModeProcessorExecutor.Initialize: ArtifactProcessingMode.Collect
TpTrace Verbose: 0 : 12348, 1, 2025/02/26, 13:18:06.827, 7910182372824, vstest.console.dll, TestSessionCorrelationIdProcessorModeProcessorExecutor.Initialize: TestSessionCorrelationId '28252_3e103aab-31a0-45d2-8179-fbc025ec7690'
TpTrace Information: 0 : 12348, 1, 2025/02/26, 13:18:06.837, 7910182472935, vstest.console.dll, FilePatternParser: The given file C:\Users\Fenix\Desktop\GitHub\SoftUni\EventHubAsp\EventHubASP\EventHubASP.Tests\bin\Debug\net8.0\fine-code-coverage\build-output\EventHubASP.Tests.dll is a full path.
TpTrace Verbose: 0 : 12348, 1, 2025/02/26, 13:18:06.847, 7910182574241, vstest.console.dll, TestPluginCache.DiscoverTestExtensions: finding test extensions in assemblies ends with: RuntimeProvider.dll TPluginInfo: Microsoft.VisualStudio.TestPlatform.Common.ExtensionFramework.Utilities.TestRuntimePluginInformation TExtension: Microsoft.VisualStudio.TestPlatform.ObjectModel.Host.ITestRuntimeProvider
TpTrace Verbose: 0 : 12348, 1, 2025/02/26, 13:18:06.847, 7910182578331, vstest.console.dll, TestPluginCache.GetExtensionPaths: Filtered extension paths: 
TpTrace Verbose: 0 : 12348, 1, 2025/02/26, 13:18:06.847, 7910182578961, vstest.console.dll, TestPluginCache.GetExtensionPaths: Added default extension paths: C:\Program Files\dotnet\sdk\8.0.403\Extensions\Microsoft.Diagnostics.NETCore.Client.dll
C:\Program Files\dotnet\sdk\8.0.403\Extensions\Microsoft.TestPlatform.Extensions.BlameDataCollector.dll
C:\Program Files\dotnet\sdk\8.0.403\Extensions\Microsoft.TestPlatform.Extensions.EventLogCollector.dll
C:\Program Files\dotnet\sdk\8.0.403\Extensions\Microsoft.TestPlatform.TestHostRuntimeProvider.dll
C:\Program Files\dotnet\sdk\8.0.403\Extensions\Microsoft.VisualStudio.TestPlatform.Extensions.Html.TestLogger.dll
C:\Program Files\dotnet\sdk\8.0.403\Extensions\Microsoft.VisualStudio.TestPlatform.Extensions.Trx.TestLogger.dll
TpTrace Verbose: 0 : 12348, 1, 2025/02/26, 13:18:06.847, 7910182579187, vstest.console.dll, TestPluginCache.GetExtensionPaths: Added unfilterableExtensionPaths: 
TpTrace Information: 0 : 12348, 1, 2025/02/26, 13:18:06.848, 7910182586306, vstest.console.dll, AssemblyResolver.ctor: Creating AssemblyResolver with searchDirectories C:\Program Files\dotnet\sdk\8.0.403\Extensions,C:\Program Files\dotnet\sdk\8.0.403
TpTrace Verbose: 0 : 12348, 1, 2025/02/26, 13:18:06.849, 7910182597064, vstest.console.dll, TestPluginCache.DiscoverTestExtensions: Discovering the extensions using extension path.
TpTrace Verbose: 0 : 12348, 1, 2025/02/26, 13:18:06.849, 7910182598408, vstest.console.dll, TestPluginCache.GetExtensionPaths: Filtered extension paths: 
TpTrace Verbose: 0 : 12348, 1, 2025/02/26, 13:18:06.849, 7910182598728, vstest.console.dll, TestPluginCache.GetExtensionPaths: Added default extension paths: C:\Program Files\dotnet\sdk\8.0.403\Extensions\Microsoft.Diagnostics.NETCore.Client.dll
C:\Program Files\dotnet\sdk\8.0.403\Extensions\Microsoft.TestPlatform.Extensions.BlameDataCollector.dll
C:\Program Files\dotnet\sdk\8.0.403\Extensions\Microsoft.TestPlatform.Extensions.EventLogCollector.dll
C:\Program Files\dotnet\sdk\8.0.403\Extensions\Microsoft.TestPlatform.TestHostRuntimeProvider.dll
C:\Program Files\dotnet\sdk\8.0.403\Extensions\Microsoft.VisualStudio.TestPlatform.Extensions.Html.TestLogger.dll
C:\Program Files\dotnet\sdk\8.0.403\Extensions\Microsoft.VisualStudio.TestPlatform.Extensions.Trx.TestLogger.dll
TpTrace Verbose: 0 : 12348, 1, 2025/02/26, 13:18:06.849, 7910182598924, vstest.console.dll, TestPluginCache.GetExtensionPaths: Added unfilterableExtensionPaths: 
TpTrace Verbose: 0 : 12348, 1, 2025/02/26, 13:18:06.849, 7910182599379, vstest.console.dll, TestPluginCache.DiscoverTestExtensions: Discovering the extensions using allExtensionPaths: C:\Program Files\dotnet\sdk\8.0.403\Extensions\Microsoft.Diagnostics.NETCore.Client.dll
C:\Program Files\dotnet\sdk\8.0.403\Extensions\Microsoft.TestPlatform.Extensions.BlameDataCollector.dll
C:\Program Files\dotnet\sdk\8.0.403\Extensions\Microsoft.TestPlatform.Extensions.EventLogCollector.dll
C:\Program Files\dotnet\sdk\8.0.403\Extensions\Microsoft.TestPlatform.TestHostRuntimeProvider.dll
C:\Program Files\dotnet\sdk\8.0.403\Extensions\Microsoft.VisualStudio.TestPlatform.Extensions.Html.TestLogger.dll
C:\Program Files\dotnet\sdk\8.0.403\Extensions\Microsoft.VisualStudio.TestPlatform.Extensions.Trx.TestLogger.dll
TpTrace Information: 0 : 12348, 1, 2025/02/26, 13:18:06.849, 7910182600794, vstest.console.dll, AssemblyResolver.AddSearchDirectories: Adding more searchDirectories C:\Program Files\dotnet\sdk\8.0.403\Extensions,C:\Program Files\dotnet\sdk\8.0.403
TpTrace Information: 0 : 12348, 1, 2025/02/26, 13:18:06.849, 7910182601241, vstest.console.dll, AssemblyResolver.AddSearchDirectories: Adding more searchDirectories C:\Program Files\dotnet\sdk\8.0.403\Extensions,C:\Program Files\dotnet\sdk\8.0.403
TpTrace Information: 0 : 12348, 1, 2025/02/26, 13:18:06.849, 7910182601483, vstest.console.dll, AssemblyResolver.AddSearchDirectories: Adding more searchDirectories C:\Program Files\dotnet\sdk\8.0.403\Extensions,C:\Program Files\dotnet\sdk\8.0.403
TpTrace Information: 0 : 12348, 1, 2025/02/26, 13:18:06.849, 7910182601669, vstest.console.dll, AssemblyResolver.AddSearchDirectories: Adding more searchDirectories C:\Program Files\dotnet\sdk\8.0.403\Extensions,C:\Program Files\dotnet\sdk\8.0.403
TpTrace Information: 0 : 12348, 1, 2025/02/26, 13:18:06.849, 7910182601846, vstest.console.dll, AssemblyResolver.AddSearchDirectories: Adding more searchDirectories C:\Program Files\dotnet\sdk\8.0.403\Extensions,C:\Program Files\dotnet\sdk\8.0.403
TpTrace Information: 0 : 12348, 1, 2025/02/26, 13:18:06.849, 7910182602022, vstest.console.dll, AssemblyResolver.AddSearchDirectories: Adding more searchDirectories C:\Program Files\dotnet\sdk\8.0.403\Extensions,C:\Program Files\dotnet\sdk\8.0.403
TpTrace Information: 0 : 12348, 1, 2025/02/26, 13:18:06.850, 7910182605915, vstest.console.dll, AssemblyResolver.OnResolve: Microsoft.Diagnostics.NETCore.Client: Resolving assembly.
TpTrace Information: 0 : 12348, 1, 2025/02/26, 13:18:06.850, 7910182606850, vstest.console.dll, AssemblyResolver.OnResolve: Microsoft.Diagnostics.NETCore.Client: Searching in: 'C:\Program Files\dotnet\sdk\8.0.403\Extensions'.
TpTrace Information: 0 : 12348, 1, 2025/02/26, 13:18:06.857, 7910182677740, vstest.console.dll, AssemblyResolver.OnResolve: Microsoft.Diagnostics.NETCore.Client: Loading assembly 'C:\Program Files\dotnet\sdk\8.0.403\Extensions\Microsoft.Diagnostics.NETCore.Client.dll'.
TpTrace Information: 0 : 12348, 1, 2025/02/26, 13:18:06.859, 7910182695744, vstest.console.dll, AssemblyResolver.OnResolve: Resolved assembly: Microsoft.Diagnostics.NETCore.Client, from path: C:\Program Files\dotnet\sdk\8.0.403\Extensions\Microsoft.Diagnostics.NETCore.Client.dll
TpTrace Verbose: 0 : 12348, 1, 2025/02/26, 13:18:06.864, 7910182749766, vstest.console.dll, MetadataReaderExtensionsHelper: Discovering extensions inside assembly 'Microsoft.Diagnostics.NETCore.Client, Version=0.2.10.30701, Culture=neutral, PublicKeyToken=31bf3856ad364e35' file path 'C:\Program Files\dotnet\sdk\8.0.403\Extensions\Microsoft.Diagnostics.NETCore.Client.dll'
TpTrace Information: 0 : 12348, 1, 2025/02/26, 13:18:06.869, 7910182796812, vstest.console.dll, AssemblyResolver.OnResolve: Microsoft.Bcl.AsyncInterfaces: Resolving assembly.
TpTrace Information: 0 : 12348, 1, 2025/02/26, 13:18:06.869, 7910182798440, vstest.console.dll, AssemblyResolver.OnResolve: Microsoft.Bcl.AsyncInterfaces: Searching in: 'C:\Program Files\dotnet\sdk\8.0.403\Extensions'.
TpTrace Information: 0 : 12348, 1, 2025/02/26, 13:18:06.869, 7910182799552, vstest.console.dll, AssemblyResolver.OnResolve: Microsoft.Bcl.AsyncInterfaces: Assembly path does not exist: 'C:\Program Files\dotnet\sdk\8.0.403\Extensions\Microsoft.Bcl.AsyncInterfaces.dll', returning.
TpTrace Information: 0 : 12348, 1, 2025/02/26, 13:18:06.869, 7910182800745, vstest.console.dll, AssemblyResolver.OnResolve: Microsoft.Bcl.AsyncInterfaces: Assembly path does not exist: 'C:\Program Files\dotnet\sdk\8.0.403\Extensions\Microsoft.Bcl.AsyncInterfaces.exe', returning.
TpTrace Information: 0 : 12348, 1, 2025/02/26, 13:18:06.869, 7910182801068, vstest.console.dll, AssemblyResolver.OnResolve: Microsoft.Bcl.AsyncInterfaces: Searching in: 'C:\Program Files\dotnet\sdk\8.0.403'.
TpTrace Information: 0 : 12348, 1, 2025/02/26, 13:18:06.869, 7910182801652, vstest.console.dll, AssemblyResolver.OnResolve: Microsoft.Bcl.AsyncInterfaces: Assembly path does not exist: 'C:\Program Files\dotnet\sdk\8.0.403\Microsoft.Bcl.AsyncInterfaces.dll', returning.
TpTrace Information: 0 : 12348, 1, 2025/02/26, 13:18:06.869, 7910182802130, vstest.console.dll, AssemblyResolver.OnResolve: Microsoft.Bcl.AsyncInterfaces: Assembly path does not exist: 'C:\Program Files\dotnet\sdk\8.0.403\Microsoft.Bcl.AsyncInterfaces.exe', returning.
TpTrace Information: 0 : 12348, 1, 2025/02/26, 13:18:06.869, 7910182802315, vstest.console.dll, AssemblyResolver.OnResolve: Microsoft.Bcl.AsyncInterfaces: Failed to load assembly.
TpTrace Verbose: 0 : 12348, 1, 2025/02/26, 13:18:06.870, 7910182802635, vstest.console.dll, CurrentDomainAssemblyResolve: Resolving assembly 'Microsoft.Bcl.AsyncInterfaces'.
TpTrace Information: 0 : 12348, 1, 2025/02/26, 13:18:06.870, 7910182803133, vstest.console.dll, AssemblyResolver.OnResolve: Microsoft.Bcl.AsyncInterfaces: Resolving assembly.
TpTrace Information: 0 : 12348, 1, 2025/02/26, 13:18:06.870, 7910182803461, vstest.console.dll, AssemblyResolver.OnResolve: Microsoft.Bcl.AsyncInterfaces: Resolved from cache.
TpTrace Verbose: 0 : 12348, 1, 2025/02/26, 13:18:06.870, 7910182803630, vstest.console.dll, CurrentDomainAssemblyResolve: Resolving assembly 'Microsoft.Bcl.AsyncInterfaces'.
TpTrace Verbose: 0 : 12348, 1, 2025/02/26, 13:18:06.870, 7910182803962, vstest.console.dll, CurrentDomainAssemblyResolve: Failed to resolve assembly 'Microsoft.Bcl.AsyncInterfaces'.
TpTrace Verbose: 0 : 12348, 1, 2025/02/26, 13:18:06.874, 7910182843124, vstest.console.dll, CurrentDomainAssemblyResolve: Failed to resolve assembly 'Microsoft.Bcl.AsyncInterfaces'.
TpTrace Warning: 0 : 12348, 1, 2025/02/26, 13:18:06.891, 7910183018403, vstest.console.dll, TestPluginDiscoverer: Failed to get types from assembly 'Microsoft.Diagnostics.NETCore.Client, Version=0.2.10.30701, Culture=neutral, PublicKeyToken=31bf3856ad364e35'. Error: System.Reflection.ReflectionTypeLoadException: Unable to load one or more of the requested types.
Could not load file or assembly 'Microsoft.Bcl.AsyncInterfaces, Version=6.0.0.0, Culture=neutral, PublicKeyToken=cc7b13ffcd2ddd51'. The system cannot find the file specified.
   at System.Reflection.RuntimeModule.GetTypes(RuntimeModule module)
   at System.Reflection.RuntimeModule.GetTypes()
   at Microsoft.VisualStudio.TestPlatform.Common.ExtensionFramework.TestPluginDiscoverer.GetTestExtensionsFromAssembly[TPluginInfo,TExtension](Assembly assembly, Dictionary`2 pluginInfos, String filePath) in /_/src/Microsoft.TestPlatform.Common/ExtensionFramework/TestPluginDiscoverer.cs:line 158
System.IO.FileNotFoundException: Could not load file or assembly 'Microsoft.Bcl.AsyncInterfaces, Version=6.0.0.0, Culture=neutral, PublicKeyToken=cc7b13ffcd2ddd51'. The system cannot find the file specified.
File name: 'Microsoft.Bcl.AsyncInterfaces, Version=6.0.0.0, Culture=neutral, PublicKeyToken=cc7b13ffcd2ddd51'
 ---> System.IO.FileNotFoundException: Could not load file or assembly 'Microsoft.Bcl.AsyncInterfaces, Culture=neutral, PublicKeyToken=null'. The system cannot find the file specified.
File name: 'Microsoft.Bcl.AsyncInterfaces, Culture=neutral, PublicKeyToken=null'
   at System.Reflection.RuntimeAssembly.InternalLoad(AssemblyName assemblyName, StackCrawlMark& stackMark, AssemblyLoadContext assemblyLoadContext, RuntimeAssembly requestingAssembly, Boolean throwOnFileNotFound)
   at System.Reflection.Assembly.Load(AssemblyName assemblyRef)
   at Microsoft.VisualStudio.TestPlatform.Common.ExtensionFramework.TestPluginCache.CurrentDomainAssemblyResolve(Object sender, AssemblyResolveEventArgs args) in /_/src/Microsoft.TestPlatform.Common/ExtensionFramework/TestPluginCache.cs:line 513
   at System.Runtime.Loader.AssemblyLoadContext.GetFirstResolvedAssemblyFromResolvingEvent(AssemblyName assemblyName)
   at System.Runtime.Loader.AssemblyLoadContext.ResolveUsingEvent(AssemblyName assemblyName)
   at System.Runtime.Loader.AssemblyLoadContext.ResolveUsingResolvingEvent(IntPtr gchManagedAssemblyLoadContext, AssemblyName assemblyName)
TpTrace Warning: 0 : 12348, 1, 2025/02/26, 13:18:06.891, 7910183021510, vstest.console.dll, LoaderExceptions: System.IO.FileNotFoundException: Could not load file or assembly 'Microsoft.Bcl.AsyncInterfaces, Version=6.0.0.0, Culture=neutral, PublicKeyToken=cc7b13ffcd2ddd51'. The system cannot find the file specified.
File name: 'Microsoft.Bcl.AsyncInterfaces, Version=6.0.0.0, Culture=neutral, PublicKeyToken=cc7b13ffcd2ddd51'
 ---> System.IO.FileNotFoundException: Could not load file or assembly 'Microsoft.Bcl.AsyncInterfaces, Culture=neutral, PublicKeyToken=null'. The system cannot find the file specified.
File name: 'Microsoft.Bcl.AsyncInterfaces, Culture=neutral, PublicKeyToken=null'
   at System.Reflection.RuntimeAssembly.InternalLoad(AssemblyName assemblyName, StackCrawlMark& stackMark, AssemblyLoadContext assemblyLoadContext, RuntimeAssembly requestingAssembly, Boolean throwOnFileNotFound)
   at System.Reflection.Assembly.Load(AssemblyName assemblyRef)
   at Microsoft.VisualStudio.TestPlatform.Common.ExtensionFramework.TestPluginCache.CurrentDomainAssemblyResolve(Object sender, AssemblyResolveEventArgs args) in /_/src/Microsoft.TestPlatform.Common/ExtensionFramework/TestPluginCache.cs:line 513
   at System.Runtime.Loader.AssemblyLoadContext.GetFirstResolvedAssemblyFromResolvingEvent(AssemblyName assemblyName)
   at System.Runtime.Loader.AssemblyLoadContext.ResolveUsingEvent(AssemblyName assemblyName)
   at System.Runtime.Loader.AssemblyLoadContext.ResolveUsingResolvingEvent(IntPtr gchManagedAssemblyLoadContext, AssemblyName assemblyName)
TpTrace Information: 0 : 12348, 1, 2025/02/26, 13:18:06.892, 7910183022602, vstest.console.dll, AssemblyResolver.OnResolve: Microsoft.TestPlatform.Extensions.BlameDataCollector: Resolving assembly.
TpTrace Information: 0 : 12348, 1, 2025/02/26, 13:18:06.892, 7910183023013, vstest.console.dll, AssemblyResolver.OnResolve: Microsoft.TestPlatform.Extensions.BlameDataCollector: Searching in: 'C:\Program Files\dotnet\sdk\8.0.403\Extensions'.
TpTrace Information: 0 : 12348, 1, 2025/02/26, 13:18:06.892, 7910183032183, vstest.console.dll, AssemblyResolver.OnResolve: Microsoft.TestPlatform.Extensions.BlameDataCollector: Loading assembly 'C:\Program Files\dotnet\sdk\8.0.403\Extensions\Microsoft.TestPlatform.Extensions.BlameDataCollector.dll'.
TpTrace Information: 0 : 12348, 1, 2025/02/26, 13:18:06.894, 7910183043498, vstest.console.dll, AssemblyResolver.OnResolve: Resolved assembly: Microsoft.TestPlatform.Extensions.BlameDataCollector, from path: C:\Program Files\dotnet\sdk\8.0.403\Extensions\Microsoft.TestPlatform.Extensions.BlameDataCollector.dll
TpTrace Verbose: 0 : 12348, 1, 2025/02/26, 13:18:06.894, 7910183044783, vstest.console.dll, MetadataReaderExtensionsHelper: Discovering extensions inside assembly 'Microsoft.TestPlatform.Extensions.BlameDataCollector, Version=15.0.0.0, Culture=neutral, PublicKeyToken=b03f5f7f11d50a3a' file path 'C:\Program Files\dotnet\sdk\8.0.403\Extensions\Microsoft.TestPlatform.Extensions.BlameDataCollector.dll'
TpTrace Information: 0 : 12348, 1, 2025/02/26, 13:18:06.896, 7910183071160, vstest.console.dll, AssemblyResolver.OnResolve: Microsoft.TestPlatform.Extensions.EventLogCollector: Resolving assembly.
TpTrace Information: 0 : 12348, 1, 2025/02/26, 13:18:06.896, 7910183072287, vstest.console.dll, AssemblyResolver.OnResolve: Microsoft.TestPlatform.Extensions.EventLogCollector: Searching in: 'C:\Program Files\dotnet\sdk\8.0.403\Extensions'.
TpTrace Information: 0 : 12348, 1, 2025/02/26, 13:18:06.898, 7910183083042, vstest.console.dll, AssemblyResolver.OnResolve: Microsoft.TestPlatform.Extensions.EventLogCollector: Loading assembly 'C:\Program Files\dotnet\sdk\8.0.403\Extensions\Microsoft.TestPlatform.Extensions.EventLogCollector.dll'.
TpTrace Information: 0 : 12348, 1, 2025/02/26, 13:18:06.898, 7910183090265, vstest.console.dll, AssemblyResolver.OnResolve: Resolved assembly: Microsoft.TestPlatform.Extensions.EventLogCollector, from path: C:\Program Files\dotnet\sdk\8.0.403\Extensions\Microsoft.TestPlatform.Extensions.EventLogCollector.dll
TpTrace Verbose: 0 : 12348, 1, 2025/02/26, 13:18:06.898, 7910183090887, vstest.console.dll, MetadataReaderExtensionsHelper: Discovering extensions inside assembly 'Microsoft.TestPlatform.Extensions.EventLogCollector, Version=15.0.0.0, Culture=neutral, PublicKeyToken=b03f5f7f11d50a3a' file path 'C:\Program Files\dotnet\sdk\8.0.403\Extensions\Microsoft.TestPlatform.Extensions.EventLogCollector.dll'
TpTrace Information: 0 : 12348, 1, 2025/02/26, 13:18:06.901, 7910183119669, vstest.console.dll, AssemblyResolver.OnResolve: Microsoft.TestPlatform.TestHostRuntimeProvider: Resolving assembly.
TpTrace Information: 0 : 12348, 1, 2025/02/26, 13:18:06.901, 7910183121420, vstest.console.dll, AssemblyResolver.OnResolve: Microsoft.TestPlatform.TestHostRuntimeProvider: Searching in: 'C:\Program Files\dotnet\sdk\8.0.403\Extensions'.
TpTrace Information: 0 : 12348, 1, 2025/02/26, 13:18:06.902, 7910183131344, vstest.console.dll, AssemblyResolver.OnResolve: Microsoft.TestPlatform.TestHostRuntimeProvider: Loading assembly 'C:\Program Files\dotnet\sdk\8.0.403\Extensions\Microsoft.TestPlatform.TestHostRuntimeProvider.dll'.
TpTrace Information: 0 : 12348, 1, 2025/02/26, 13:18:06.904, 7910183146044, vstest.console.dll, AssemblyResolver.OnResolve: Resolved assembly: Microsoft.TestPlatform.TestHostRuntimeProvider, from path: C:\Program Files\dotnet\sdk\8.0.403\Extensions\Microsoft.TestPlatform.TestHostRuntimeProvider.dll
TpTrace Verbose: 0 : 12348, 1, 2025/02/26, 13:18:06.904, 7910183146864, vstest.console.dll, MetadataReaderExtensionsHelper: Discovering extensions inside assembly 'Microsoft.TestPlatform.TestHostRuntimeProvider, Version=15.0.0.0, Culture=neutral, PublicKeyToken=b03f5f7f11d50a3a' file path 'C:\Program Files\dotnet\sdk\8.0.403\Extensions\Microsoft.TestPlatform.TestHostRuntimeProvider.dll'
TpTrace Information: 0 : 12348, 1, 2025/02/26, 13:18:06.906, 7910183167428, vstest.console.dll, GetTestExtensionFromType: Register extension with identifier data 'HostProvider://DefaultTestHost' and type 'Microsoft.VisualStudio.TestPlatform.CrossPlatEngine.Hosting.DefaultTestHostManager, Microsoft.TestPlatform.TestHostRuntimeProvider, Version=15.0.0.0, Culture=neutral, PublicKeyToken=b03f5f7f11d50a3a' inside file 'C:\Program Files\dotnet\sdk\8.0.403\Extensions\Microsoft.TestPlatform.TestHostRuntimeProvider.dll'
TpTrace Information: 0 : 12348, 1, 2025/02/26, 13:18:06.906, 7910183170192, vstest.console.dll, GetTestExtensionFromType: Register extension with identifier data 'HostProvider://DotnetTestHost' and type 'Microsoft.VisualStudio.TestPlatform.CrossPlatEngine.Hosting.DotnetTestHostManager, Microsoft.TestPlatform.TestHostRuntimeProvider, Version=15.0.0.0, Culture=neutral, PublicKeyToken=b03f5f7f11d50a3a' inside file 'C:\Program Files\dotnet\sdk\8.0.403\Extensions\Microsoft.TestPlatform.TestHostRuntimeProvider.dll'
TpTrace Information: 0 : 12348, 1, 2025/02/26, 13:18:06.906, 7910183171065, vstest.console.dll, AssemblyResolver.OnResolve: Microsoft.VisualStudio.TestPlatform.Extensions.Html.TestLogger: Resolving assembly.
TpTrace Information: 0 : 12348, 1, 2025/02/26, 13:18:06.906, 7910183171443, vstest.console.dll, AssemblyResolver.OnResolve: Microsoft.VisualStudio.TestPlatform.Extensions.Html.TestLogger: Searching in: 'C:\Program Files\dotnet\sdk\8.0.403\Extensions'.
TpTrace Information: 0 : 12348, 1, 2025/02/26, 13:18:06.907, 7910183179259, vstest.console.dll, AssemblyResolver.OnResolve: Microsoft.VisualStudio.TestPlatform.Extensions.Html.TestLogger: Loading assembly 'C:\Program Files\dotnet\sdk\8.0.403\Extensions\Microsoft.VisualStudio.TestPlatform.Extensions.Html.TestLogger.dll'.
TpTrace Information: 0 : 12348, 1, 2025/02/26, 13:18:06.908, 7910183187271, vstest.console.dll, AssemblyResolver.OnResolve: Resolved assembly: Microsoft.VisualStudio.TestPlatform.Extensions.Html.TestLogger, from path: C:\Program Files\dotnet\sdk\8.0.403\Extensions\Microsoft.VisualStudio.TestPlatform.Extensions.Html.TestLogger.dll
TpTrace Verbose: 0 : 12348, 1, 2025/02/26, 13:18:06.908, 7910183187988, vstest.console.dll, MetadataReaderExtensionsHelper: Discovering extensions inside assembly 'Microsoft.VisualStudio.TestPlatform.Extensions.Html.TestLogger, Version=15.0.0.0, Culture=neutral, PublicKeyToken=b03f5f7f11d50a3a' file path 'C:\Program Files\dotnet\sdk\8.0.403\Extensions\Microsoft.VisualStudio.TestPlatform.Extensions.Html.TestLogger.dll'
TpTrace Information: 0 : 12348, 1, 2025/02/26, 13:18:06.909, 7910183199470, vstest.console.dll, AssemblyResolver.OnResolve: Microsoft.VisualStudio.TestPlatform.Extensions.Trx.TestLogger: Resolving assembly.
TpTrace Information: 0 : 12348, 1, 2025/02/26, 13:18:06.909, 7910183200567, vstest.console.dll, AssemblyResolver.OnResolve: Microsoft.VisualStudio.TestPlatform.Extensions.Trx.TestLogger: Searching in: 'C:\Program Files\dotnet\sdk\8.0.403\Extensions'.
TpTrace Information: 0 : 12348, 1, 2025/02/26, 13:18:06.911, 7910183213439, vstest.console.dll, AssemblyResolver.OnResolve: Microsoft.VisualStudio.TestPlatform.Extensions.Trx.TestLogger: Loading assembly 'C:\Program Files\dotnet\sdk\8.0.403\Extensions\Microsoft.VisualStudio.TestPlatform.Extensions.Trx.TestLogger.dll'.
TpTrace Information: 0 : 12348, 1, 2025/02/26, 13:18:06.912, 7910183232369, vstest.console.dll, AssemblyResolver.OnResolve: Resolved assembly: Microsoft.VisualStudio.TestPlatform.Extensions.Trx.TestLogger, from path: C:\Program Files\dotnet\sdk\8.0.403\Extensions\Microsoft.VisualStudio.TestPlatform.Extensions.Trx.TestLogger.dll
TpTrace Verbose: 0 : 12348, 1, 2025/02/26, 13:18:06.913, 7910183234244, vstest.console.dll, MetadataReaderExtensionsHelper: Discovering extensions inside assembly 'Microsoft.VisualStudio.TestPlatform.Extensions.Trx.TestLogger, Version=15.0.0.0, Culture=neutral, PublicKeyToken=b03f5f7f11d50a3a' file path 'C:\Program Files\dotnet\sdk\8.0.403\Extensions\Microsoft.VisualStudio.TestPlatform.Extensions.Trx.TestLogger.dll'
TpTrace Verbose: 0 : 12348, 1, 2025/02/26, 13:18:06.915, 7910183253505, vstest.console.dll, TestPluginCache: Discovered the extensions using extension path ''.
TpTrace Verbose: 0 : 12348, 1, 2025/02/26, 13:18:06.915, 7910183254445, vstest.console.dll, TestPluginCache: Discoverers are ''.
TpTrace Verbose: 0 : 12348, 1, 2025/02/26, 13:18:06.915, 7910183254806, vstest.console.dll, TestPluginCache: Executors are ''.
TpTrace Verbose: 0 : 12348, 1, 2025/02/26, 13:18:06.915, 7910183255039, vstest.console.dll, TestPluginCache: Executors2 are ''.
TpTrace Verbose: 0 : 12348, 1, 2025/02/26, 13:18:06.915, 7910183255265, vstest.console.dll, TestPluginCache: Setting providers are ''.
TpTrace Verbose: 0 : 12348, 1, 2025/02/26, 13:18:06.915, 7910183255491, vstest.console.dll, TestPluginCache: Loggers are ''.
TpTrace Verbose: 0 : 12348, 1, 2025/02/26, 13:18:06.915, 7910183257326, vstest.console.dll, TestPluginCache: TestHosts are 'HostProvider://DefaultTestHost,HostProvider://DotnetTestHost'.
TpTrace Verbose: 0 : 12348, 1, 2025/02/26, 13:18:06.915, 7910183257663, vstest.console.dll, TestPluginCache: DataCollectors are ''.
TpTrace Information: 0 : 12348, 1, 2025/02/26, 13:18:06.941, 7910183519332, vstest.console.dll, RunTestsArgumentProcessor:Execute: Test run is starting.
TpTrace Verbose: 0 : 12348, 1, 2025/02/26, 13:18:06.941, 7910183520304, vstest.console.dll, RunTestsArgumentProcessor:Execute: Queuing Test run.
TpTrace Information: 0 : 12348, 1, 2025/02/26, 13:18:06.941, 7910183522106, vstest.console.dll, TestRequestManager.RunTests: run tests started.
TpTrace Information: 0 : 12348, 1, 2025/02/26, 13:18:06.943, 7910183534114, vstest.console.dll, AssemblyMetadataProvider.GetFrameworkName: Determined framework:'.NETCoreApp,Version=v8.0' for source: 'C:\Users\Fenix\Desktop\GitHub\SoftUni\EventHubAsp\EventHubASP\EventHubASP.Tests\bin\Debug\net8.0\fine-code-coverage\build-output\EventHubASP.Tests.dll'
TpTrace Information: 0 : 12348, 1, 2025/02/26, 13:18:06.943, 7910183536516, vstest.console.dll, Determined framework for all sources: .NETCoreApp,Version=v8.0
TpTrace Verbose: 0 : 12348, 1, 2025/02/26, 13:18:06.943, 7910183540573, vstest.console.dll, TestRequestManager.UpdateRunSettingsIfRequired: Default architecture: X64 IsDefaultTargetArchitecture: True, Current process architecture: X64 OperatingSystem: Windows.
TpTrace Information: 0 : 12348, 1, 2025/02/26, 13:18:06.946, 7910183565877, vstest.console.dll, AssemblyMetadataProvider.GetArchitecture: Determined architecture:AnyCPU info for assembly: C:\Users\Fenix\Desktop\GitHub\SoftUni\EventHubAsp\EventHubASP\EventHubASP.Tests\bin\Debug\net8.0\fine-code-coverage\build-output\EventHubASP.Tests.dll
TpTrace Information: 0 : 12348, 1, 2025/02/26, 13:18:06.946, 7910183566805, vstest.console.dll, Determined platform for source 'C:\Users\Fenix\Desktop\GitHub\SoftUni\EventHubAsp\EventHubASP\EventHubASP.Tests\bin\Debug\net8.0\fine-code-coverage\build-output\EventHubASP.Tests.dll' was AnyCPU and it will use the default plaform X64.
TpTrace Information: 0 : 12348, 1, 2025/02/26, 13:18:06.946, 7910183567029, vstest.console.dll, None of the sources provided any runnable platform, using the default platform: X64
TpTrace Information: 0 : 12348, 1, 2025/02/26, 13:18:06.946, 7910183568104, vstest.console.dll, Platform was updated to 'X64'.
TpTrace Information: 0 : 12348, 1, 2025/02/26, 13:18:06.950, 7910183605116, vstest.console.dll, InferRunSettingsHelper.IsTestSettingsEnabled: Unable to navigate to RunSettings/MSTest. Current node: RunSettings
TpTrace Information: 0 : 12348, 1, 2025/02/26, 13:18:06.951, 7910183616533, vstest.console.dll, AssemblyResolver.OnResolve: Microsoft.VisualStudio.TestPlatform.Fakes: Resolving assembly.
TpTrace Information: 0 : 12348, 1, 2025/02/26, 13:18:06.951, 7910183618695, vstest.console.dll, AssemblyResolver.OnResolve: Microsoft.VisualStudio.TestPlatform.Fakes: Searching in: 'C:\Program Files\dotnet\sdk\8.0.403\Extensions'.
TpTrace Information: 0 : 12348, 1, 2025/02/26, 13:18:06.951, 7910183620466, vstest.console.dll, AssemblyResolver.OnResolve: Microsoft.VisualStudio.TestPlatform.Fakes: Assembly path does not exist: 'C:\Program Files\dotnet\sdk\8.0.403\Extensions\Microsoft.VisualStudio.TestPlatform.Fakes.dll', returning.
TpTrace Information: 0 : 12348, 1, 2025/02/26, 13:18:06.951, 7910183621319, vstest.console.dll, AssemblyResolver.OnResolve: Microsoft.VisualStudio.TestPlatform.Fakes: Assembly path does not exist: 'C:\Program Files\dotnet\sdk\8.0.403\Extensions\Microsoft.VisualStudio.TestPlatform.Fakes.exe', returning.
TpTrace Information: 0 : 12348, 1, 2025/02/26, 13:18:06.951, 7910183621517, vstest.console.dll, AssemblyResolver.OnResolve: Microsoft.VisualStudio.TestPlatform.Fakes: Searching in: 'C:\Program Files\dotnet\sdk\8.0.403'.
TpTrace Information: 0 : 12348, 1, 2025/02/26, 13:18:06.951, 7910183622150, vstest.console.dll, AssemblyResolver.OnResolve: Microsoft.VisualStudio.TestPlatform.Fakes: Assembly path does not exist: 'C:\Program Files\dotnet\sdk\8.0.403\Microsoft.VisualStudio.TestPlatform.Fakes.dll', returning.
TpTrace Information: 0 : 12348, 1, 2025/02/26, 13:18:06.952, 7910183622626, vstest.console.dll, AssemblyResolver.OnResolve: Microsoft.VisualStudio.TestPlatform.Fakes: Assembly path does not exist: 'C:\Program Files\dotnet\sdk\8.0.403\Microsoft.VisualStudio.TestPlatform.Fakes.exe', returning.
TpTrace Information: 0 : 12348, 1, 2025/02/26, 13:18:06.952, 7910183622894, vstest.console.dll, AssemblyResolver.OnResolve: Microsoft.VisualStudio.TestPlatform.Fakes: Failed to load assembly.
TpTrace Information: 0 : 12348, 1, 2025/02/26, 13:18:06.952, 7910183627264, vstest.console.dll, Failed to load assembly Microsoft.VisualStudio.TestPlatform.Fakes, Version=17.0.0.0, Culture=neutral. Reason:System.IO.FileNotFoundException: Could not load file or assembly 'Microsoft.VisualStudio.TestPlatform.Fakes, Version=17.0.0.0, Culture=neutral, PublicKeyToken=null'. The system cannot find the file specified.
File name: 'Microsoft.VisualStudio.TestPlatform.Fakes, Version=17.0.0.0, Culture=neutral, PublicKeyToken=null'
   at System.Reflection.RuntimeAssembly.InternalLoad(AssemblyName assemblyName, StackCrawlMark& stackMark, AssemblyLoadContext assemblyLoadContext, RuntimeAssembly requestingAssembly, Boolean throwOnFileNotFound)
   at System.Reflection.Assembly.Load(AssemblyName assemblyRef)
   at Microsoft.VisualStudio.TestPlatform.Common.Utilities.FakesUtilities.LoadTestPlatformAssembly() in /_/src/Microsoft.TestPlatform.Common/Utilities/FakesUtilities.cs:line 272
TpTrace Verbose: 0 : 12348, 1, 2025/02/26, 13:18:06.956, 7910183671703, vstest.console.dll, TestPluginCache.DiscoverTestExtensions: finding test extensions in assemblies ends with: TestLogger.dll TPluginInfo: Microsoft.VisualStudio.TestPlatform.Common.ExtensionFramework.Utilities.TestLoggerPluginInformation TExtension: Microsoft.VisualStudio.TestPlatform.ObjectModel.Client.ITestLogger
TpTrace Verbose: 0 : 12348, 1, 2025/02/26, 13:18:06.957, 7910183672904, vstest.console.dll, TestPluginCache.GetExtensionPaths: Filtered extension paths: 
TpTrace Verbose: 0 : 12348, 1, 2025/02/26, 13:18:06.957, 7910183673170, vstest.console.dll, TestPluginCache.GetExtensionPaths: Added default extension paths: C:\Program Files\dotnet\sdk\8.0.403\Extensions\Microsoft.Diagnostics.NETCore.Client.dll
C:\Program Files\dotnet\sdk\8.0.403\Extensions\Microsoft.TestPlatform.Extensions.BlameDataCollector.dll
C:\Program Files\dotnet\sdk\8.0.403\Extensions\Microsoft.TestPlatform.Extensions.EventLogCollector.dll
C:\Program Files\dotnet\sdk\8.0.403\Extensions\Microsoft.TestPlatform.TestHostRuntimeProvider.dll
C:\Program Files\dotnet\sdk\8.0.403\Extensions\Microsoft.VisualStudio.TestPlatform.Extensions.Html.TestLogger.dll
C:\Program Files\dotnet\sdk\8.0.403\Extensions\Microsoft.VisualStudio.TestPlatform.Extensions.Trx.TestLogger.dll
TpTrace Verbose: 0 : 12348, 1, 2025/02/26, 13:18:06.957, 7910183673412, vstest.console.dll, TestPluginCache.GetExtensionPaths: Added unfilterableExtensionPaths: 
TpTrace Information: 0 : 12348, 1, 2025/02/26, 13:18:06.957, 7910183674921, vstest.console.dll, AssemblyResolver.AddSearchDirectories: Adding more searchDirectories C:\Program Files\dotnet\sdk\8.0.403\Extensions,C:\Program Files\dotnet\sdk\8.0.403
TpTrace Verbose: 0 : 12348, 1, 2025/02/26, 13:18:06.957, 7910183675263, vstest.console.dll, TestPluginCache.DiscoverTestExtensions: Discovering the extensions using extension path.
TpTrace Verbose: 0 : 12348, 1, 2025/02/26, 13:18:06.957, 7910183675538, vstest.console.dll, TestPluginCache.GetExtensionPaths: Filtered extension paths: 
TpTrace Verbose: 0 : 12348, 1, 2025/02/26, 13:18:06.957, 7910183675798, vstest.console.dll, TestPluginCache.GetExtensionPaths: Added default extension paths: C:\Program Files\dotnet\sdk\8.0.403\Extensions\Microsoft.Diagnostics.NETCore.Client.dll
C:\Program Files\dotnet\sdk\8.0.403\Extensions\Microsoft.TestPlatform.Extensions.BlameDataCollector.dll
C:\Program Files\dotnet\sdk\8.0.403\Extensions\Microsoft.TestPlatform.Extensions.EventLogCollector.dll
C:\Program Files\dotnet\sdk\8.0.403\Extensions\Microsoft.TestPlatform.TestHostRuntimeProvider.dll
C:\Program Files\dotnet\sdk\8.0.403\Extensions\Microsoft.VisualStudio.TestPlatform.Extensions.Html.TestLogger.dll
C:\Program Files\dotnet\sdk\8.0.403\Extensions\Microsoft.VisualStudio.TestPlatform.Extensions.Trx.TestLogger.dll
TpTrace Verbose: 0 : 12348, 1, 2025/02/26, 13:18:06.957, 7910183676034, vstest.console.dll, TestPluginCache.GetExtensionPaths: Added unfilterableExtensionPaths: 
TpTrace Verbose: 0 : 12348, 1, 2025/02/26, 13:18:06.957, 7910183676293, vstest.console.dll, TestPluginCache.DiscoverTestExtensions: Discovering the extensions using allExtensionPaths: C:\Program Files\dotnet\sdk\8.0.403\Extensions\Microsoft.Diagnostics.NETCore.Client.dll
C:\Program Files\dotnet\sdk\8.0.403\Extensions\Microsoft.TestPlatform.Extensions.BlameDataCollector.dll
C:\Program Files\dotnet\sdk\8.0.403\Extensions\Microsoft.TestPlatform.Extensions.EventLogCollector.dll
C:\Program Files\dotnet\sdk\8.0.403\Extensions\Microsoft.TestPlatform.TestHostRuntimeProvider.dll
C:\Program Files\dotnet\sdk\8.0.403\Extensions\Microsoft.VisualStudio.TestPlatform.Extensions.Html.TestLogger.dll
C:\Program Files\dotnet\sdk\8.0.403\Extensions\Microsoft.VisualStudio.TestPlatform.Extensions.Trx.TestLogger.dll
TpTrace Information: 0 : 12348, 1, 2025/02/26, 13:18:06.957, 7910183677289, vstest.console.dll, AssemblyResolver.AddSearchDirectories: Adding more searchDirectories C:\Program Files\dotnet\sdk\8.0.403\Extensions,C:\Program Files\dotnet\sdk\8.0.403
TpTrace Information: 0 : 12348, 1, 2025/02/26, 13:18:06.957, 7910183677626, vstest.console.dll, AssemblyResolver.AddSearchDirectories: Adding more searchDirectories C:\Program Files\dotnet\sdk\8.0.403\Extensions,C:\Program Files\dotnet\sdk\8.0.403
TpTrace Information: 0 : 12348, 1, 2025/02/26, 13:18:06.957, 7910183677866, vstest.console.dll, AssemblyResolver.AddSearchDirectories: Adding more searchDirectories C:\Program Files\dotnet\sdk\8.0.403\Extensions,C:\Program Files\dotnet\sdk\8.0.403
TpTrace Information: 0 : 12348, 1, 2025/02/26, 13:18:06.957, 7910183678095, vstest.console.dll, AssemblyResolver.AddSearchDirectories: Adding more searchDirectories C:\Program Files\dotnet\sdk\8.0.403\Extensions,C:\Program Files\dotnet\sdk\8.0.403
TpTrace Information: 0 : 12348, 1, 2025/02/26, 13:18:06.957, 7910183678323, vstest.console.dll, AssemblyResolver.AddSearchDirectories: Adding more searchDirectories C:\Program Files\dotnet\sdk\8.0.403\Extensions,C:\Program Files\dotnet\sdk\8.0.403
TpTrace Information: 0 : 12348, 1, 2025/02/26, 13:18:06.957, 7910183678583, vstest.console.dll, AssemblyResolver.AddSearchDirectories: Adding more searchDirectories C:\Program Files\dotnet\sdk\8.0.403\Extensions,C:\Program Files\dotnet\sdk\8.0.403
TpTrace Verbose: 0 : 12348, 1, 2025/02/26, 13:18:06.957, 7910183679587, vstest.console.dll, MetadataReaderExtensionsHelper: Discovering extensions inside assembly 'Microsoft.Diagnostics.NETCore.Client, Version=0.2.10.30701, Culture=neutral, PublicKeyToken=31bf3856ad364e35' file path 'C:\Program Files\dotnet\sdk\8.0.403\Extensions\Microsoft.Diagnostics.NETCore.Client.dll'
TpTrace Information: 0 : 12348, 1, 2025/02/26, 13:18:06.958, 7910183690227, vstest.console.dll, AssemblyResolver.OnResolve: Microsoft.Bcl.AsyncInterfaces: Resolving assembly.
TpTrace Information: 0 : 12348, 1, 2025/02/26, 13:18:06.958, 7910183692551, vstest.console.dll, AssemblyResolver.OnResolve: Microsoft.Bcl.AsyncInterfaces: Resolved from cache.
TpTrace Verbose: 0 : 12348, 1, 2025/02/26, 13:18:06.959, 7910183693060, vstest.console.dll, CurrentDomainAssemblyResolve: Resolving assembly 'Microsoft.Bcl.AsyncInterfaces'.
TpTrace Information: 0 : 12348, 1, 2025/02/26, 13:18:06.959, 7910183694013, vstest.console.dll, AssemblyResolver.OnResolve: Microsoft.Bcl.AsyncInterfaces: Resolving assembly.
TpTrace Information: 0 : 12348, 1, 2025/02/26, 13:18:06.959, 7910183694247, vstest.console.dll, AssemblyResolver.OnResolve: Microsoft.Bcl.AsyncInterfaces: Resolved from cache.
TpTrace Verbose: 0 : 12348, 1, 2025/02/26, 13:18:06.959, 7910183694402, vstest.console.dll, CurrentDomainAssemblyResolve: Resolving assembly 'Microsoft.Bcl.AsyncInterfaces'.
TpTrace Verbose: 0 : 12348, 1, 2025/02/26, 13:18:06.959, 7910183694561, vstest.console.dll, CurrentDomainAssemblyResolve: Failed to resolve assembly 'Microsoft.Bcl.AsyncInterfaces'.
TpTrace Verbose: 0 : 12348, 1, 2025/02/26, 13:18:06.959, 7910183696062, vstest.console.dll, CurrentDomainAssemblyResolve: Failed to resolve assembly 'Microsoft.Bcl.AsyncInterfaces'.
TpTrace Warning: 0 : 12348, 1, 2025/02/26, 13:18:06.959, 7910183699326, vstest.console.dll, TestPluginDiscoverer: Failed to get types from assembly 'Microsoft.Diagnostics.NETCore.Client, Version=0.2.10.30701, Culture=neutral, PublicKeyToken=31bf3856ad364e35'. Error: System.Reflection.ReflectionTypeLoadException: Unable to load one or more of the requested types.
Could not load file or assembly 'Microsoft.Bcl.AsyncInterfaces, Version=6.0.0.0, Culture=neutral, PublicKeyToken=cc7b13ffcd2ddd51'. The system cannot find the file specified.
   at System.Reflection.RuntimeModule.GetTypes(RuntimeModule module)
   at System.Reflection.RuntimeModule.GetTypes()
   at Microsoft.VisualStudio.TestPlatform.Common.ExtensionFramework.TestPluginDiscoverer.GetTestExtensionsFromAssembly[TPluginInfo,TExtension](Assembly assembly, Dictionary`2 pluginInfos, String filePath) in /_/src/Microsoft.TestPlatform.Common/ExtensionFramework/TestPluginDiscoverer.cs:line 158
System.IO.FileNotFoundException: Could not load file or assembly 'Microsoft.Bcl.AsyncInterfaces, Version=6.0.0.0, Culture=neutral, PublicKeyToken=cc7b13ffcd2ddd51'. The system cannot find the file specified.
File name: 'Microsoft.Bcl.AsyncInterfaces, Version=6.0.0.0, Culture=neutral, PublicKeyToken=cc7b13ffcd2ddd51'
 ---> System.IO.FileNotFoundException: Could not load file or assembly 'Microsoft.Bcl.AsyncInterfaces, Culture=neutral, PublicKeyToken=null'. The system cannot find the file specified.
File name: 'Microsoft.Bcl.AsyncInterfaces, Culture=neutral, PublicKeyToken=null'
   at System.Reflection.RuntimeAssembly.InternalLoad(AssemblyName assemblyName, StackCrawlMark& stackMark, AssemblyLoadContext assemblyLoadContext, RuntimeAssembly requestingAssembly, Boolean throwOnFileNotFound)
   at System.Reflection.Assembly.Load(AssemblyName assemblyRef)
   at Microsoft.VisualStudio.TestPlatform.Common.ExtensionFramework.TestPluginCache.CurrentDomainAssemblyResolve(Object sender, AssemblyResolveEventArgs args) in /_/src/Microsoft.TestPlatform.Common/ExtensionFramework/TestPluginCache.cs:line 513
   at System.Runtime.Loader.AssemblyLoadContext.GetFirstResolvedAssemblyFromResolvingEvent(AssemblyName assemblyName)
   at System.Runtime.Loader.AssemblyLoadContext.ResolveUsingEvent(AssemblyName assemblyName)
   at System.Runtime.Loader.AssemblyLoadContext.ResolveUsingResolvingEvent(IntPtr gchManagedAssemblyLoadContext, AssemblyName assemblyName)
TpTrace Warning: 0 : 12348, 1, 2025/02/26, 13:18:06.959, 7910183701050, vstest.console.dll, LoaderExceptions: System.IO.FileNotFoundException: Could not load file or assembly 'Microsoft.Bcl.AsyncInterfaces, Version=6.0.0.0, Culture=neutral, PublicKeyToken=cc7b13ffcd2ddd51'. The system cannot find the file specified.
File name: 'Microsoft.Bcl.AsyncInterfaces, Version=6.0.0.0, Culture=neutral, PublicKeyToken=cc7b13ffcd2ddd51'
 ---> System.IO.FileNotFoundException: Could not load file or assembly 'Microsoft.Bcl.AsyncInterfaces, Culture=neutral, PublicKeyToken=null'. The system cannot find the file specified.
File name: 'Microsoft.Bcl.AsyncInterfaces, Culture=neutral, PublicKeyToken=null'
   at System.Reflection.RuntimeAssembly.InternalLoad(AssemblyName assemblyName, StackCrawlMark& stackMark, AssemblyLoadContext assemblyLoadContext, RuntimeAssembly requestingAssembly, Boolean throwOnFileNotFound)
   at System.Reflection.Assembly.Load(AssemblyName assemblyRef)
   at Microsoft.VisualStudio.TestPlatform.Common.ExtensionFramework.TestPluginCache.CurrentDomainAssemblyResolve(Object sender, AssemblyResolveEventArgs args) in /_/src/Microsoft.TestPlatform.Common/ExtensionFramework/TestPluginCache.cs:line 513
   at System.Runtime.Loader.AssemblyLoadContext.GetFirstResolvedAssemblyFromResolvingEvent(AssemblyName assemblyName)
   at System.Runtime.Loader.AssemblyLoadContext.ResolveUsingEvent(AssemblyName assemblyName)
   at System.Runtime.Loader.AssemblyLoadContext.ResolveUsingResolvingEvent(IntPtr gchManagedAssemblyLoadContext, AssemblyName assemblyName)
TpTrace Verbose: 0 : 12348, 1, 2025/02/26, 13:18:06.959, 7910183701838, vstest.console.dll, MetadataReaderExtensionsHelper: Discovering extensions inside assembly 'Microsoft.TestPlatform.Extensions.BlameDataCollector, Version=15.0.0.0, Culture=neutral, PublicKeyToken=b03f5f7f11d50a3a' file path 'C:\Program Files\dotnet\sdk\8.0.403\Extensions\Microsoft.TestPlatform.Extensions.BlameDataCollector.dll'
TpTrace Information: 0 : 12348, 1, 2025/02/26, 13:18:06.960, 7910183711990, vstest.console.dll, GetTestExtensionFromType: Register extension with identifier data 'logger://Microsoft/TestPlatform/Extensions/Blame/v1' and type 'Microsoft.TestPlatform.Extensions.BlameDataCollector.BlameLogger, Microsoft.TestPlatform.Extensions.BlameDataCollector, Version=15.0.0.0, Culture=neutral, PublicKeyToken=b03f5f7f11d50a3a' inside file 'C:\Program Files\dotnet\sdk\8.0.403\Extensions\Microsoft.TestPlatform.Extensions.BlameDataCollector.dll'
TpTrace Verbose: 0 : 12348, 1, 2025/02/26, 13:18:06.961, 7910183713288, vstest.console.dll, MetadataReaderExtensionsHelper: Discovering extensions inside assembly 'Microsoft.TestPlatform.Extensions.EventLogCollector, Version=15.0.0.0, Culture=neutral, PublicKeyToken=b03f5f7f11d50a3a' file path 'C:\Program Files\dotnet\sdk\8.0.403\Extensions\Microsoft.TestPlatform.Extensions.EventLogCollector.dll'
TpTrace Verbose: 0 : 12348, 1, 2025/02/26, 13:18:06.961, 7910183719095, vstest.console.dll, MetadataReaderExtensionsHelper: Discovering extensions inside assembly 'Microsoft.TestPlatform.TestHostRuntimeProvider, Version=15.0.0.0, Culture=neutral, PublicKeyToken=b03f5f7f11d50a3a' file path 'C:\Program Files\dotnet\sdk\8.0.403\Extensions\Microsoft.TestPlatform.TestHostRuntimeProvider.dll'
TpTrace Verbose: 0 : 12348, 1, 2025/02/26, 13:18:06.962, 7910183725182, vstest.console.dll, MetadataReaderExtensionsHelper: Discovering extensions inside assembly 'Microsoft.VisualStudio.TestPlatform.Extensions.Html.TestLogger, Version=15.0.0.0, Culture=neutral, PublicKeyToken=b03f5f7f11d50a3a' file path 'C:\Program Files\dotnet\sdk\8.0.403\Extensions\Microsoft.VisualStudio.TestPlatform.Extensions.Html.TestLogger.dll'
TpTrace Information: 0 : 12348, 1, 2025/02/26, 13:18:06.963, 7910183733336, vstest.console.dll, GetTestExtensionFromType: Register extension with identifier data 'logger://Microsoft/TestPlatform/HtmlLogger/v1' and type 'Microsoft.VisualStudio.TestPlatform.Extensions.HtmlLogger.HtmlLogger, Microsoft.VisualStudio.TestPlatform.Extensions.Html.TestLogger, Version=15.0.0.0, Culture=neutral, PublicKeyToken=b03f5f7f11d50a3a' inside file 'C:\Program Files\dotnet\sdk\8.0.403\Extensions\Microsoft.VisualStudio.TestPlatform.Extensions.Html.TestLogger.dll'
TpTrace Verbose: 0 : 12348, 1, 2025/02/26, 13:18:06.963, 7910183734558, vstest.console.dll, MetadataReaderExtensionsHelper: Discovering extensions inside assembly 'Microsoft.VisualStudio.TestPlatform.Extensions.Trx.TestLogger, Version=15.0.0.0, Culture=neutral, PublicKeyToken=b03f5f7f11d50a3a' file path 'C:\Program Files\dotnet\sdk\8.0.403\Extensions\Microsoft.VisualStudio.TestPlatform.Extensions.Trx.TestLogger.dll'
TpTrace Information: 0 : 12348, 1, 2025/02/26, 13:18:06.963, 7910183740317, vstest.console.dll, GetTestExtensionFromType: Register extension with identifier data 'logger://Microsoft/TestPlatform/TrxLogger/v1' and type 'Microsoft.VisualStudio.TestPlatform.Extensions.TrxLogger.TrxLogger, Microsoft.VisualStudio.TestPlatform.Extensions.Trx.TestLogger, Version=15.0.0.0, Culture=neutral, PublicKeyToken=b03f5f7f11d50a3a' inside file 'C:\Program Files\dotnet\sdk\8.0.403\Extensions\Microsoft.VisualStudio.TestPlatform.Extensions.Trx.TestLogger.dll'
TpTrace Verbose: 0 : 12348, 1, 2025/02/26, 13:18:06.963, 7910183741169, vstest.console.dll, TestPluginCache: Discovered the extensions using extension path ''.
TpTrace Verbose: 0 : 12348, 1, 2025/02/26, 13:18:06.963, 7910183741405, vstest.console.dll, TestPluginCache: Discoverers are ''.
TpTrace Verbose: 0 : 12348, 1, 2025/02/26, 13:18:06.963, 7910183741570, vstest.console.dll, TestPluginCache: Executors are ''.
TpTrace Verbose: 0 : 12348, 1, 2025/02/26, 13:18:06.963, 7910183741727, vstest.console.dll, TestPluginCache: Executors2 are ''.
TpTrace Verbose: 0 : 12348, 1, 2025/02/26, 13:18:06.963, 7910183741882, vstest.console.dll, TestPluginCache: Setting providers are ''.
TpTrace Verbose: 0 : 12348, 1, 2025/02/26, 13:18:06.964, 7910183742598, vstest.console.dll, TestPluginCache: Loggers are 'logger://Microsoft/TestPlatform/Extensions/Blame/v1,logger://Microsoft/TestPlatform/HtmlLogger/v1,logger://Microsoft/TestPlatform/TrxLogger/v1'.
TpTrace Verbose: 0 : 12348, 1, 2025/02/26, 13:18:06.964, 7910183742920, vstest.console.dll, TestPluginCache: TestHosts are 'HostProvider://DefaultTestHost,HostProvider://DotnetTestHost'.
TpTrace Verbose: 0 : 12348, 1, 2025/02/26, 13:18:06.964, 7910183743096, vstest.console.dll, TestPluginCache: DataCollectors are ''.
TpTrace Information: 0 : 12348, 1, 2025/02/26, 13:18:06.964, 7910183751795, vstest.console.dll, TestPluginManager.CreateTestExtension: Attempting to load test extension: Microsoft.TestPlatform.Extensions.BlameDataCollector.BlameLogger
TpTrace Verbose: 0 : 12348, 1, 2025/02/26, 13:18:06.976, 7910183868325, vstest.console.dll, TestEngine: Initializing Parallel Execution as MaxCpuCount is set to: 1
TpTrace Information: 0 : 12348, 1, 2025/02/26, 13:18:06.978, 7910183884185, vstest.console.dll, TestPluginManager.CreateTestExtension: Attempting to load test extension: Microsoft.VisualStudio.TestPlatform.CrossPlatEngine.Hosting.DefaultTestHostManager
TpTrace Information: 0 : 12348, 1, 2025/02/26, 13:18:06.978, 7910183891015, vstest.console.dll, TestPluginManager.CreateTestExtension: Attempting to load test extension: Microsoft.VisualStudio.TestPlatform.CrossPlatEngine.Hosting.DotnetTestHostManager
TpTrace Verbose: 0 : 12348, 1, 2025/02/26, 13:18:06.979, 7910183893108, vstest.console.dll, TestHostManagerCallbacks.ctor: Forwarding output is enabled.
TpTrace Information: 0 : 12348, 1, 2025/02/26, 13:18:06.981, 7910183917491, vstest.console.dll, InferRunSettingsHelper.IsTestSettingsEnabled: Unable to navigate to RunSettings/MSTest. Current node: RunSettings
TpTrace Verbose: 0 : 12348, 1, 2025/02/26, 13:18:06.982, 7910183926283, vstest.console.dll, ParallelOperationManager.ClearSlots: Clearing all slots. Slots should accept more work: True
TpTrace Verbose: 0 : 12348, 1, 2025/02/26, 13:18:06.982, 7910183932005, vstest.console.dll, ParallelOperationManager.SetOccupiedSlotCount: Setting slot counts AvailableSlotCount = 1, OccupiedSlotCount = 0.
TpTrace Verbose: 0 : 12348, 1, 2025/02/26, 13:18:06.983, 7910183934960, vstest.console.dll, Occupied slots:

TpTrace Verbose: 0 : 12348, 1, 2025/02/26, 13:18:06.985, 7910183959935, vstest.console.dll, TestEngine.GetExecutionManager: Chosen execution manager 'Microsoft.VisualStudio.TestPlatform.CrossPlatEngine.Client.Parallel.ParallelProxyExecutionManager, Microsoft.TestPlatform.CrossPlatEngine, Version=15.0.0.0, Culture=neutral, PublicKeyToken=b03f5f7f11d50a3a' ParallelLevel '1'.
TpTrace Verbose: 0 : 12348, 1, 2025/02/26, 13:18:06.985, 7910183962506, vstest.console.dll, TestPlatform.GetSkipDefaultAdapters: Not skipping default adapters SkipDefaultAdapters was false.
TpTrace Verbose: 0 : 12348, 1, 2025/02/26, 13:18:06.986, 7910183963365, vstest.console.dll, TestRunRequest.ExecuteAsync: Creating test run request.
TpTrace Verbose: 0 : 12348, 1, 2025/02/26, 13:18:06.986, 7910183965313, vstest.console.dll, TestRunRequest.ExecuteAsync: Starting.
TpTrace Information: 0 : 12348, 1, 2025/02/26, 13:18:06.987, 7910183974980, vstest.console.dll, TestRunRequest.ExecuteAsync: Starting run with settings:TestRunCriteria:
   KeepAlive=False,FrequencyOfRunStatsChangeEvent=10,RunStatsChangeEventTimeout=00:00:01.5000000,TestCaseFilter=,TestExecutorLauncher=
   Settingsxml=<RunSettings>
  <RunConfiguration>
    <ResultsDirectory>C:\Users\Fenix\Desktop\GitHub\SoftUni\EventHubAsp\EventHubASP\EventHubASP.Tests\bin\Debug\net8.0\fine-code-coverage\coverage-tool-output</ResultsDirectory>
    <TargetPlatform>X64</TargetPlatform>
    <TargetFrameworkVersion>.NETCoreApp,Version=v8.0</TargetFrameworkVersion>
    <DesignMode>False</DesignMode>
    <CollectSourceInformation>False</CollectSourceInformation>
  </RunConfiguration>
  <LoggerRunSettings>
    <Loggers>
      <Logger friendlyName="blame" enabled="True" />
      <Logger friendlyName="Console" uri="logger://microsoft/TestPlatform/ConsoleLogger/v1" assemblyQualifiedName="Microsoft.VisualStudio.TestPlatform.CommandLine.Internal.ConsoleLogger, vstest.console, Version=15.0.0.0, Culture=neutral, PublicKeyToken=b03f5f7f11d50a3a" codeBase="C:\Program Files\dotnet\sdk\8.0.403\vstest.console.dll" enabled="True" />
    </Loggers>
  </LoggerRunSettings>
  <DataCollectionRunSettings>
    <DataCollectors>
      <DataCollector friendlyName="blame" enabled="True">
        <Configuration>
          <ResultsDirectory>C:\Users\Fenix\Desktop\GitHub\SoftUni\EventHubAsp\EventHubASP\EventHubASP.Tests\bin\Debug\net8.0\fine-code-coverage\coverage-tool-output</ResultsDirectory>
        </Configuration>
      </DataCollector>
    </DataCollectors>
  </DataCollectionRunSettings>
</RunSettings>

TpTrace Verbose: 0 : 12348, 1, 2025/02/26, 13:18:06.987, 7910183975863, vstest.console.dll, TestRunRequest.ExecuteAsync: Wait for the first run request is over.
TpTrace Verbose: 0 : 12348, 1, 2025/02/26, 13:18:06.987, 7910183978914, vstest.console.dll, MulticastDelegateUtilities.SafeInvoke: TestRun.TestRunStart: Invoking callbacks was skipped because there are no subscribers.
TpTrace Verbose: 0 : 12348, 4, 2025/02/26, 13:18:06.987, 7910183981850, vstest.console.dll, MulticastDelegateUtilities.SafeInvoke: InternalTestLoggerEvents.SendTestRunStart: Invoking callback 1/1 for Microsoft.VisualStudio.TestPlatform.CommandLine.Internal.ConsoleLogger., took 0 ms.
TpTrace Verbose: 0 : 12348, 1, 2025/02/26, 13:18:06.988, 7910183987778, vstest.console.dll, ParallelProxyExecutionManager: Start execution. Total sources: 1
TpTrace Verbose: 0 : 12348, 1, 2025/02/26, 13:18:06.988, 7910183991138, vstest.console.dll, ParallelOperationManager.StartWork: Starting adding 1 workloads.
TpTrace Verbose: 0 : 12348, 1, 2025/02/26, 13:18:06.988, 7910183991713, vstest.console.dll, ParallelOperationManager.ClearSlots: Clearing all slots. Slots should accept more work: True
TpTrace Verbose: 0 : 12348, 1, 2025/02/26, 13:18:06.988, 7910183992293, vstest.console.dll, ParallelOperationManager.SetOccupiedSlotCount: Setting slot counts AvailableSlotCount = 1, OccupiedSlotCount = 0.
TpTrace Verbose: 0 : 12348, 1, 2025/02/26, 13:18:06.988, 7910183992579, vstest.console.dll, Occupied slots:

TpTrace Verbose: 0 : 12348, 1, 2025/02/26, 13:18:06.989, 7910184001410, vstest.console.dll, TestHostManagerCallbacks.ctor: Forwarding output is enabled.
TpTrace Verbose: 0 : 12348, 1, 2025/02/26, 13:18:06.990, 7910184003149, vstest.console.dll, TestRequestSender is acting as server.
TpTrace Verbose: 0 : 12348, 1, 2025/02/26, 13:18:06.991, 7910184014841, vstest.console.dll, ParallelOperationManager.RunWorkInParallel: Adding 1 workload to slot, remaining workloads 0.
TpTrace Verbose: 0 : 12348, 1, 2025/02/26, 13:18:06.991, 7910184015923, vstest.console.dll, ParallelOperationManager.SetOccupiedSlotCount: Setting slot counts AvailableSlotCount = 0, OccupiedSlotCount = 1.
TpTrace Verbose: 0 : 12348, 1, 2025/02/26, 13:18:06.991, 7910184016983, vstest.console.dll, Occupied slots:
0: C:\Users\Fenix\Desktop\GitHub\SoftUni\EventHubAsp\EventHubASP\EventHubASP.Tests\bin\Debug\net8.0\fine-code-coverage\build-output\EventHubASP.Tests.dll
TpTrace Verbose: 0 : 12348, 1, 2025/02/26, 13:18:06.992, 7910184026373, vstest.console.dll, ParallelOperationManager.RunWorkInParallel: Started host in slot number 0 for work (source): C:\Users\Fenix\Desktop\GitHub\SoftUni\EventHubAsp\EventHubASP\EventHubASP.Tests\bin\Debug\net8.0\fine-code-coverage\build-output\EventHubASP.Tests.dll.
TpTrace Verbose: 0 : 12348, 1, 2025/02/26, 13:18:06.993, 7910184033915, vstest.console.dll, ParallelOperationManager.RunWorkInParallel: We started 1 work items, which is the max parallel level. Won't start more work.
TpTrace Verbose: 0 : 12348, 1, 2025/02/26, 13:18:06.993, 7910184035057, vstest.console.dll, ParallelOperationManager.RunWorkInParallel: We started 1 work items in here, returning True.
TpTrace Information: 0 : 12348, 1, 2025/02/26, 13:18:06.993, 7910184035650, vstest.console.dll, TestRunRequest.ExecuteAsync: Started.
TpTrace Verbose: 0 : 12348, 5, 2025/02/26, 13:18:06.993, 7910184036017, vstest.console.dll, ParallelProxyExecutionManager.StartTestRunOnConcurrentManager: Initializing uninitialized client. Started clients: 0
TpTrace Verbose: 0 : 12348, 5, 2025/02/26, 13:18:06.993, 7910184037601, vstest.console.dll, DataCollectionRequestSender.InitializeCommunication : Initialize communication. 
TpTrace Verbose: 0 : 12348, 1, 2025/02/26, 13:18:06.993, 7910184041543, vstest.console.dll, TestRunRequest.WaitForCompletion: Waiting with timeout -1.
TpTrace Information: 0 : 12348, 5, 2025/02/26, 13:18:06.999, 7910184099931, vstest.console.dll, Listening on Endpoint : 127.0.0.1:55402
TpTrace Verbose: 0 : 12348, 5, 2025/02/26, 13:18:07.005, 7910184154865, vstest.console.dll, DotnetDataCollectionLauncher: Adding  --runtimeconfig "C:\Program Files\dotnet\sdk\8.0.403\datacollector.runtimeconfig.json" in args
TpTrace Verbose: 0 : 12348, 5, 2025/02/26, 13:18:07.005, 7910184156026, vstest.console.dll, DotnetDataCollectionLauncher: Adding  --depsfile "C:\Program Files\dotnet\sdk\8.0.403\datacollector.deps.json" in args
TpTrace Verbose: 0 : 12348, 5, 2025/02/26, 13:18:07.005, 7910184157314, vstest.console.dll, DotnetDataCollectionLauncher: Full path of dotnet.exe is C:\Program Files\dotnet\dotnet.exe
TpTrace Information: 0 : 12348, 5, 2025/02/26, 13:18:07.012, 7910184225648, vstest.console.dll, ProxyDataCollectionManager.Initialize: Launched datacollector processId: 9192 port: 55402
TpTrace Information: 0 : 12348, 5, 2025/02/26, 13:18:07.012, 7910184228140, vstest.console.dll, ProxyDataCollectionManager.Initialize: waiting for connection with timeout: 90 seconds
TpTrace Verbose: 0 : 12348, 5, 2025/02/26, 13:18:07.012, 7910184228549, vstest.console.dll, DataCollectionRequestSender.WaitForRequestHandlerConnection : Waiting for connection with timeout: 90000
TpTrace Information: 0 : 12348, 7, 2025/02/26, 13:18:07.162, 7910185726013, vstest.console.dll, Using the buffer size of 16384 bytes
TpTrace Verbose: 0 : 12348, 5, 2025/02/26, 13:18:07.162, 7910185726138, vstest.console.dll, SocketCommunicationManager.WaitForClientConnection took: 149 ms, with 90000 ms timeout, and finished with True.
TpTrace Information: 0 : 12348, 7, 2025/02/26, 13:18:07.162, 7910185727739, vstest.console.dll, Accepted Client request and set the flag
TpTrace Verbose: 0 : 12348, 5, 2025/02/26, 13:18:07.162, 7910185729026, vstest.console.dll, ProxyDataCollectionManager.InvokeDataCollectionServiceAction: Starting.
TpTrace Information: 0 : 12348, 5, 2025/02/26, 13:18:07.163, 7910185732759, vstest.console.dll, ProxyDataCollectionManager.BeforeTestRunStart: Get environment variable and port for datacollector processId: 9192 port: 55402
TpTrace Verbose: 0 : 12348, 5, 2025/02/26, 13:18:07.163, 7910185734259, vstest.console.dll, DataCollectionRequestSender.SendBeforeTestRunStartAndGetResult: Send BeforeTestRunStart message with settingsXml <RunSettings><RunConfiguration><ResultsDirectory>C:\Users\Fenix\Desktop\GitHub\SoftUni\EventHubAsp\EventHubASP\EventHubASP.Tests\bin\Debug\net8.0\fine-code-coverage\coverage-tool-output</ResultsDirectory><TargetPlatform>X64</TargetPlatform><TargetFrameworkVersion>.NETCoreApp,Version=v8.0</TargetFrameworkVersion><DesignMode>False</DesignMode><CollectSourceInformation>False</CollectSourceInformation><TestAdaptersPaths>C:\Program Files\dotnet\sdk\8.0.403\Extensions</TestAdaptersPaths></RunConfiguration><LoggerRunSettings><Loggers><Logger friendlyName="blame" enabled="True" /><Logger friendlyName="Console" uri="logger://microsoft/TestPlatform/ConsoleLogger/v1" assemblyQualifiedName="Microsoft.VisualStudio.TestPlatform.CommandLine.Internal.ConsoleLogger, vstest.console, Version=15.0.0.0, Culture=neutral, PublicKeyToken=b03f5f7f11d50a3a" codeBase="C:\Program Files\dotnet\sdk\8.0.403\vstest.console.dll" enabled="True" /></Loggers></LoggerRunSettings><DataCollectionRunSettings><DataCollectors><DataCollector friendlyName="blame" enabled="True"><Configuration><ResultsDirectory>C:\Users\Fenix\Desktop\GitHub\SoftUni\EventHubAsp\EventHubASP\EventHubASP.Tests\bin\Debug\net8.0\fine-code-coverage\coverage-tool-output</ResultsDirectory></Configuration></DataCollector></DataCollectors></DataCollectionRunSettings></RunSettings> and sources System.Collections.Generic.List`1[System.String]: 
TpTrace Verbose: 0 : 12348, 5, 2025/02/26, 13:18:07.228, 7910186387615, vstest.console.dll, DataCollectionRequestSender.SendBeforeTestRunStartAndGetResult: Received message: (DataCollection.SendMessage) -> {"MessageType":"DataCollection.SendMessage","Payload":{"FriendlyName":null,"Uri":null,"TestCaseId":"00000000-0000-0000-0000-000000000000","Message":"Logging DataCollector Diagnostics in file: C:\\Users\\Fenix\\Desktop\\GitHub\\SoftUni\\EventHubAsp\\EventHubASP\\EventHubASP.Tests\\bin\\Debug\\net8.0\\fine-code-coverage\\coverage-tool-output\\diagnostics.datacollector.25-02-26_13-18-07_00498_5.log","Level":0}}
TpTrace Verbose: 0 : 12348, 5, 2025/02/26, 13:18:07.352, 7910187632709, vstest.console.dll, DataCollectionRequestSender.SendBeforeTestRunStartAndGetResult: Received message: (DataCollection.BeforeTestRunStartResult) -> {"MessageType":"DataCollection.BeforeTestRunStartResult","Payload":{"EnvironmentVariables":{},"DataCollectionEventsPort":55409}}
TpTrace Information: 0 : 12348, 5, 2025/02/26, 13:18:07.361, 7910187717236, vstest.console.dll, ProxyDataCollectionManager.BeforeTestRunStart: SendBeforeTestRunStartAndGetResult successful, env variable from datacollector:   and testhost port: 55409
TpTrace Information: 0 : 12348, 5, 2025/02/26, 13:18:07.361, 7910187719238, vstest.console.dll, ProxyDataCollectionManager.InvokeDataCollectionServiceAction: Completed.
TpTrace Verbose: 0 : 12348, 5, 2025/02/26, 13:18:07.361, 7910187719720, vstest.console.dll, ParallelProxyExecutionManager.StartTestRunOnConcurrentManager: Initializing test run. Started clients: 0
TpTrace Verbose: 0 : 12348, 5, 2025/02/26, 13:18:07.361, 7910187720895, vstest.console.dll, ProxyExecutionManager: Test host is always Lazy initialize.
TpTrace Verbose: 0 : 12348, 5, 2025/02/26, 13:18:07.362, 7910187724533, vstest.console.dll, TestRequestSender.InitializeCommunication: initialize communication. 
TpTrace Information: 0 : 12348, 5, 2025/02/26, 13:18:07.363, 7910187735922, vstest.console.dll, SocketServer.Start: Listening on endpoint : 127.0.0.1:55410
TpTrace Verbose: 0 : 12348, 5, 2025/02/26, 13:18:07.365, 7910187758924, vstest.console.dll, DotnetTestHostmanager.GetTestHostProcessStartInfo: Platform environment 'X64' target architecture 'X64' framework '.NETCoreApp,Version=v8.0' OS 'Windows'
TpTrace Verbose: 0 : 12348, 5, 2025/02/26, 13:18:07.366, 7910187768186, vstest.console.dll, DotnetTestHostmanager: Adding  --runtimeconfig "C:\Users\Fenix\Desktop\GitHub\SoftUni\EventHubAsp\EventHubASP\EventHubASP.Tests\bin\Debug\net8.0\fine-code-coverage\build-output\EventHubASP.Tests.runtimeconfig.json" in args
TpTrace Verbose: 0 : 12348, 5, 2025/02/26, 13:18:07.366, 7910187771231, vstest.console.dll, DotnetTestHostmanager: Adding  --depsfile "C:\Users\Fenix\Desktop\GitHub\SoftUni\EventHubAsp\EventHubASP\EventHubASP.Tests\bin\Debug\net8.0\fine-code-coverage\build-output\EventHubASP.Tests.deps.json" in args
TpTrace Verbose: 0 : 12348, 5, 2025/02/26, 13:18:07.367, 7910187780786, vstest.console.dll, DotnetTestHostmanager.IsWinOnArm: Current PROCESSOR_ARCHITECTURE from environment variable 'AMD64'
TpTrace Verbose: 0 : 12348, 5, 2025/02/26, 13:18:07.368, 7910187783795, vstest.console.dll, DotnetTestHostmanager.IsWinOnArm: Is Windows on ARM 'False'
TpTrace Verbose: 0 : 12348, 5, 2025/02/26, 13:18:07.368, 7910187787665, vstest.console.dll, DotnetTestHostManager: testhost.exe found at path: C:\Users\Fenix\Desktop\GitHub\SoftUni\EventHubAsp\EventHubASP\EventHubASP.Tests\bin\Debug\net8.0\fine-code-coverage\build-output\testhost.exe
TpTrace Verbose: 0 : 12348, 5, 2025/02/26, 13:18:07.368, 7910187789224, vstest.console.dll, DotnetTestHostmanager: Full path of host exe is C:\Users\Fenix\Desktop\GitHub\SoftUni\EventHubAsp\EventHubASP\EventHubASP.Tests\bin\Debug\net8.0\fine-code-coverage\build-output\testhost.exe
TpTrace Verbose: 0 : 12348, 5, 2025/02/26, 13:18:07.369, 7910187796105, vstest.console.dll, DotnetTestHostmanager.LaunchTestHostAsync: Found 'VSTEST_WINAPPHOST_DOTNET_ROOT' in env variables, value 'C:\Program Files\dotnet', forwarding to 'DOTNET_ROOT'
TpTrace Verbose: 0 : 12348, 5, 2025/02/26, 13:18:07.369, 7910187799768, vstest.console.dll, DotnetTestHostManager: Starting process 'C:\Users\Fenix\Desktop\GitHub\SoftUni\EventHubAsp\EventHubASP\EventHubASP.Tests\bin\Debug\net8.0\fine-code-coverage\build-output\testhost.exe' with command line ' --runtimeconfig "C:\Users\Fenix\Desktop\GitHub\SoftUni\EventHubAsp\EventHubASP\EventHubASP.Tests\bin\Debug\net8.0\fine-code-coverage\build-output\EventHubASP.Tests.runtimeconfig.json" --depsfile "C:\Users\Fenix\Desktop\GitHub\SoftUni\EventHubAsp\EventHubASP\EventHubASP.Tests\bin\Debug\net8.0\fine-code-coverage\build-output\EventHubASP.Tests.deps.json" --port 55410 --endpoint 127.0.0.1:055410 --role client --parentprocessid 12348 --diag "C:\Users\Fenix\Desktop\GitHub\SoftUni\EventHubAsp\EventHubASP\EventHubASP.Tests\bin\Debug\net8.0\fine-code-coverage\coverage-tool-output\diagnostics.host.25-02-26_13-18-07_36442_5.log" --tracelevel 4 --datacollectionport 55409 --telemetryoptedin false'
TpTrace Verbose: 0 : 12348, 5, 2025/02/26, 13:18:07.380, 7910187910332, vstest.console.dll, MulticastDelegateUtilities.SafeInvoke: HostProviderEvents.OnHostLaunched: Invoking callback 1/2 for Microsoft.VisualStudio.TestPlatform.CrossPlatEngine.Client.ProxyExecutionManagerWithDataCollection., took 2 ms.
TpTrace Verbose: 0 : 12348, 5, 2025/02/26, 13:18:07.381, 7910187920577, vstest.console.dll, Test Runtime launched
TpTrace Verbose: 0 : 12348, 5, 2025/02/26, 13:18:07.381, 7910187922556, vstest.console.dll, MulticastDelegateUtilities.SafeInvoke: HostProviderEvents.OnHostLaunched: Invoking callback 2/2 for Microsoft.VisualStudio.TestPlatform.CrossPlatEngine.Client.ProxyOperationManager., took 0 ms.
TpTrace Verbose: 0 : 12348, 5, 2025/02/26, 13:18:07.382, 7910187924766, vstest.console.dll, TestRequestSender.WaitForRequestHandlerConnection: waiting for connection with timeout: 90000.
TpTrace Verbose: 0 : 12348, 14, 2025/02/26, 13:18:07.654, 7910190652012, vstest.console.dll, MulticastDelegateUtilities.SafeInvoke: SocketServer: ClientConnected: Invoking callback 1/1 for Microsoft.VisualStudio.TestPlatform.CommunicationUtilities.TestRequestSender., took 0 ms.
TpTrace Verbose: 0 : 12348, 5, 2025/02/26, 13:18:07.654, 7910190652011, vstest.console.dll, TestRequestSender.WaitForRequestHandlerConnection: waiting took 272 ms, with timeout 90000 ms, and result 0, which is success.
TpTrace Verbose: 0 : 12348, 14, 2025/02/26, 13:18:07.655, 7910190655922, vstest.console.dll, SocketServer.OnClientConnected: Client connected for endPoint: 127.0.0.1:55410, starting MessageLoopAsync:
TpTrace Verbose: 0 : 12348, 15, 2025/02/26, 13:18:07.656, 7910190669200, vstest.console.dll, TcpClientExtensions.MessageLoopAsync: Polling on remoteEndPoint: 127.0.0.1:55411 localEndPoint: 127.0.0.1:55410 after 0 ms
TpTrace Verbose: 0 : 12348, 5, 2025/02/26, 13:18:07.657, 7910190677186, vstest.console.dll, TestRequestSender.CheckVersionWithTestHost: Sending check version message: {"MessageType":"ProtocolVersion","Payload":7}
TpTrace Verbose: 0 : 12348, 15, 2025/02/26, 13:18:07.812, 7910192223076, vstest.console.dll, TcpClientExtensions.MessageLoopAsync: NotifyDataAvailable remoteEndPoint: 127.0.0.1:55411 localEndPoint: 127.0.0.1:55410
TpTrace Verbose: 0 : 12348, 15, 2025/02/26, 13:18:07.812, 7910192227691, vstest.console.dll, TestRequestSender.CheckVersionWithTestHost: onMessageReceived received message: (ProtocolVersion) -> {"MessageType":"ProtocolVersion","Payload":7}
TpTrace Verbose: 0 : 12348, 15, 2025/02/26, 13:18:07.813, 7910192239194, vstest.console.dll, MulticastDelegateUtilities.SafeInvoke: LengthPrefixCommunicationChannel: MessageReceived: Invoking callback 1/1 for Microsoft.VisualStudio.TestPlatform.CommunicationUtilities.TestRequestSender+<>c__DisplayClass29_0., took 1 ms.
TpTrace Verbose: 0 : 12348, 5, 2025/02/26, 13:18:07.813, 7910192240567, vstest.console.dll, TestPluginCache.GetExtensionPaths: Filtered extension paths: 
TpTrace Verbose: 0 : 12348, 15, 2025/02/26, 13:18:07.814, 7910192243271, vstest.console.dll, TcpClientExtensions.MessageLoopAsync: Polling on remoteEndPoint: 127.0.0.1:55411 localEndPoint: 127.0.0.1:55410 after 157 ms
TpTrace Verbose: 0 : 12348, 5, 2025/02/26, 13:18:07.814, 7910192243990, vstest.console.dll, TestPluginCache.GetExtensionPaths: Added default extension paths: C:\Program Files\dotnet\sdk\8.0.403\Extensions\Microsoft.Diagnostics.NETCore.Client.dll
C:\Program Files\dotnet\sdk\8.0.403\Extensions\Microsoft.TestPlatform.Extensions.BlameDataCollector.dll
C:\Program Files\dotnet\sdk\8.0.403\Extensions\Microsoft.TestPlatform.Extensions.EventLogCollector.dll
C:\Program Files\dotnet\sdk\8.0.403\Extensions\Microsoft.TestPlatform.TestHostRuntimeProvider.dll
C:\Program Files\dotnet\sdk\8.0.403\Extensions\Microsoft.VisualStudio.TestPlatform.Extensions.Html.TestLogger.dll
C:\Program Files\dotnet\sdk\8.0.403\Extensions\Microsoft.VisualStudio.TestPlatform.Extensions.Trx.TestLogger.dll
TpTrace Verbose: 0 : 12348, 5, 2025/02/26, 13:18:07.814, 7910192244534, vstest.console.dll, TestPluginCache.GetExtensionPaths: Added unfilterableExtensionPaths: 
TpTrace Verbose: 0 : 12348, 5, 2025/02/26, 13:18:07.818, 7910192285930, vstest.console.dll, TestRequestSender.InitializeExecution: Sending initialize execution with message: {"Version":7,"MessageType":"TestExecution.Initialize","Payload":["C:\\Users\\Fenix\\Desktop\\GitHub\\SoftUni\\EventHubAsp\\EventHubASP\\EventHubASP.Tests\\bin\\Debug\\net8.0\\fine-code-coverage\\build-output\\NUnit3.TestAdapter.dll"]}
TpTrace Verbose: 0 : 12348, 5, 2025/02/26, 13:18:07.818, 7910192289784, vstest.console.dll, ParallelProxyExecutionManager.StartTestRunOnConcurrentManager: Execution starting. Started clients: 1
TpTrace Verbose: 0 : 12348, 5, 2025/02/26, 13:18:07.819, 7910192298379, vstest.console.dll, TestRunRequest:SendTestRunMessage: Starting.
TpTrace Verbose: 0 : 12348, 5, 2025/02/26, 13:18:07.819, 7910192300713, vstest.console.dll, MulticastDelegateUtilities.SafeInvoke: TestRun.LogMessages: Invoking callback 1/1 for Microsoft.VisualStudio.TestPlatform.CommandLine.TestRunResultAggregator., took 0 ms.
TpTrace Information: 0 : 12348, 5, 2025/02/26, 13:18:07.819, 7910192301090, vstest.console.dll, TestRunRequest:SendTestRunMessage: Completed.
TpTrace Verbose: 0 : 12348, 15, 2025/02/26, 13:18:07.820, 7910192303406, vstest.console.dll, TcpClientExtensions.MessageLoopAsync: NotifyDataAvailable remoteEndPoint: 127.0.0.1:55411 localEndPoint: 127.0.0.1:55410
TpTrace Verbose: 0 : 12348, 4, 2025/02/26, 13:18:07.820, 7910192303408, vstest.console.dll, MulticastDelegateUtilities.SafeInvoke: InternalTestLoggerEvents.SendTestRunMessage: Invoking callback 1/1 for Microsoft.VisualStudio.TestPlatform.CommandLine.Internal.ConsoleLogger., took 0 ms.
TpTrace Warning: 0 : 12348, 5, 2025/02/26, 13:18:07.820, 7910192308602, vstest.console.dll, InferRunSettingsHelper.MakeRunsettingsCompatible: Removing the following settings: TargetPlatform from RunSettings file. To use those settings please move to latest version of Microsoft.NET.Test.Sdk
TpTrace Verbose: 0 : 12348, 15, 2025/02/26, 13:18:07.821, 7910192319563, vstest.console.dll, TestRequestSender.OnExecutionMessageReceived: Received message: {"Version":7,"MessageType":"TestSession.Message","Payload":{"MessageLevel":0,"Message":"Logging TestHost Diagnostics in file: C:\\Users\\Fenix\\Desktop\\GitHub\\SoftUni\\EventHubAsp\\EventHubASP\\EventHubASP.Tests\\bin\\Debug\\net8.0\\fine-code-coverage\\coverage-tool-output\\diagnostics.host.25-02-26_13-18-07_36442_5.log"}}
TpTrace Verbose: 0 : 12348, 15, 2025/02/26, 13:18:07.825, 7910192355559, vstest.console.dll, TestRunRequest:SendTestRunMessage: Starting.
TpTrace Verbose: 0 : 12348, 15, 2025/02/26, 13:18:07.825, 7910192357998, vstest.console.dll, MulticastDelegateUtilities.SafeInvoke: TestRun.LogMessages: Invoking callback 1/1 for Microsoft.VisualStudio.TestPlatform.CommandLine.TestRunResultAggregator., took 0 ms.
TpTrace Information: 0 : 12348, 15, 2025/02/26, 13:18:07.825, 7910192358534, vstest.console.dll, TestRunRequest:SendTestRunMessage: Completed.
TpTrace Verbose: 0 : 12348, 4, 2025/02/26, 13:18:07.825, 7910192358428, vstest.console.dll, MulticastDelegateUtilities.SafeInvoke: InternalTestLoggerEvents.SendTestRunMessage: Invoking callback 1/1 for Microsoft.VisualStudio.TestPlatform.CommandLine.Internal.ConsoleLogger., took 0 ms.
TpTrace Verbose: 0 : 12348, 15, 2025/02/26, 13:18:07.825, 7910192358996, vstest.console.dll, MulticastDelegateUtilities.SafeInvoke: LengthPrefixCommunicationChannel: MessageReceived: Invoking callback 1/1 for Microsoft.VisualStudio.TestPlatform.CommunicationUtilities.TestRequestSender+<>c__DisplayClass34_0., took 4 ms.
TpTrace Verbose: 0 : 12348, 15, 2025/02/26, 13:18:07.825, 7910192360593, vstest.console.dll, TcpClientExtensions.MessageLoopAsync: Polling on remoteEndPoint: 127.0.0.1:55411 localEndPoint: 127.0.0.1:55410 after 11 ms
TpTrace Verbose: 0 : 12348, 5, 2025/02/26, 13:18:07.829, 7910192395260, vstest.console.dll, TestRequestSender.StartTestRun: Sending test run with message: {"Version":7,"MessageType":"TestExecution.StartWithSources","Payload":{"AdapterSourceMap":{"_none_":["C:\\Users\\Fenix\\Desktop\\GitHub\\SoftUni\\EventHubAsp\\EventHubASP\\EventHubASP.Tests\\bin\\Debug\\net8.0\\fine-code-coverage\\build-output\\EventHubASP.Tests.dll"]},"RunSettings":"<RunSettings>\r\n  <RunConfiguration>\r\n    <ResultsDirectory>C:\\Users\\Fenix\\Desktop\\GitHub\\SoftUni\\EventHubAsp\\EventHubASP\\EventHubASP.Tests\\bin\\Debug\\net8.0\\fine-code-coverage\\coverage-tool-output</ResultsDirectory>\r\n    <TargetFrameworkVersion>.NETCoreApp,Version=v8.0</TargetFrameworkVersion>\r\n    <DesignMode>False</DesignMode>\r\n    <CollectSourceInformation>False</CollectSourceInformation>\r\n  </RunConfiguration>\r\n  <LoggerRunSettings>\r\n    <Loggers>\r\n      <Logger friendlyName=\"blame\" enabled=\"True\" />\r\n      <Logger friendlyName=\"Console\" uri=\"logger://microsoft/TestPlatform/ConsoleLogger/v1\" assemblyQualifiedName=\"Microsoft.VisualStudio.TestPlatform.CommandLine.Internal.ConsoleLogger, vstest.console, Version=15.0.0.0, Culture=neutral, PublicKeyToken=b03f5f7f11d50a3a\" codeBase=\"C:\\Program Files\\dotnet\\sdk\\8.0.403\\vstest.console.dll\" enabled=\"True\" />\r\n    </Loggers>\r\n  </LoggerRunSettings>\r\n  <DataCollectionRunSettings>\r\n    <DataCollectors>\r\n      <DataCollector friendlyName=\"blame\" enabled=\"True\">\r\n        <Configuration>\r\n          <ResultsDirectory>C:\\Users\\Fenix\\Desktop\\GitHub\\SoftUni\\EventHubAsp\\EventHubASP\\EventHubASP.Tests\\bin\\Debug\\net8.0\\fine-code-coverage\\coverage-tool-output</ResultsDirectory>\r\n        </Configuration>\r\n      </DataCollector>\r\n    </DataCollectors>\r\n  </DataCollectionRunSettings>\r\n</RunSettings>","TestExecutionContext":{"FrequencyOfRunStatsChangeEvent":10,"RunStatsChangeEventTimeout":"00:00:01.5000000","InIsolation":false,"KeepAlive":false,"AreTestCaseLevelEventsRequired":false,"IsDebug":false,"TestCaseFilter":null,"FilterOptions":null},"Package":null}}
TpTrace Verbose: 0 : 12348, 5, 2025/02/26, 13:18:07.829, 7910192397115, vstest.console.dll, ParallelProxyExecutionManager.StartTestRunOnConcurrentManager: Execution started. Started clients: 1
TpTrace Verbose: 0 : 12348, 15, 2025/02/26, 13:18:07.998, 7910194091985, vstest.console.dll, TcpClientExtensions.MessageLoopAsync: NotifyDataAvailable remoteEndPoint: 127.0.0.1:55411 localEndPoint: 127.0.0.1:55410
TpTrace Verbose: 0 : 12348, 15, 2025/02/26, 13:18:07.999, 7910194095706, vstest.console.dll, TestRequestSender.OnExecutionMessageReceived: Received message: {"Version":7,"MessageType":"TestSession.Message","Payload":{"MessageLevel":0,"Message":"NUnit Adapter 4.5.0.0: Test execution started"}}
TpTrace Verbose: 0 : 12348, 15, 2025/02/26, 13:18:07.999, 7910194101099, vstest.console.dll, TestRunRequest:SendTestRunMessage: Starting.
TpTrace Verbose: 0 : 12348, 15, 2025/02/26, 13:18:07.999, 7910194102248, vstest.console.dll, MulticastDelegateUtilities.SafeInvoke: TestRun.LogMessages: Invoking callback 1/1 for Microsoft.VisualStudio.TestPlatform.CommandLine.TestRunResultAggregator., took 0 ms.
TpTrace Verbose: 0 : 12348, 4, 2025/02/26, 13:18:07.999, 7910194102500, vstest.console.dll, MulticastDelegateUtilities.SafeInvoke: InternalTestLoggerEvents.SendTestRunMessage: Invoking callback 1/1 for Microsoft.VisualStudio.TestPlatform.CommandLine.Internal.ConsoleLogger., took 0 ms.
TpTrace Information: 0 : 12348, 15, 2025/02/26, 13:18:08.000, 7910194103835, vstest.console.dll, TestRunRequest:SendTestRunMessage: Completed.
TpTrace Verbose: 0 : 12348, 15, 2025/02/26, 13:18:08.000, 7910194104889, vstest.console.dll, MulticastDelegateUtilities.SafeInvoke: LengthPrefixCommunicationChannel: MessageReceived: Invoking callback 1/1 for Microsoft.VisualStudio.TestPlatform.CommunicationUtilities.TestRequestSender+<>c__DisplayClass34_0., took 0 ms.
TpTrace Verbose: 0 : 12348, 15, 2025/02/26, 13:18:08.000, 7910194105395, vstest.console.dll, TcpClientExtensions.MessageLoopAsync: Polling on remoteEndPoint: 127.0.0.1:55411 localEndPoint: 127.0.0.1:55410 after 174 ms
TpTrace Verbose: 0 : 12348, 15, 2025/02/26, 13:18:08.026, 7910194363980, vstest.console.dll, TcpClientExtensions.MessageLoopAsync: NotifyDataAvailable remoteEndPoint: 127.0.0.1:55411 localEndPoint: 127.0.0.1:55410
TpTrace Verbose: 0 : 12348, 15, 2025/02/26, 13:18:08.026, 7910194368767, vstest.console.dll, TestRequestSender.OnExecutionMessageReceived: Received message: {"Version":7,"MessageType":"TestSession.Message","Payload":{"MessageLevel":0,"Message":"Running all tests in C:\\Users\\Fenix\\Desktop\\GitHub\\SoftUni\\EventHubAsp\\EventHubASP\\EventHubASP.Tests\\bin\\Debug\\net8.0\\fine-code-coverage\\build-output\\EventHubASP.Tests.dll"}}
TpTrace Verbose: 0 : 12348, 15, 2025/02/26, 13:18:08.026, 7910194372004, vstest.console.dll, TestRunRequest:SendTestRunMessage: Starting.
TpTrace Verbose: 0 : 12348, 15, 2025/02/26, 13:18:08.027, 7910194373607, vstest.console.dll, MulticastDelegateUtilities.SafeInvoke: TestRun.LogMessages: Invoking callback 1/1 for Microsoft.VisualStudio.TestPlatform.CommandLine.TestRunResultAggregator., took 0 ms.
TpTrace Information: 0 : 12348, 15, 2025/02/26, 13:18:08.027, 7910194373892, vstest.console.dll, TestRunRequest:SendTestRunMessage: Completed.
TpTrace Verbose: 0 : 12348, 4, 2025/02/26, 13:18:08.027, 7910194374003, vstest.console.dll, MulticastDelegateUtilities.SafeInvoke: InternalTestLoggerEvents.SendTestRunMessage: Invoking callback 1/1 for Microsoft.VisualStudio.TestPlatform.CommandLine.Internal.ConsoleLogger., took 0 ms.
TpTrace Verbose: 0 : 12348, 15, 2025/02/26, 13:18:08.027, 7910194374150, vstest.console.dll, MulticastDelegateUtilities.SafeInvoke: LengthPrefixCommunicationChannel: MessageReceived: Invoking callback 1/1 for Microsoft.VisualStudio.TestPlatform.CommunicationUtilities.TestRequestSender+<>c__DisplayClass34_0., took 0 ms.
TpTrace Verbose: 0 : 12348, 15, 2025/02/26, 13:18:08.027, 7910194375228, vstest.console.dll, TcpClientExtensions.MessageLoopAsync: Polling on remoteEndPoint: 127.0.0.1:55411 localEndPoint: 127.0.0.1:55410 after 26 ms
TpTrace Verbose: 0 : 12348, 15, 2025/02/26, 13:18:08.184, 7910195950466, vstest.console.dll, TcpClientExtensions.MessageLoopAsync: NotifyDataAvailable remoteEndPoint: 127.0.0.1:55411 localEndPoint: 127.0.0.1:55410
TpTrace Verbose: 0 : 12348, 15, 2025/02/26, 13:18:08.185, 7910195955109, vstest.console.dll, TestRequestSender.OnExecutionMessageReceived: Received message: {"Version":7,"MessageType":"TestSession.Message","Payload":{"MessageLevel":0,"Message":"   NUnit3TestExecutor discovered 57 of 57 NUnit test cases using Current Discovery mode, Non-Explicit run"}}
TpTrace Verbose: 0 : 12348, 15, 2025/02/26, 13:18:08.185, 7910195957952, vstest.console.dll, TestRunRequest:SendTestRunMessage: Starting.
TpTrace Verbose: 0 : 12348, 15, 2025/02/26, 13:18:08.185, 7910195959021, vstest.console.dll, MulticastDelegateUtilities.SafeInvoke: TestRun.LogMessages: Invoking callback 1/1 for Microsoft.VisualStudio.TestPlatform.CommandLine.TestRunResultAggregator., took 0 ms.
TpTrace Information: 0 : 12348, 15, 2025/02/26, 13:18:08.185, 7910195959785, vstest.console.dll, TestRunRequest:SendTestRunMessage: Completed.
TpTrace Verbose: 0 : 12348, 15, 2025/02/26, 13:18:08.185, 7910195960231, vstest.console.dll, MulticastDelegateUtilities.SafeInvoke: LengthPrefixCommunicationChannel: MessageReceived: Invoking callback 1/1 for Microsoft.VisualStudio.TestPlatform.CommunicationUtilities.TestRequestSender+<>c__DisplayClass34_0., took 0 ms.
TpTrace Verbose: 0 : 12348, 4, 2025/02/26, 13:18:08.185, 7910195960263, vstest.console.dll, MulticastDelegateUtilities.SafeInvoke: InternalTestLoggerEvents.SendTestRunMessage: Invoking callback 1/1 for Microsoft.VisualStudio.TestPlatform.CommandLine.Internal.ConsoleLogger., took 0 ms.
TpTrace Verbose: 0 : 12348, 15, 2025/02/26, 13:18:08.185, 7910195960662, vstest.console.dll, TcpClientExtensions.MessageLoopAsync: Polling on remoteEndPoint: 127.0.0.1:55411 localEndPoint: 127.0.0.1:55410 after 158 ms
TpTrace Verbose: 0 : 12348, 15, 2025/02/26, 13:18:09.185, 7910205958384, vstest.console.dll, TcpClientExtensions.MessageLoopAsync: Polling on remoteEndPoint: 127.0.0.1:55411 localEndPoint: 127.0.0.1:55410 after 999 ms
TpTrace Verbose: 0 : 12348, 15, 2025/02/26, 13:18:09.445, 7910208554585, vstest.console.dll, TcpClientExtensions.MessageLoopAsync: NotifyDataAvailable remoteEndPoint: 127.0.0.1:55411 localEndPoint: 127.0.0.1:55410
TpTrace Verbose: 0 : 12348, 15, 2025/02/26, 13:18:09.445, 7910208559413, vstest.console.dll, TestRequestSender.OnExecutionMessageReceived: Received message: {"Version":7,"MessageType":"TestExecution.StatsChange","Payload":{"NewTestResults":[{"TestCase":{"Id":"ce73791a-1ec0-c1d1-848d-f05f0861fd77","FullyQualifiedName":"EventHubASP.Tests.Tests.EventServiceTests.CreateEventAsync_ShouldAddEvent","DisplayName":"CreateEventAsync_ShouldAddEvent","ExecutorUri":"executor://NUnit3TestExecutor","Source":"C:\\Users\\Fenix\\Desktop\\GitHub\\SoftUni\\EventHubAsp\\EventHubASP\\EventHubASP.Tests\\bin\\Debug\\net8.0\\fine-code-coverage\\build-output\\EventHubASP.Tests.dll","CodeFilePath":null,"LineNumber":0,"Properties":[{"Key":{"Id":"NUnit.Seed","Label":"Seed","Category":"","Description":"","Attributes":0,"ValueType":"System.String"},"Value":"1662062680"}]},"Attachments":[],"Outcome":1,"ErrorMessage":null,"ErrorStackTrace":null,"DisplayName":"CreateEventAsync_ShouldAddEvent","Messages":[],"ComputerName":"DESKTOP-OMT97JR","Duration":"00:00:00.7763740","StartTime":"2025-02-26T11:18:08.2135619+00:00","EndTime":"2025-02-26T11:18:08.9898711+00:00","Properties":[{"Key":{"Id":"NUnit.Seed","Label":"Seed","Category":"","Description":"","Attributes":0,"ValueType":"System.String"},"Value":"1662062680"}]},{"TestCase":{"Id":"22e8b332-7490-5ae0-0b55-1fdc6c4010a6","FullyQualifiedName":"EventHubASP.Tests.Tests.EventServiceTests.CreateEventAsync_ShouldSetDefaultImageUrl_WhenImageUrlIsNull","DisplayName":"CreateEventAsync_ShouldSetDefaultImageUrl_WhenImageUrlIsNull","ExecutorUri":"executor://NUnit3TestExecutor","Source":"C:\\Users\\Fenix\\Desktop\\GitHub\\SoftUni\\EventHubAsp\\EventHubASP\\EventHubASP.Tests\\bin\\Debug\\net8.0\\fine-code-coverage\\build-output\\EventHubASP.Tests.dll","CodeFilePath":null,"LineNumber":0,"Properties":[{"Key":{"Id":"NUnit.Seed","Label":"Seed","Category":"","Description":"","Attributes":0,"ValueType":"System.String"},"Value":"586600092"}]},"Attachments":[],"Outcome":1,"ErrorMessage":null,"ErrorStackTrace":null,"DisplayName":"CreateEventAsync_ShouldSetDefaultImageUrl_WhenImageUrlIsNull","Messages":[],"ComputerName":"DESKTOP-OMT97JR","Duration":"00:00:00.0364350","StartTime":"2025-02-26T11:18:08.9910848+00:00","EndTime":"2025-02-26T11:18:09.027519+00:00","Properties":[{"Key":{"Id":"NUnit.Seed","Label":"Seed","Category":"","Description":"","Attributes":0,"ValueType":"System.String"},"Value":"586600092"}]},{"TestCase":{"Id":"7cb24061-3de1-cf69-bfe6-329de81a8680","FullyQualifiedName":"EventHubASP.Tests.Tests.EventServiceTests.DeleteEventAsync_ShouldRemoveEvent","DisplayName":"DeleteEventAsync_ShouldRemoveEvent","ExecutorUri":"executor://NUnit3TestExecutor","Source":"C:\\Users\\Fenix\\Desktop\\GitHub\\SoftUni\\EventHubAsp\\EventHubASP\\EventHubASP.Tests\\bin\\Debug\\net8.0\\fine-code-coverage\\build-output\\EventHubASP.Tests.dll","CodeFilePath":null,"LineNumber":0,"Properties":[{"Key":{"Id":"NUnit.Seed","Label":"Seed","Category":"","Description":"","Attributes":0,"ValueType":"System.String"},"Value":"236333665"}]},"Attachments":[],"Outcome":1,"ErrorMessage":null,"ErrorStackTrace":null,"DisplayName":"DeleteEventAsync_ShouldRemoveEvent","Messages":[],"ComputerName":"DESKTOP-OMT97JR","Duration":"00:00:00.2349330","StartTime":"2025-02-26T11:18:09.0275742+00:00","EndTime":"2025-02-26T11:18:09.2625022+00:00","Properties":[{"Key":{"Id":"NUnit.Seed","Label":"Seed","Category":"","Description":"","Attributes":0,"ValueType":"System.String"},"Value":"236333665"}]},{"TestCase":{"Id":"030dcef9-80ad-e160-89ce-4d0e68a70990","FullyQualifiedName":"EventHubASP.Tests.Tests.EventServiceTests.DeleteEventAsync_ShouldReturnFalse_WhenEventNotFound","DisplayName":"DeleteEventAsync_ShouldReturnFalse_WhenEventNotFound","ExecutorUri":"executor://NUnit3TestExecutor","Source":"C:\\Users\\Fenix\\Desktop\\GitHub\\SoftUni\\EventHubAsp\\EventHubASP\\EventHubASP.Tests\\bin\\Debug\\net8.0\\fine-code-coverage\\build-output\\EventHubASP.Tests.dll","CodeFilePath":null,"LineNumber":0,"Properties":[{"Key":{"Id":"NUnit.Seed","Label":"Seed","Category":"","Description":"","Attributes":0,"ValueType":"System.String"},"Value":"540204700"}]},"Attachments":[],"Outcome":1,"ErrorMessage":null,"ErrorStackTrace":null,"DisplayName":"DeleteEventAsync_ShouldReturnFalse_WhenEventNotFound","Messages":[],"ComputerName":"DESKTOP-OMT97JR","Duration":"00:00:00.0079750","StartTime":"2025-02-26T11:18:09.2625605+00:00","EndTime":"2025-02-26T11:18:09.2705346+00:00","Properties":[{"Key":{"Id":"NUnit.Seed","Label":"Seed","Category":"","Description":"","Attributes":0,"ValueType":"System.String"},"Value":"540204700"}]},{"TestCase":{"Id":"909b49d9-90ac-cb4d-bfef-405e61478096","FullyQualifiedName":"EventHubASP.Tests.Tests.EventServiceTests.GetAllEventsAsync_ShouldReturnAllEvents","DisplayName":"GetAllEventsAsync_ShouldReturnAllEvents","ExecutorUri":"executor://NUnit3TestExecutor","Source":"C:\\Users\\Fenix\\Desktop\\GitHub\\SoftUni\\EventHubAsp\\EventHubASP\\EventHubASP.Tests\\bin\\Debug\\net8.0\\fine-code-coverage\\build-output\\EventHubASP.Tests.dll","CodeFilePath":null,"LineNumber":0,"Properties":[{"Key":{"Id":"NUnit.Seed","Label":"Seed","Category":"","Description":"","Attributes":0,"ValueType":"System.String"},"Value":"1505357135"}]},"Attachments":[],"Outcome":1,"ErrorMessage":null,"ErrorStackTrace":null,"DisplayName":"GetAllEventsAsync_ShouldReturnAllEvents","Messages":[],"ComputerName":"DESKTOP-OMT97JR","Duration":"00:00:00.0180430","StartTime":"2025-02-26T11:18:09.2705919+00:00","EndTime":"2025-02-26T11:18:09.2886338+00:00","Properties":[{"Key":{"Id":"NUnit.Seed","Label":"Seed","Category":"","Description":"","Attributes":0,"ValueType":"System.String"},"Value":"1505357135"}]},{"TestCase":{"Id":"de5c4336-a645-b3f1-748b-87ec542228f5","FullyQualifiedName":"EventHubASP.Tests.Tests.EventServiceTests.GetEventByIdAsync_ShouldReturnEvent","DisplayName":"GetEventByIdAsync_ShouldReturnEvent","ExecutorUri":"executor://NUnit3TestExecutor","Source":"C:\\Users\\Fenix\\Desktop\\GitHub\\SoftUni\\EventHubAsp\\EventHubASP\\EventHubASP.Tests\\bin\\Debug\\net8.0\\fine-code-coverage\\build-output\\EventHubASP.Tests.dll","CodeFilePath":null,"LineNumber":0,"Properties":[{"Key":{"Id":"NUnit.Seed","Label":"Seed","Category":"","Description":"","Attributes":0,"ValueType":"System.String"},"Value":"2099359208"}]},"Attachments":[],"Outcome":1,"ErrorMessage":null,"ErrorStackTrace":null,"DisplayName":"GetEventByIdAsync_ShouldReturnEvent","Messages":[],"ComputerName":"DESKTOP-OMT97JR","Duration":"00:00:00.0035340","StartTime":"2025-02-26T11:18:09.2886731+00:00","EndTime":"2025-02-26T11:18:09.2922067+00:00","Properties":[{"Key":{"Id":"NUnit.Seed","Label":"Seed","Category":"","Description":"","Attributes":0,"ValueType":"System.String"},"Value":"2099359208"}]}],"TestRunStatistics":{"ExecutedTests":6,"Stats":{"Passed":6}},"ActiveTests":[{"Id":"c8072af9-c400-ab51-6e08-cd58a644c8b7","FullyQualifiedName":"EventHubASP.Tests.Tests.EventServiceTests.GetEventParticipantsAsync_ShouldReturnParticipants","DisplayName":"GetEventParticipantsAsync_ShouldReturnParticipants","ExecutorUri":"executor://NUnit3TestExecutor","Source":"C:\\Users\\Fenix\\Desktop\\GitHub\\SoftUni\\EventHubAsp\\EventHubASP\\EventHubASP.Tests\\bin\\Debug\\net8.0\\fine-code-coverage\\build-output\\EventHubASP.Tests.dll","CodeFilePath":null,"LineNumber":0,"Properties":[{"Key":{"Id":"NUnit.Seed","Label":"Seed","Category":"","Description":"","Attributes":0,"ValueType":"System.String"},"Value":"276704033"}]}]}}
TpTrace Verbose: 0 : 12348, 15, 2025/02/26, 13:18:09.487, 7910208978879, vstest.console.dll, TestRunRequest:SendTestRunStatsChange: Starting.
TpTrace Verbose: 0 : 12348, 15, 2025/02/26, 13:18:09.487, 7910208982268, vstest.console.dll, InProgress is GetEventParticipantsAsync_ShouldReturnParticipants
TpTrace Verbose: 0 : 12348, 15, 2025/02/26, 13:18:09.488, 7910208986171, vstest.console.dll, MulticastDelegateUtilities.SafeInvoke: TestRun.RunStatsChanged: Invoking callbacks was skipped because there are no subscribers.
TpTrace Information: 0 : 12348, 15, 2025/02/26, 13:18:09.488, 7910208987180, vstest.console.dll, TestRunRequest:SendTestRunStatsChange: Completed.
TpTrace Verbose: 0 : 12348, 15, 2025/02/26, 13:18:09.488, 7910208988105, vstest.console.dll, MulticastDelegateUtilities.SafeInvoke: LengthPrefixCommunicationChannel: MessageReceived: Invoking callback 1/1 for Microsoft.VisualStudio.TestPlatform.CommunicationUtilities.TestRequestSender+<>c__DisplayClass34_0., took 42 ms.
TpTrace Verbose: 0 : 12348, 15, 2025/02/26, 13:18:09.488, 7910208989226, vstest.console.dll, TcpClientExtensions.MessageLoopAsync: Polling on remoteEndPoint: 127.0.0.1:55411 localEndPoint: 127.0.0.1:55410 after 302 ms
TpTrace Verbose: 0 : 12348, 4, 2025/02/26, 13:18:09.491, 7910209017401, vstest.console.dll, MulticastDelegateUtilities.SafeInvoke: InternalTestLoggerEvents.SendTestResult: Invoking callback 1/1 for Microsoft.VisualStudio.TestPlatform.CommandLine.Internal.ConsoleLogger., took 3 ms.
TpTrace Verbose: 0 : 12348, 4, 2025/02/26, 13:18:09.492, 7910209028237, vstest.console.dll, MulticastDelegateUtilities.SafeInvoke: InternalTestLoggerEvents.SendTestResult: Invoking callback 1/1 for Microsoft.VisualStudio.TestPlatform.CommandLine.Internal.ConsoleLogger., took 0 ms.
TpTrace Verbose: 0 : 12348, 4, 2025/02/26, 13:18:09.492, 7910209030281, vstest.console.dll, MulticastDelegateUtilities.SafeInvoke: InternalTestLoggerEvents.SendTestResult: Invoking callback 1/1 for Microsoft.VisualStudio.TestPlatform.CommandLine.Internal.ConsoleLogger., took 0 ms.
TpTrace Verbose: 0 : 12348, 4, 2025/02/26, 13:18:09.492, 7910209030693, vstest.console.dll, MulticastDelegateUtilities.SafeInvoke: InternalTestLoggerEvents.SendTestResult: Invoking callback 1/1 for Microsoft.VisualStudio.TestPlatform.CommandLine.Internal.ConsoleLogger., took 0 ms.
TpTrace Verbose: 0 : 12348, 4, 2025/02/26, 13:18:09.492, 7910209031017, vstest.console.dll, MulticastDelegateUtilities.SafeInvoke: InternalTestLoggerEvents.SendTestResult: Invoking callback 1/1 for Microsoft.VisualStudio.TestPlatform.CommandLine.Internal.ConsoleLogger., took 0 ms.
TpTrace Verbose: 0 : 12348, 4, 2025/02/26, 13:18:09.492, 7910209031401, vstest.console.dll, MulticastDelegateUtilities.SafeInvoke: InternalTestLoggerEvents.SendTestResult: Invoking callback 1/1 for Microsoft.VisualStudio.TestPlatform.CommandLine.Internal.ConsoleLogger., took 0 ms.
TpTrace Verbose: 0 : 12348, 15, 2025/02/26, 13:18:09.531, 7910209422477, vstest.console.dll, TcpClientExtensions.MessageLoopAsync: NotifyDataAvailable remoteEndPoint: 127.0.0.1:55411 localEndPoint: 127.0.0.1:55410
TpTrace Verbose: 0 : 12348, 15, 2025/02/26, 13:18:09.532, 7910209426560, vstest.console.dll, TestRequestSender.OnExecutionMessageReceived: Received message: {"Version":7,"MessageType":"TestExecution.StatsChange","Payload":{"NewTestResults":[{"TestCase":{"Id":"c8072af9-c400-ab51-6e08-cd58a644c8b7","FullyQualifiedName":"EventHubASP.Tests.Tests.EventServiceTests.GetEventParticipantsAsync_ShouldReturnParticipants","DisplayName":"GetEventParticipantsAsync_ShouldReturnParticipants","ExecutorUri":"executor://NUnit3TestExecutor","Source":"C:\\Users\\Fenix\\Desktop\\GitHub\\SoftUni\\EventHubAsp\\EventHubASP\\EventHubASP.Tests\\bin\\Debug\\net8.0\\fine-code-coverage\\build-output\\EventHubASP.Tests.dll","CodeFilePath":null,"LineNumber":0,"Properties":[{"Key":{"Id":"NUnit.Seed","Label":"Seed","Category":"","Description":"","Attributes":0,"ValueType":"System.String"},"Value":"276704033"}]},"Attachments":[],"Outcome":1,"ErrorMessage":null,"ErrorStackTrace":null,"DisplayName":"GetEventParticipantsAsync_ShouldReturnParticipants","Messages":[],"ComputerName":"DESKTOP-OMT97JR","Duration":"00:00:00.1520250","StartTime":"2025-02-26T11:18:09.2922548+00:00","EndTime":"2025-02-26T11:18:09.444277+00:00","Properties":[{"Key":{"Id":"NUnit.Seed","Label":"Seed","Category":"","Description":"","Attributes":0,"ValueType":"System.String"},"Value":"276704033"}]},{"TestCase":{"Id":"752a4817-bd99-dd55-b069-bf406278c16b","FullyQualifiedName":"EventHubASP.Tests.Tests.EventServiceTests.GetEventsByOrganizerAsync_ShouldReturnEventsForOrganizer","DisplayName":"GetEventsByOrganizerAsync_ShouldReturnEventsForOrganizer","ExecutorUri":"executor://NUnit3TestExecutor","Source":"C:\\Users\\Fenix\\Desktop\\GitHub\\SoftUni\\EventHubAsp\\EventHubASP\\EventHubASP.Tests\\bin\\Debug\\net8.0\\fine-code-coverage\\build-output\\EventHubASP.Tests.dll","CodeFilePath":null,"LineNumber":0,"Properties":[{"Key":{"Id":"NUnit.Seed","Label":"Seed","Category":"","Description":"","Attributes":0,"ValueType":"System.String"},"Value":"1104459959"}]},"Attachments":[],"Outcome":1,"ErrorMessage":null,"ErrorStackTrace":null,"DisplayName":"GetEventsByOrganizerAsync_ShouldReturnEventsForOrganizer","Messages":[],"ComputerName":"DESKTOP-OMT97JR","Duration":"00:00:00.0105490","StartTime":"2025-02-26T11:18:09.4443287+00:00","EndTime":"2025-02-26T11:18:09.4548756+00:00","Properties":[{"Key":{"Id":"NUnit.Seed","Label":"Seed","Category":"","Description":"","Attributes":0,"ValueType":"System.String"},"Value":"1104459959"}]},{"TestCase":{"Id":"a484944b-6c95-891c-0cef-fd0079bc5020","FullyQualifiedName":"EventHubASP.Tests.Tests.EventServiceTests.GetUserSubscriptionsAsync_ShouldReturnUserSubscriptions","DisplayName":"GetUserSubscriptionsAsync_ShouldReturnUserSubscriptions","ExecutorUri":"executor://NUnit3TestExecutor","Source":"C:\\Users\\Fenix\\Desktop\\GitHub\\SoftUni\\EventHubAsp\\EventHubASP\\EventHubASP.Tests\\bin\\Debug\\net8.0\\fine-code-coverage\\build-output\\EventHubASP.Tests.dll","CodeFilePath":null,"LineNumber":0,"Properties":[{"Key":{"Id":"NUnit.Seed","Label":"Seed","Category":"","Description":"","Attributes":0,"ValueType":"System.String"},"Value":"2075210088"}]},"Attachments":[],"Outcome":1,"ErrorMessage":null,"ErrorStackTrace":null,"DisplayName":"GetUserSubscriptionsAsync_ShouldReturnUserSubscriptions","Messages":[],"ComputerName":"DESKTOP-OMT97JR","Duration":"00:00:00.0276610","StartTime":"2025-02-26T11:18:09.4549886+00:00","EndTime":"2025-02-26T11:18:09.4826491+00:00","Properties":[{"Key":{"Id":"NUnit.Seed","Label":"Seed","Category":"","Description":"","Attributes":0,"ValueType":"System.String"},"Value":"2075210088"}]},{"TestCase":{"Id":"0d643192-f154-663f-62f0-f703190e18cd","FullyQualifiedName":"EventHubASP.Tests.Tests.EventServiceTests.IsOrganizerOfEventAsync_ShouldReturnFalse_WhenNotOrganizer","DisplayName":"IsOrganizerOfEventAsync_ShouldReturnFalse_WhenNotOrganizer","ExecutorUri":"executor://NUnit3TestExecutor","Source":"C:\\Users\\Fenix\\Desktop\\GitHub\\SoftUni\\EventHubAsp\\EventHubASP\\EventHubASP.Tests\\bin\\Debug\\net8.0\\fine-code-coverage\\build-output\\EventHubASP.Tests.dll","CodeFilePath":null,"LineNumber":0,"Properties":[{"Key":{"Id":"NUnit.Seed","Label":"Seed","Category":"","Description":"","Attributes":0,"ValueType":"System.String"},"Value":"131392244"}]},"Attachments":[],"Outcome":1,"ErrorMessage":null,"ErrorStackTrace":null,"DisplayName":"IsOrganizerOfEventAsync_ShouldReturnFalse_WhenNotOrganizer","Messages":[],"ComputerName":"DESKTOP-OMT97JR","Duration":"00:00:00.0143710","StartTime":"2025-02-26T11:18:09.4826868+00:00","EndTime":"2025-02-26T11:18:09.4970572+00:00","Properties":[{"Key":{"Id":"NUnit.Seed","Label":"Seed","Category":"","Description":"","Attributes":0,"ValueType":"System.String"},"Value":"131392244"}]},{"TestCase":{"Id":"b1d110ae-847c-fae4-8b54-155b6a213b70","FullyQualifiedName":"EventHubASP.Tests.Tests.EventServiceTests.IsOrganizerOfEventAsync_ShouldReturnTrueIfOrganizer","DisplayName":"IsOrganizerOfEventAsync_ShouldReturnTrueIfOrganizer","ExecutorUri":"executor://NUnit3TestExecutor","Source":"C:\\Users\\Fenix\\Desktop\\GitHub\\SoftUni\\EventHubAsp\\EventHubASP\\EventHubASP.Tests\\bin\\Debug\\net8.0\\fine-code-coverage\\build-output\\EventHubASP.Tests.dll","CodeFilePath":null,"LineNumber":0,"Properties":[{"Key":{"Id":"NUnit.Seed","Label":"Seed","Category":"","Description":"","Attributes":0,"ValueType":"System.String"},"Value":"1153272428"}]},"Attachments":[],"Outcome":1,"ErrorMessage":null,"ErrorStackTrace":null,"DisplayName":"IsOrganizerOfEventAsync_ShouldReturnTrueIfOrganizer","Messages":[],"ComputerName":"DESKTOP-OMT97JR","Duration":"00:00:00.0028100","StartTime":"2025-02-26T11:18:09.4970971+00:00","EndTime":"2025-02-26T11:18:09.4999068+00:00","Properties":[{"Key":{"Id":"NUnit.Seed","Label":"Seed","Category":"","Description":"","Attributes":0,"ValueType":"System.String"},"Value":"1153272428"}]},{"TestCase":{"Id":"4ced93ac-a477-0d26-2f13-07783336a53c","FullyQualifiedName":"EventHubASP.Tests.Tests.EventServiceTests.SubscribeToEventAsync_ShouldAddRegistration","DisplayName":"SubscribeToEventAsync_ShouldAddRegistration","ExecutorUri":"executor://NUnit3TestExecutor","Source":"C:\\Users\\Fenix\\Desktop\\GitHub\\SoftUni\\EventHubAsp\\EventHubASP\\EventHubASP.Tests\\bin\\Debug\\net8.0\\fine-code-coverage\\build-output\\EventHubASP.Tests.dll","CodeFilePath":null,"LineNumber":0,"Properties":[{"Key":{"Id":"NUnit.Seed","Label":"Seed","Category":"","Description":"","Attributes":0,"ValueType":"System.String"},"Value":"1500898703"}]},"Attachments":[],"Outcome":1,"ErrorMessage":null,"ErrorStackTrace":null,"DisplayName":"SubscribeToEventAsync_ShouldAddRegistration","Messages":[],"ComputerName":"DESKTOP-OMT97JR","Duration":"00:00:00.0167240","StartTime":"2025-02-26T11:18:09.4999384+00:00","EndTime":"2025-02-26T11:18:09.5166615+00:00","Properties":[{"Key":{"Id":"NUnit.Seed","Label":"Seed","Category":"","Description":"","Attributes":0,"ValueType":"System.String"},"Value":"1500898703"}]},{"TestCase":{"Id":"72a616f0-9ab2-dbcc-af68-1f387b01c538","FullyQualifiedName":"EventHubASP.Tests.Tests.EventServiceTests.SubscribeToEventAsync_ShouldReturnFalse_WhenAlreadySubscribed","DisplayName":"SubscribeToEventAsync_ShouldReturnFalse_WhenAlreadySubscribed","ExecutorUri":"executor://NUnit3TestExecutor","Source":"C:\\Users\\Fenix\\Desktop\\GitHub\\SoftUni\\EventHubAsp\\EventHubASP\\EventHubASP.Tests\\bin\\Debug\\net8.0\\fine-code-coverage\\build-output\\EventHubASP.Tests.dll","CodeFilePath":null,"LineNumber":0,"Properties":[{"Key":{"Id":"NUnit.Seed","Label":"Seed","Category":"","Description":"","Attributes":0,"ValueType":"System.String"},"Value":"1702483662"}]},"Attachments":[],"Outcome":1,"ErrorMessage":null,"ErrorStackTrace":null,"DisplayName":"SubscribeToEventAsync_ShouldReturnFalse_WhenAlreadySubscribed","Messages":[],"ComputerName":"DESKTOP-OMT97JR","Duration":"00:00:00.0034010","StartTime":"2025-02-26T11:18:09.5166944+00:00","EndTime":"2025-02-26T11:18:09.5200948+00:00","Properties":[{"Key":{"Id":"NUnit.Seed","Label":"Seed","Category":"","Description":"","Attributes":0,"ValueType":"System.String"},"Value":"1702483662"}]},{"TestCase":{"Id":"233ae575-3b3f-47bc-28c3-4a0b6334862a","FullyQualifiedName":"EventHubASP.Tests.Tests.EventServiceTests.UnsubscribeFromEventAsync_ShouldRemoveRegistration","DisplayName":"UnsubscribeFromEventAsync_ShouldRemoveRegistration","ExecutorUri":"executor://NUnit3TestExecutor","Source":"C:\\Users\\Fenix\\Desktop\\GitHub\\SoftUni\\EventHubAsp\\EventHubASP\\EventHubASP.Tests\\bin\\Debug\\net8.0\\fine-code-coverage\\build-output\\EventHubASP.Tests.dll","CodeFilePath":null,"LineNumber":0,"Properties":[{"Key":{"Id":"NUnit.Seed","Label":"Seed","Category":"","Description":"","Attributes":0,"ValueType":"System.String"},"Value":"1459184760"}]},"Attachments":[],"Outcome":1,"ErrorMessage":null,"ErrorStackTrace":null,"DisplayName":"UnsubscribeFromEventAsync_ShouldRemoveRegistration","Messages":[],"ComputerName":"DESKTOP-OMT97JR","Duration":"00:00:00.0043830","StartTime":"2025-02-26T11:18:09.5201231+00:00","EndTime":"2025-02-26T11:18:09.5245052+00:00","Properties":[{"Key":{"Id":"NUnit.Seed","Label":"Seed","Category":"","Description":"","Attributes":0,"ValueType":"System.String"},"Value":"1459184760"}]},{"TestCase":{"Id":"0042f525-cfb8-f1fc-0f51-7a3e3ef26189","FullyQualifiedName":"EventHubASP.Tests.Tests.EventServiceTests.UpdateEventAsync_ShouldReturnFalse_WhenEventNotFound","DisplayName":"UpdateEventAsync_ShouldReturnFalse_WhenEventNotFound","ExecutorUri":"executor://NUnit3TestExecutor","Source":"C:\\Users\\Fenix\\Desktop\\GitHub\\SoftUni\\EventHubAsp\\EventHubASP\\EventHubASP.Tests\\bin\\Debug\\net8.0\\fine-code-coverage\\build-output\\EventHubASP.Tests.dll","CodeFilePath":null,"LineNumber":0,"Properties":[{"Key":{"Id":"NUnit.Seed","Label":"Seed","Category":"","Description":"","Attributes":0,"ValueType":"System.String"},"Value":"1339190204"}]},"Attachments":[],"Outcome":1,"ErrorMessage":null,"ErrorStackTrace":null,"DisplayName":"UpdateEventAsync_ShouldReturnFalse_WhenEventNotFound","Messages":[],"ComputerName":"DESKTOP-OMT97JR","Duration":"00:00:00.0025290","StartTime":"2025-02-26T11:18:09.5245426+00:00","EndTime":"2025-02-26T11:18:09.5270718+00:00","Properties":[{"Key":{"Id":"NUnit.Seed","Label":"Seed","Category":"","Description":"","Attributes":0,"ValueType":"System.String"},"Value":"1339190204"}]}],"TestRunStatistics":{"ExecutedTests":15,"Stats":{"Passed":15}},"ActiveTests":[{"Id":"46bc3cc5-1422-1e91-d82e-dcd00c3c2895","FullyQualifiedName":"EventHubASP.Tests.Tests.EventServiceTests.UpdateEventAsync_ShouldReturnFalse_WhenOrganizerMismatch","DisplayName":"UpdateEventAsync_ShouldReturnFalse_WhenOrganizerMismatch","ExecutorUri":"executor://NUnit3TestExecutor","Source":"C:\\Users\\Fenix\\Desktop\\GitHub\\SoftUni\\EventHubAsp\\EventHubASP\\EventHubASP.Tests\\bin\\Debug\\net8.0\\fine-code-coverage\\build-output\\EventHubASP.Tests.dll","CodeFilePath":null,"LineNumber":0,"Properties":[{"Key":{"Id":"NUnit.Seed","Label":"Seed","Category":"","Description":"","Attributes":0,"ValueType":"System.String"},"Value":"215357978"}]}]}}
TpTrace Verbose: 0 : 12348, 15, 2025/02/26, 13:18:09.535, 7910209456109, vstest.console.dll, TestRunRequest:SendTestRunStatsChange: Starting.
TpTrace Verbose: 0 : 12348, 15, 2025/02/26, 13:18:09.535, 7910209457550, vstest.console.dll, InProgress is UpdateEventAsync_ShouldReturnFalse_WhenOrganizerMismatch
TpTrace Verbose: 0 : 12348, 15, 2025/02/26, 13:18:09.535, 7910209458374, vstest.console.dll, MulticastDelegateUtilities.SafeInvoke: TestRun.RunStatsChanged: Invoking callbacks was skipped because there are no subscribers.
TpTrace Information: 0 : 12348, 15, 2025/02/26, 13:18:09.535, 7910209458598, vstest.console.dll, TestRunRequest:SendTestRunStatsChange: Completed.
TpTrace Verbose: 0 : 12348, 15, 2025/02/26, 13:18:09.535, 7910209458844, vstest.console.dll, MulticastDelegateUtilities.SafeInvoke: LengthPrefixCommunicationChannel: MessageReceived: Invoking callback 1/1 for Microsoft.VisualStudio.TestPlatform.CommunicationUtilities.TestRequestSender+<>c__DisplayClass34_0., took 3 ms.
TpTrace Verbose: 0 : 12348, 15, 2025/02/26, 13:18:09.535, 7910209459243, vstest.console.dll, TcpClientExtensions.MessageLoopAsync: Polling on remoteEndPoint: 127.0.0.1:55411 localEndPoint: 127.0.0.1:55410 after 46 ms
TpTrace Verbose: 0 : 12348, 4, 2025/02/26, 13:18:09.535, 7910209459628, vstest.console.dll, MulticastDelegateUtilities.SafeInvoke: InternalTestLoggerEvents.SendTestResult: Invoking callback 1/1 for Microsoft.VisualStudio.TestPlatform.CommandLine.Internal.ConsoleLogger., took 0 ms.
TpTrace Verbose: 0 : 12348, 4, 2025/02/26, 13:18:09.535, 7910209460481, vstest.console.dll, MulticastDelegateUtilities.SafeInvoke: InternalTestLoggerEvents.SendTestResult: Invoking callback 1/1 for Microsoft.VisualStudio.TestPlatform.CommandLine.Internal.ConsoleLogger., took 0 ms.
TpTrace Verbose: 0 : 12348, 4, 2025/02/26, 13:18:09.535, 7910209460824, vstest.console.dll, MulticastDelegateUtilities.SafeInvoke: InternalTestLoggerEvents.SendTestResult: Invoking callback 1/1 for Microsoft.VisualStudio.TestPlatform.CommandLine.Internal.ConsoleLogger., took 0 ms.
TpTrace Verbose: 0 : 12348, 4, 2025/02/26, 13:18:09.537, 7910209473950, vstest.console.dll, MulticastDelegateUtilities.SafeInvoke: InternalTestLoggerEvents.SendTestResult: Invoking callback 1/1 for Microsoft.VisualStudio.TestPlatform.CommandLine.Internal.ConsoleLogger., took 1 ms.
TpTrace Verbose: 0 : 12348, 4, 2025/02/26, 13:18:09.537, 7910209477251, vstest.console.dll, MulticastDelegateUtilities.SafeInvoke: InternalTestLoggerEvents.SendTestResult: Invoking callback 1/1 for Microsoft.VisualStudio.TestPlatform.CommandLine.Internal.ConsoleLogger., took 0 ms.
TpTrace Verbose: 0 : 12348, 4, 2025/02/26, 13:18:09.537, 7910209477671, vstest.console.dll, MulticastDelegateUtilities.SafeInvoke: InternalTestLoggerEvents.SendTestResult: Invoking callback 1/1 for Microsoft.VisualStudio.TestPlatform.CommandLine.Internal.ConsoleLogger., took 0 ms.
TpTrace Verbose: 0 : 12348, 4, 2025/02/26, 13:18:09.537, 7910209478225, vstest.console.dll, MulticastDelegateUtilities.SafeInvoke: InternalTestLoggerEvents.SendTestResult: Invoking callback 1/1 for Microsoft.VisualStudio.TestPlatform.CommandLine.Internal.ConsoleLogger., took 0 ms.
TpTrace Verbose: 0 : 12348, 4, 2025/02/26, 13:18:09.537, 7910209479505, vstest.console.dll, MulticastDelegateUtilities.SafeInvoke: InternalTestLoggerEvents.SendTestResult: Invoking callback 1/1 for Microsoft.VisualStudio.TestPlatform.CommandLine.Internal.ConsoleLogger., took 0 ms.
TpTrace Verbose: 0 : 12348, 4, 2025/02/26, 13:18:09.537, 7910209479850, vstest.console.dll, MulticastDelegateUtilities.SafeInvoke: InternalTestLoggerEvents.SendTestResult: Invoking callback 1/1 for Microsoft.VisualStudio.TestPlatform.CommandLine.Internal.ConsoleLogger., took 0 ms.
TpTrace Verbose: 0 : 12348, 15, 2025/02/26, 13:18:09.781, 7910211918675, vstest.console.dll, TcpClientExtensions.MessageLoopAsync: NotifyDataAvailable remoteEndPoint: 127.0.0.1:55411 localEndPoint: 127.0.0.1:55410
TpTrace Verbose: 0 : 12348, 15, 2025/02/26, 13:18:09.782, 7910211923141, vstest.console.dll, TestRequestSender.OnExecutionMessageReceived: Received message: {"Version":7,"MessageType":"TestExecution.StatsChange","Payload":{"NewTestResults":[{"TestCase":{"Id":"46bc3cc5-1422-1e91-d82e-dcd00c3c2895","FullyQualifiedName":"EventHubASP.Tests.Tests.EventServiceTests.UpdateEventAsync_ShouldReturnFalse_WhenOrganizerMismatch","DisplayName":"UpdateEventAsync_ShouldReturnFalse_WhenOrganizerMismatch","ExecutorUri":"executor://NUnit3TestExecutor","Source":"C:\\Users\\Fenix\\Desktop\\GitHub\\SoftUni\\EventHubAsp\\EventHubASP\\EventHubASP.Tests\\bin\\Debug\\net8.0\\fine-code-coverage\\build-output\\EventHubASP.Tests.dll","CodeFilePath":null,"LineNumber":0,"Properties":[{"Key":{"Id":"NUnit.Seed","Label":"Seed","Category":"","Description":"","Attributes":0,"ValueType":"System.String"},"Value":"215357978"}]},"Attachments":[],"Outcome":1,"ErrorMessage":null,"ErrorStackTrace":null,"DisplayName":"UpdateEventAsync_ShouldReturnFalse_WhenOrganizerMismatch","Messages":[],"ComputerName":"DESKTOP-OMT97JR","Duration":"00:00:00.0018610","StartTime":"2025-02-26T11:18:09.5270975+00:00","EndTime":"2025-02-26T11:18:09.5289586+00:00","Properties":[{"Key":{"Id":"NUnit.Seed","Label":"Seed","Category":"","Description":"","Attributes":0,"ValueType":"System.String"},"Value":"215357978"}]},{"TestCase":{"Id":"1a17cada-c0e8-ca29-8c97-ab8e56a0e950","FullyQualifiedName":"EventHubASP.Tests.Tests.EventServiceTests.UpdateEventAsync_ShouldUpdateEvent","DisplayName":"UpdateEventAsync_ShouldUpdateEvent","ExecutorUri":"executor://NUnit3TestExecutor","Source":"C:\\Users\\Fenix\\Desktop\\GitHub\\SoftUni\\EventHubAsp\\EventHubASP\\EventHubASP.Tests\\bin\\Debug\\net8.0\\fine-code-coverage\\build-output\\EventHubASP.Tests.dll","CodeFilePath":null,"LineNumber":0,"Properties":[{"Key":{"Id":"NUnit.Seed","Label":"Seed","Category":"","Description":"","Attributes":0,"ValueType":"System.String"},"Value":"1806817048"}]},"Attachments":[],"Outcome":1,"ErrorMessage":null,"ErrorStackTrace":null,"DisplayName":"UpdateEventAsync_ShouldUpdateEvent","Messages":[],"ComputerName":"DESKTOP-OMT97JR","Duration":"00:00:00.0030880","StartTime":"2025-02-26T11:18:09.5289964+00:00","EndTime":"2025-02-26T11:18:09.5320842+00:00","Properties":[{"Key":{"Id":"NUnit.Seed","Label":"Seed","Category":"","Description":"","Attributes":0,"ValueType":"System.String"},"Value":"1806817048"}]},{"TestCase":{"Id":"916e58d3-ed08-b053-023b-cc5fe71a35e7","FullyQualifiedName":"EventHubASP.Tests.Tests.FeedbackServiceTests.GetAllFeedbackAsync_ShouldReturnAllFeedbacksInDescendingOrderBySubmittedDate","DisplayName":"GetAllFeedbackAsync_ShouldReturnAllFeedbacksInDescendingOrderBySubmittedDate","ExecutorUri":"executor://NUnit3TestExecutor","Source":"C:\\Users\\Fenix\\Desktop\\GitHub\\SoftUni\\EventHubAsp\\EventHubASP\\EventHubASP.Tests\\bin\\Debug\\net8.0\\fine-code-coverage\\build-output\\EventHubASP.Tests.dll","CodeFilePath":null,"LineNumber":0,"Properties":[{"Key":{"Id":"NUnit.Seed","Label":"Seed","Category":"","Description":"","Attributes":0,"ValueType":"System.String"},"Value":"2136091383"}]},"Attachments":[],"Outcome":1,"ErrorMessage":null,"ErrorStackTrace":null,"DisplayName":"GetAllFeedbackAsync_ShouldReturnAllFeedbacksInDescendingOrderBySubmittedDate","Messages":[],"ComputerName":"DESKTOP-OMT97JR","Duration":"00:00:00.0251270","StartTime":"2025-02-26T11:18:09.5349463+00:00","EndTime":"2025-02-26T11:18:09.5600727+00:00","Properties":[{"Key":{"Id":"NUnit.Seed","Label":"Seed","Category":"","Description":"","Attributes":0,"ValueType":"System.String"},"Value":"2136091383"}]},{"TestCase":{"Id":"35babdf9-e68d-62d1-2ba0-8dda77fe39d7","FullyQualifiedName":"EventHubASP.Tests.Tests.FeedbackServiceTests.GetAllFeedbackAsync_ShouldReturnEmptyList_WhenNoFeedbackExists","DisplayName":"GetAllFeedbackAsync_ShouldReturnEmptyList_WhenNoFeedbackExists","ExecutorUri":"executor://NUnit3TestExecutor","Source":"C:\\Users\\Fenix\\Desktop\\GitHub\\SoftUni\\EventHubAsp\\EventHubASP\\EventHubASP.Tests\\bin\\Debug\\net8.0\\fine-code-coverage\\build-output\\EventHubASP.Tests.dll","CodeFilePath":null,"LineNumber":0,"Properties":[{"Key":{"Id":"NUnit.Seed","Label":"Seed","Category":"","Description":"","Attributes":0,"ValueType":"System.String"},"Value":"1626037537"}]},"Attachments":[],"Outcome":1,"ErrorMessage":null,"ErrorStackTrace":null,"DisplayName":"GetAllFeedbackAsync_ShouldReturnEmptyList_WhenNoFeedbackExists","Messages":[],"ComputerName":"DESKTOP-OMT97JR","Duration":"00:00:00.0027180","StartTime":"2025-02-26T11:18:09.5601015+00:00","EndTime":"2025-02-26T11:18:09.5628192+00:00","Properties":[{"Key":{"Id":"NUnit.Seed","Label":"Seed","Category":"","Description":"","Attributes":0,"ValueType":"System.String"},"Value":"1626037537"}]},{"TestCase":{"Id":"10b9b117-e88e-9a85-9526-d9c5d4692f25","FullyQualifiedName":"EventHubASP.Tests.Tests.FeedbackServiceTests.GetAllFeedbackAsync_ShouldReturnSingleFeedback_WhenOnlyOneExists","DisplayName":"GetAllFeedbackAsync_ShouldReturnSingleFeedback_WhenOnlyOneExists","ExecutorUri":"executor://NUnit3TestExecutor","Source":"C:\\Users\\Fenix\\Desktop\\GitHub\\SoftUni\\EventHubAsp\\EventHubASP\\EventHubASP.Tests\\bin\\Debug\\net8.0\\fine-code-coverage\\build-output\\EventHubASP.Tests.dll","CodeFilePath":null,"LineNumber":0,"Properties":[{"Key":{"Id":"NUnit.Seed","Label":"Seed","Category":"","Description":"","Attributes":0,"ValueType":"System.String"},"Value":"1286418101"}]},"Attachments":[],"Outcome":1,"ErrorMessage":null,"ErrorStackTrace":null,"DisplayName":"GetAllFeedbackAsync_ShouldReturnSingleFeedback_WhenOnlyOneExists","Messages":[],"ComputerName":"DESKTOP-OMT97JR","Duration":"00:00:00.0022920","StartTime":"2025-02-26T11:18:09.5628503+00:00","EndTime":"2025-02-26T11:18:09.5651423+00:00","Properties":[{"Key":{"Id":"NUnit.Seed","Label":"Seed","Category":"","Description":"","Attributes":0,"ValueType":"System.String"},"Value":"1286418101"}]},{"TestCase":{"Id":"d258f47d-73a4-def8-3889-de5393af66bd","FullyQualifiedName":"EventHubASP.Tests.Tests.FeedbackServiceTests.SubmitFeedbackAsync_ShouldAddFeedbackToDatabase","DisplayName":"SubmitFeedbackAsync_ShouldAddFeedbackToDatabase","ExecutorUri":"executor://NUnit3TestExecutor","Source":"C:\\Users\\Fenix\\Desktop\\GitHub\\SoftUni\\EventHubAsp\\EventHubASP\\EventHubASP.Tests\\bin\\Debug\\net8.0\\fine-code-coverage\\build-output\\EventHubASP.Tests.dll","CodeFilePath":null,"LineNumber":0,"Properties":[{"Key":{"Id":"NUnit.Seed","Label":"Seed","Category":"","Description":"","Attributes":0,"ValueType":"System.String"},"Value":"1467586478"}]},"Attachments":[],"Outcome":1,"ErrorMessage":null,"ErrorStackTrace":null,"DisplayName":"SubmitFeedbackAsync_ShouldAddFeedbackToDatabase","Messages":[],"ComputerName":"DESKTOP-OMT97JR","Duration":"00:00:00.0104670","StartTime":"2025-02-26T11:18:09.5651667+00:00","EndTime":"2025-02-26T11:18:09.5756333+00:00","Properties":[{"Key":{"Id":"NUnit.Seed","Label":"Seed","Category":"","Description":"","Attributes":0,"ValueType":"System.String"},"Value":"1467586478"}]},{"TestCase":{"Id":"ba081399-5d24-09c3-5ace-8af6b6c92d6e","FullyQualifiedName":"EventHubASP.Tests.Tests.FeedbackServiceTests.SubmitFeedbackAsync_ShouldPersistMultipleFeedbacks","DisplayName":"SubmitFeedbackAsync_ShouldPersistMultipleFeedbacks","ExecutorUri":"executor://NUnit3TestExecutor","Source":"C:\\Users\\Fenix\\Desktop\\GitHub\\SoftUni\\EventHubAsp\\EventHubASP\\EventHubASP.Tests\\bin\\Debug\\net8.0\\fine-code-coverage\\build-output\\EventHubASP.Tests.dll","CodeFilePath":null,"LineNumber":0,"Properties":[{"Key":{"Id":"NUnit.Seed","Label":"Seed","Category":"","Description":"","Attributes":0,"ValueType":"System.String"},"Value":"558095999"}]},"Attachments":[],"Outcome":1,"ErrorMessage":null,"ErrorStackTrace":null,"DisplayName":"SubmitFeedbackAsync_ShouldPersistMultipleFeedbacks","Messages":[],"ComputerName":"DESKTOP-OMT97JR","Duration":"00:00:00.0070950","StartTime":"2025-02-26T11:18:09.5756881+00:00","EndTime":"2025-02-26T11:18:09.5827824+00:00","Properties":[{"Key":{"Id":"NUnit.Seed","Label":"Seed","Category":"","Description":"","Attributes":0,"ValueType":"System.String"},"Value":"558095999"}]},{"TestCase":{"Id":"291f484b-690f-34cc-c32f-b20c4a8740f9","FullyQualifiedName":"EventHubASP.Tests.Tests.IdentitySeederTests.SeedRolesAndUsers_ShouldCreateUsers_WhenUsersDoNotExist","DisplayName":"SeedRolesAndUsers_ShouldCreateUsers_WhenUsersDoNotExist","ExecutorUri":"executor://NUnit3TestExecutor","Source":"C:\\Users\\Fenix\\Desktop\\GitHub\\SoftUni\\EventHubAsp\\EventHubASP\\EventHubASP.Tests\\bin\\Debug\\net8.0\\fine-code-coverage\\build-output\\EventHubASP.Tests.dll","CodeFilePath":null,"LineNumber":0,"Properties":[{"Key":{"Id":"NUnit.Seed","Label":"Seed","Category":"","Description":"","Attributes":0,"ValueType":"System.String"},"Value":"1818541625"}]},"Attachments":[],"Outcome":1,"ErrorMessage":null,"ErrorStackTrace":null,"DisplayName":"SeedRolesAndUsers_ShouldCreateUsers_WhenUsersDoNotExist","Messages":[],"ComputerName":"DESKTOP-OMT97JR","Duration":"00:00:00.1850680","StartTime":"2025-02-26T11:18:09.5882552+00:00","EndTime":"2025-02-26T11:18:09.7733197+00:00","Properties":[{"Key":{"Id":"NUnit.Seed","Label":"Seed","Category":"","Description":"","Attributes":0,"ValueType":"System.String"},"Value":"1818541625"}]},{"TestCase":{"Id":"8e97449d-7009-2713-b402-9076a15434f6","FullyQualifiedName":"EventHubASP.Tests.Tests.IdentitySeederTests.SeedRolesAndUsers_ShouldNotCreateUsers_WhenUsersAlreadyExist","DisplayName":"SeedRolesAndUsers_ShouldNotCreateUsers_WhenUsersAlreadyExist","ExecutorUri":"executor://NUnit3TestExecutor","Source":"C:\\Users\\Fenix\\Desktop\\GitHub\\SoftUni\\EventHubAsp\\EventHubASP\\EventHubASP.Tests\\bin\\Debug\\net8.0\\fine-code-coverage\\build-output\\EventHubASP.Tests.dll","CodeFilePath":null,"LineNumber":0,"Properties":[{"Key":{"Id":"NUnit.Seed","Label":"Seed","Category":"","Description":"","Attributes":0,"ValueType":"System.String"},"Value":"1297317754"}]},"Attachments":[],"Outcome":1,"ErrorMessage":null,"ErrorStackTrace":null,"DisplayName":"SeedRolesAndUsers_ShouldNotCreateUsers_WhenUsersAlreadyExist","Messages":[],"ComputerName":"DESKTOP-OMT97JR","Duration":"00:00:00.0038130","StartTime":"2025-02-26T11:18:09.7733648+00:00","EndTime":"2025-02-26T11:18:09.7771782+00:00","Properties":[{"Key":{"Id":"NUnit.Seed","Label":"Seed","Category":"","Description":"","Attributes":0,"ValueType":"System.String"},"Value":"1297317754"}]}],"TestRunStatistics":{"ExecutedTests":24,"Stats":{"Passed":24}},"ActiveTests":[{"Id":"c0465158-2fdc-2e27-3e74-1619d635fbff","FullyQualifiedName":"EventHubASP.Tests.Tests.NewsServiceTests.CreateNewsAsync_ShouldAddNewsAndNotifySubscribers","DisplayName":"CreateNewsAsync_ShouldAddNewsAndNotifySubscribers","ExecutorUri":"executor://NUnit3TestExecutor","Source":"C:\\Users\\Fenix\\Desktop\\GitHub\\SoftUni\\EventHubAsp\\EventHubASP\\EventHubASP.Tests\\bin\\Debug\\net8.0\\fine-code-coverage\\build-output\\EventHubASP.Tests.dll","CodeFilePath":null,"LineNumber":0,"Properties":[{"Key":{"Id":"NUnit.Seed","Label":"Seed","Category":"","Description":"","Attributes":0,"ValueType":"System.String"},"Value":"935714801"}]}]}}
TpTrace Verbose: 0 : 12348, 15, 2025/02/26, 13:18:09.784, 7910211949405, vstest.console.dll, TestRunRequest:SendTestRunStatsChange: Starting.
TpTrace Verbose: 0 : 12348, 15, 2025/02/26, 13:18:09.784, 7910211950892, vstest.console.dll, InProgress is CreateNewsAsync_ShouldAddNewsAndNotifySubscribers
TpTrace Verbose: 0 : 12348, 15, 2025/02/26, 13:18:09.784, 7910211951452, vstest.console.dll, MulticastDelegateUtilities.SafeInvoke: TestRun.RunStatsChanged: Invoking callbacks was skipped because there are no subscribers.
TpTrace Information: 0 : 12348, 15, 2025/02/26, 13:18:09.784, 7910211951667, vstest.console.dll, TestRunRequest:SendTestRunStatsChange: Completed.
TpTrace Verbose: 0 : 12348, 15, 2025/02/26, 13:18:09.784, 7910211952051, vstest.console.dll, MulticastDelegateUtilities.SafeInvoke: LengthPrefixCommunicationChannel: MessageReceived: Invoking callback 1/1 for Microsoft.VisualStudio.TestPlatform.CommunicationUtilities.TestRequestSender+<>c__DisplayClass34_0., took 2 ms.
TpTrace Verbose: 0 : 12348, 15, 2025/02/26, 13:18:09.784, 7910211952394, vstest.console.dll, TcpClientExtensions.MessageLoopAsync: Polling on remoteEndPoint: 127.0.0.1:55411 localEndPoint: 127.0.0.1:55410 after 249 ms
TpTrace Verbose: 0 : 12348, 4, 2025/02/26, 13:18:09.785, 7910211953179, vstest.console.dll, MulticastDelegateUtilities.SafeInvoke: InternalTestLoggerEvents.SendTestResult: Invoking callback 1/1 for Microsoft.VisualStudio.TestPlatform.CommandLine.Internal.ConsoleLogger., took 0 ms.
TpTrace Verbose: 0 : 12348, 4, 2025/02/26, 13:18:09.785, 7910211954624, vstest.console.dll, MulticastDelegateUtilities.SafeInvoke: InternalTestLoggerEvents.SendTestResult: Invoking callback 1/1 for Microsoft.VisualStudio.TestPlatform.CommandLine.Internal.ConsoleLogger., took 0 ms.
TpTrace Verbose: 0 : 12348, 4, 2025/02/26, 13:18:09.785, 7910211954926, vstest.console.dll, MulticastDelegateUtilities.SafeInvoke: InternalTestLoggerEvents.SendTestResult: Invoking callback 1/1 for Microsoft.VisualStudio.TestPlatform.CommandLine.Internal.ConsoleLogger., took 0 ms.
TpTrace Verbose: 0 : 12348, 4, 2025/02/26, 13:18:09.785, 7910211955260, vstest.console.dll, MulticastDelegateUtilities.SafeInvoke: InternalTestLoggerEvents.SendTestResult: Invoking callback 1/1 for Microsoft.VisualStudio.TestPlatform.CommandLine.Internal.ConsoleLogger., took 0 ms.
TpTrace Verbose: 0 : 12348, 4, 2025/02/26, 13:18:09.785, 7910211955526, vstest.console.dll, MulticastDelegateUtilities.SafeInvoke: InternalTestLoggerEvents.SendTestResult: Invoking callback 1/1 for Microsoft.VisualStudio.TestPlatform.CommandLine.Internal.ConsoleLogger., took 0 ms.
TpTrace Verbose: 0 : 12348, 4, 2025/02/26, 13:18:09.785, 7910211955910, vstest.console.dll, MulticastDelegateUtilities.SafeInvoke: InternalTestLoggerEvents.SendTestResult: Invoking callback 1/1 for Microsoft.VisualStudio.TestPlatform.CommandLine.Internal.ConsoleLogger., took 0 ms.
TpTrace Verbose: 0 : 12348, 4, 2025/02/26, 13:18:09.785, 7910211956430, vstest.console.dll, MulticastDelegateUtilities.SafeInvoke: InternalTestLoggerEvents.SendTestResult: Invoking callback 1/1 for Microsoft.VisualStudio.TestPlatform.CommandLine.Internal.ConsoleLogger., took 0 ms.
TpTrace Verbose: 0 : 12348, 4, 2025/02/26, 13:18:09.785, 7910211956700, vstest.console.dll, MulticastDelegateUtilities.SafeInvoke: InternalTestLoggerEvents.SendTestResult: Invoking callback 1/1 for Microsoft.VisualStudio.TestPlatform.CommandLine.Internal.ConsoleLogger., took 0 ms.
TpTrace Verbose: 0 : 12348, 4, 2025/02/26, 13:18:09.785, 7910211957018, vstest.console.dll, MulticastDelegateUtilities.SafeInvoke: InternalTestLoggerEvents.SendTestResult: Invoking callback 1/1 for Microsoft.VisualStudio.TestPlatform.CommandLine.Internal.ConsoleLogger., took 0 ms.
TpTrace Verbose: 0 : 12348, 15, 2025/02/26, 13:18:09.975, 7910213861534, vstest.console.dll, TcpClientExtensions.MessageLoopAsync: NotifyDataAvailable remoteEndPoint: 127.0.0.1:55411 localEndPoint: 127.0.0.1:55410
TpTrace Verbose: 0 : 12348, 15, 2025/02/26, 13:18:09.986, 7910213963935, vstest.console.dll, TestRequestSender.OnExecutionMessageReceived: Received message: {"Version":7,"MessageType":"TestExecution.StatsChange","Payload":{"NewTestResults":[{"TestCase":{"Id":"c0465158-2fdc-2e27-3e74-1619d635fbff","FullyQualifiedName":"EventHubASP.Tests.Tests.NewsServiceTests.CreateNewsAsync_ShouldAddNewsAndNotifySubscribers","DisplayName":"CreateNewsAsync_ShouldAddNewsAndNotifySubscribers","ExecutorUri":"executor://NUnit3TestExecutor","Source":"C:\\Users\\Fenix\\Desktop\\GitHub\\SoftUni\\EventHubAsp\\EventHubASP\\EventHubASP.Tests\\bin\\Debug\\net8.0\\fine-code-coverage\\build-output\\EventHubASP.Tests.dll","CodeFilePath":null,"LineNumber":0,"Properties":[{"Key":{"Id":"NUnit.Seed","Label":"Seed","Category":"","Description":"","Attributes":0,"ValueType":"System.String"},"Value":"935714801"}]},"Attachments":[],"Outcome":1,"ErrorMessage":null,"ErrorStackTrace":null,"DisplayName":"CreateNewsAsync_ShouldAddNewsAndNotifySubscribers","Messages":[],"ComputerName":"DESKTOP-OMT97JR","Duration":"00:00:00.0332020","StartTime":"2025-02-26T11:18:09.7778178+00:00","EndTime":"2025-02-26T11:18:09.8110185+00:00","Properties":[{"Key":{"Id":"NUnit.Seed","Label":"Seed","Category":"","Description":"","Attributes":0,"ValueType":"System.String"},"Value":"935714801"}]},{"TestCase":{"Id":"1d89830f-8dac-4049-c54e-9b796de70b40","FullyQualifiedName":"EventHubASP.Tests.Tests.NewsServiceTests.GetEventsByOrganizerAsync_ShouldReturnEventsForOrganizer","DisplayName":"GetEventsByOrganizerAsync_ShouldReturnEventsForOrganizer","ExecutorUri":"executor://NUnit3TestExecutor","Source":"C:\\Users\\Fenix\\Desktop\\GitHub\\SoftUni\\EventHubAsp\\EventHubASP\\EventHubASP.Tests\\bin\\Debug\\net8.0\\fine-code-coverage\\build-output\\EventHubASP.Tests.dll","CodeFilePath":null,"LineNumber":0,"Properties":[{"Key":{"Id":"NUnit.Seed","Label":"Seed","Category":"","Description":"","Attributes":0,"ValueType":"System.String"},"Value":"1876344890"}]},"Attachments":[],"Outcome":1,"ErrorMessage":null,"ErrorStackTrace":null,"DisplayName":"GetEventsByOrganizerAsync_ShouldReturnEventsForOrganizer","Messages":[],"ComputerName":"DESKTOP-OMT97JR","Duration":"00:00:00.0044350","StartTime":"2025-02-26T11:18:09.8110627+00:00","EndTime":"2025-02-26T11:18:09.8154978+00:00","Properties":[{"Key":{"Id":"NUnit.Seed","Label":"Seed","Category":"","Description":"","Attributes":0,"ValueType":"System.String"},"Value":"1876344890"}]},{"TestCase":{"Id":"f707349f-c58b-14f3-8ad9-f24fc4a17f41","FullyQualifiedName":"EventHubASP.Tests.Tests.NewsServiceTests.GetNewsForUserAsync_ShouldReturnNewsForUser","DisplayName":"GetNewsForUserAsync_ShouldReturnNewsForUser","ExecutorUri":"executor://NUnit3TestExecutor","Source":"C:\\Users\\Fenix\\Desktop\\GitHub\\SoftUni\\EventHubAsp\\EventHubASP\\EventHubASP.Tests\\bin\\Debug\\net8.0\\fine-code-coverage\\build-output\\EventHubASP.Tests.dll","CodeFilePath":null,"LineNumber":0,"Properties":[{"Key":{"Id":"NUnit.Seed","Label":"Seed","Category":"","Description":"","Attributes":0,"ValueType":"System.String"},"Value":"981156439"}]},"Attachments":[],"Outcome":1,"ErrorMessage":null,"ErrorStackTrace":null,"DisplayName":"GetNewsForUserAsync_ShouldReturnNewsForUser","Messages":[],"ComputerName":"DESKTOP-OMT97JR","Duration":"00:00:00.0335620","StartTime":"2025-02-26T11:18:09.8155397+00:00","EndTime":"2025-02-26T11:18:09.849101+00:00","Properties":[{"Key":{"Id":"NUnit.Seed","Label":"Seed","Category":"","Description":"","Attributes":0,"ValueType":"System.String"},"Value":"981156439"}]},{"TestCase":{"Id":"74079c6c-719f-1dd7-0b83-1615ae50d8fd","FullyQualifiedName":"EventHubASP.Tests.Tests.NotificationHubTests.BroadcastNews_ShouldBroadcastNewsToAllClients","DisplayName":"BroadcastNews_ShouldBroadcastNewsToAllClients","ExecutorUri":"executor://NUnit3TestExecutor","Source":"C:\\Users\\Fenix\\Desktop\\GitHub\\SoftUni\\EventHubAsp\\EventHubASP\\EventHubASP.Tests\\bin\\Debug\\net8.0\\fine-code-coverage\\build-output\\EventHubASP.Tests.dll","CodeFilePath":null,"LineNumber":0,"Properties":[{"Key":{"Id":"NUnit.Seed","Label":"Seed","Category":"","Description":"","Attributes":0,"ValueType":"System.String"},"Value":"1865714937"}]},"Attachments":[],"Outcome":1,"ErrorMessage":null,"ErrorStackTrace":null,"DisplayName":"BroadcastNews_ShouldBroadcastNewsToAllClients","Messages":[],"ComputerName":"DESKTOP-OMT97JR","Duration":"00:00:00.0173810","StartTime":"2025-02-26T11:18:09.8492915+00:00","EndTime":"2025-02-26T11:18:09.8666711+00:00","Properties":[{"Key":{"Id":"NUnit.Seed","Label":"Seed","Category":"","Description":"","Attributes":0,"ValueType":"System.String"},"Value":"1865714937"}]},{"TestCase":{"Id":"a748da30-4f92-087a-1f43-307bca5904ad","FullyQualifiedName":"EventHubASP.Tests.Tests.NotificationHubTests.SendNotification_ShouldSendNotificationToUser","DisplayName":"SendNotification_ShouldSendNotificationToUser","ExecutorUri":"executor://NUnit3TestExecutor","Source":"C:\\Users\\Fenix\\Desktop\\GitHub\\SoftUni\\EventHubAsp\\EventHubASP\\EventHubASP.Tests\\bin\\Debug\\net8.0\\fine-code-coverage\\build-output\\EventHubASP.Tests.dll","CodeFilePath":null,"LineNumber":0,"Properties":[{"Key":{"Id":"NUnit.Seed","Label":"Seed","Category":"","Description":"","Attributes":0,"ValueType":"System.String"},"Value":"1060646290"}]},"Attachments":[],"Outcome":1,"ErrorMessage":null,"ErrorStackTrace":null,"DisplayName":"SendNotification_ShouldSendNotificationToUser","Messages":[],"ComputerName":"DESKTOP-OMT97JR","Duration":"00:00:00.0062620","StartTime":"2025-02-26T11:18:09.8667155+00:00","EndTime":"2025-02-26T11:18:09.8729768+00:00","Properties":[{"Key":{"Id":"NUnit.Seed","Label":"Seed","Category":"","Description":"","Attributes":0,"ValueType":"System.String"},"Value":"1060646290"}]},{"TestCase":{"Id":"2a7bf28a-bf8e-f124-d239-b89e8c3d3db7","FullyQualifiedName":"EventHubASP.Tests.Tests.NotificationServiceTests.CreateNotificationAsync_ShouldAddNotificationAndSendToUser","DisplayName":"CreateNotificationAsync_ShouldAddNotificationAndSendToUser","ExecutorUri":"executor://NUnit3TestExecutor","Source":"C:\\Users\\Fenix\\Desktop\\GitHub\\SoftUni\\EventHubAsp\\EventHubASP\\EventHubASP.Tests\\bin\\Debug\\net8.0\\fine-code-coverage\\build-output\\EventHubASP.Tests.dll","CodeFilePath":null,"LineNumber":0,"Properties":[{"Key":{"Id":"NUnit.Seed","Label":"Seed","Category":"","Description":"","Attributes":0,"ValueType":"System.String"},"Value":"895721887"}]},"Attachments":[],"Outcome":1,"ErrorMessage":null,"ErrorStackTrace":null,"DisplayName":"CreateNotificationAsync_ShouldAddNotificationAndSendToUser","Messages":[],"ComputerName":"DESKTOP-OMT97JR","Duration":"00:00:00.0435689","StartTime":"2025-02-26T11:18:09.8731301+00:00","EndTime":"2025-02-26T11:18:09.9166978+00:00","Properties":[{"Key":{"Id":"NUnit.Seed","Label":"Seed","Category":"","Description":"","Attributes":0,"ValueType":"System.String"},"Value":"895721887"}]},{"TestCase":{"Id":"2d3662fe-5b94-776e-0a7b-3d1a84aff83e","FullyQualifiedName":"EventHubASP.Tests.Tests.NotificationServiceTests.GetNotificationsForUserAsync_ShouldReturnUnreadNotifications","DisplayName":"GetNotificationsForUserAsync_ShouldReturnUnreadNotifications","ExecutorUri":"executor://NUnit3TestExecutor","Source":"C:\\Users\\Fenix\\Desktop\\GitHub\\SoftUni\\EventHubAsp\\EventHubASP\\EventHubASP.Tests\\bin\\Debug\\net8.0\\fine-code-coverage\\build-output\\EventHubASP.Tests.dll","CodeFilePath":null,"LineNumber":0,"Properties":[{"Key":{"Id":"NUnit.Seed","Label":"Seed","Category":"","Description":"","Attributes":0,"ValueType":"System.String"},"Value":"1708765366"}]},"Attachments":[],"Outcome":1,"ErrorMessage":null,"ErrorStackTrace":null,"DisplayName":"GetNotificationsForUserAsync_ShouldReturnUnreadNotifications","Messages":[],"ComputerName":"DESKTOP-OMT97JR","Duration":"00:00:00.0112400","StartTime":"2025-02-26T11:18:09.916721+00:00","EndTime":"2025-02-26T11:18:09.9279602+00:00","Properties":[{"Key":{"Id":"NUnit.Seed","Label":"Seed","Category":"","Description":"","Attributes":0,"ValueType":"System.String"},"Value":"1708765366"}]},{"TestCase":{"Id":"de8b9556-dd61-f588-d9c7-3ce6f0128699","FullyQualifiedName":"EventHubASP.Tests.Tests.NotificationServiceTests.GetParticipantsByEventIdAsync_ShouldReturnParticipants","DisplayName":"GetParticipantsByEventIdAsync_ShouldReturnParticipants","ExecutorUri":"executor://NUnit3TestExecutor","Source":"C:\\Users\\Fenix\\Desktop\\GitHub\\SoftUni\\EventHubAsp\\EventHubASP\\EventHubASP.Tests\\bin\\Debug\\net8.0\\fine-code-coverage\\build-output\\EventHubASP.Tests.dll","CodeFilePath":null,"LineNumber":0,"Properties":[{"Key":{"Id":"NUnit.Seed","Label":"Seed","Category":"","Description":"","Attributes":0,"ValueType":"System.String"},"Value":"1898826116"}]},"Attachments":[],"Outcome":1,"ErrorMessage":null,"ErrorStackTrace":null,"DisplayName":"GetParticipantsByEventIdAsync_ShouldReturnParticipants","Messages":[],"ComputerName":"DESKTOP-OMT97JR","Duration":"00:00:00.0170350","StartTime":"2025-02-26T11:18:09.9279892+00:00","EndTime":"2025-02-26T11:18:09.9450229+00:00","Properties":[{"Key":{"Id":"NUnit.Seed","Label":"Seed","Category":"","Description":"","Attributes":0,"ValueType":"System.String"},"Value":"1898826116"}]},{"TestCase":{"Id":"996a16b6-75e0-7131-a7d9-25abbcee537a","FullyQualifiedName":"EventHubASP.Tests.Tests.NotificationServiceTests.MarkAsReadAsync_ShouldMarkNotificationsAsRead","DisplayName":"MarkAsReadAsync_ShouldMarkNotificationsAsRead","ExecutorUri":"executor://NUnit3TestExecutor","Source":"C:\\Users\\Fenix\\Desktop\\GitHub\\SoftUni\\EventHubAsp\\EventHubASP\\EventHubASP.Tests\\bin\\Debug\\net8.0\\fine-code-coverage\\build-output\\EventHubASP.Tests.dll","CodeFilePath":null,"LineNumber":0,"Properties":[{"Key":{"Id":"NUnit.Seed","Label":"Seed","Category":"","Description":"","Attributes":0,"ValueType":"System.String"},"Value":"147430092"}]},"Attachments":[],"Outcome":1,"ErrorMessage":null,"ErrorStackTrace":null,"DisplayName":"MarkAsReadAsync_ShouldMarkNotificationsAsRead","Messages":[],"ComputerName":"DESKTOP-OMT97JR","Duration":"00:00:00.0228960","StartTime":"2025-02-26T11:18:09.9450712+00:00","EndTime":"2025-02-26T11:18:09.9679663+00:00","Properties":[{"Key":{"Id":"NUnit.Seed","Label":"Seed","Category":"","Description":"","Attributes":0,"ValueType":"System.String"},"Value":"147430092"}]}],"TestRunStatistics":{"ExecutedTests":33,"Stats":{"Passed":33}},"ActiveTests":[{"Id":"72813cb4-a781-dffa-db99-cd90f2ed91f3","FullyQualifiedName":"EventHubASP.Tests.Tests.RoleChangeRequestServiceTests.ApproveRequestAsync_ShouldApproveRequestAndChangeUserRole","DisplayName":"ApproveRequestAsync_ShouldApproveRequestAndChangeUserRole","ExecutorUri":"executor://NUnit3TestExecutor","Source":"C:\\Users\\Fenix\\Desktop\\GitHub\\SoftUni\\EventHubAsp\\EventHubASP\\EventHubASP.Tests\\bin\\Debug\\net8.0\\fine-code-coverage\\build-output\\EventHubASP.Tests.dll","CodeFilePath":null,"LineNumber":0,"Properties":[{"Key":{"Id":"NUnit.Seed","Label":"Seed","Category":"","Description":"","Attributes":0,"ValueType":"System.String"},"Value":"184026528"}]}]}}
TpTrace Verbose: 0 : 12348, 15, 2025/02/26, 13:18:09.988, 7910213990729, vstest.console.dll, TestRunRequest:SendTestRunStatsChange: Starting.
TpTrace Verbose: 0 : 12348, 15, 2025/02/26, 13:18:09.988, 7910213992285, vstest.console.dll, InProgress is ApproveRequestAsync_ShouldApproveRequestAndChangeUserRole
TpTrace Verbose: 0 : 12348, 15, 2025/02/26, 13:18:09.988, 7910213992928, vstest.console.dll, MulticastDelegateUtilities.SafeInvoke: TestRun.RunStatsChanged: Invoking callbacks was skipped because there are no subscribers.
TpTrace Information: 0 : 12348, 15, 2025/02/26, 13:18:09.989, 7910213993194, vstest.console.dll, TestRunRequest:SendTestRunStatsChange: Completed.
TpTrace Verbose: 0 : 12348, 15, 2025/02/26, 13:18:09.989, 7910213993894, vstest.console.dll, MulticastDelegateUtilities.SafeInvoke: LengthPrefixCommunicationChannel: MessageReceived: Invoking callback 1/1 for Microsoft.VisualStudio.TestPlatform.CommunicationUtilities.TestRequestSender+<>c__DisplayClass34_0., took 3 ms.
TpTrace Verbose: 0 : 12348, 4, 2025/02/26, 13:18:09.989, 7910213994320, vstest.console.dll, MulticastDelegateUtilities.SafeInvoke: InternalTestLoggerEvents.SendTestResult: Invoking callback 1/1 for Microsoft.VisualStudio.TestPlatform.CommandLine.Internal.ConsoleLogger., took 0 ms.
TpTrace Verbose: 0 : 12348, 15, 2025/02/26, 13:18:09.989, 7910213994511, vstest.console.dll, TcpClientExtensions.MessageLoopAsync: Polling on remoteEndPoint: 127.0.0.1:55411 localEndPoint: 127.0.0.1:55410 after 204 ms
TpTrace Verbose: 0 : 12348, 4, 2025/02/26, 13:18:09.989, 7910213995329, vstest.console.dll, MulticastDelegateUtilities.SafeInvoke: InternalTestLoggerEvents.SendTestResult: Invoking callback 1/1 for Microsoft.VisualStudio.TestPlatform.CommandLine.Internal.ConsoleLogger., took 0 ms.
TpTrace Verbose: 0 : 12348, 4, 2025/02/26, 13:18:09.989, 7910213995894, vstest.console.dll, MulticastDelegateUtilities.SafeInvoke: InternalTestLoggerEvents.SendTestResult: Invoking callback 1/1 for Microsoft.VisualStudio.TestPlatform.CommandLine.Internal.ConsoleLogger., took 0 ms.
TpTrace Verbose: 0 : 12348, 4, 2025/02/26, 13:18:09.989, 7910213996216, vstest.console.dll, MulticastDelegateUtilities.SafeInvoke: InternalTestLoggerEvents.SendTestResult: Invoking callback 1/1 for Microsoft.VisualStudio.TestPlatform.CommandLine.Internal.ConsoleLogger., took 0 ms.
TpTrace Verbose: 0 : 12348, 4, 2025/02/26, 13:18:09.989, 7910213996478, vstest.console.dll, MulticastDelegateUtilities.SafeInvoke: InternalTestLoggerEvents.SendTestResult: Invoking callback 1/1 for Microsoft.VisualStudio.TestPlatform.CommandLine.Internal.ConsoleLogger., took 0 ms.
TpTrace Verbose: 0 : 12348, 4, 2025/02/26, 13:18:09.989, 7910213997503, vstest.console.dll, MulticastDelegateUtilities.SafeInvoke: InternalTestLoggerEvents.SendTestResult: Invoking callback 1/1 for Microsoft.VisualStudio.TestPlatform.CommandLine.Internal.ConsoleLogger., took 0 ms.
TpTrace Verbose: 0 : 12348, 4, 2025/02/26, 13:18:09.989, 7910213997863, vstest.console.dll, MulticastDelegateUtilities.SafeInvoke: InternalTestLoggerEvents.SendTestResult: Invoking callback 1/1 for Microsoft.VisualStudio.TestPlatform.CommandLine.Internal.ConsoleLogger., took 0 ms.
TpTrace Verbose: 0 : 12348, 4, 2025/02/26, 13:18:09.989, 7910213998113, vstest.console.dll, MulticastDelegateUtilities.SafeInvoke: InternalTestLoggerEvents.SendTestResult: Invoking callback 1/1 for Microsoft.VisualStudio.TestPlatform.CommandLine.Internal.ConsoleLogger., took 0 ms.
TpTrace Verbose: 0 : 12348, 4, 2025/02/26, 13:18:09.989, 7910213998360, vstest.console.dll, MulticastDelegateUtilities.SafeInvoke: InternalTestLoggerEvents.SendTestResult: Invoking callback 1/1 for Microsoft.VisualStudio.TestPlatform.CommandLine.Internal.ConsoleLogger., took 0 ms.
TpTrace Verbose: 0 : 12348, 15, 2025/02/26, 13:18:10.150, 7910215612499, vstest.console.dll, TcpClientExtensions.MessageLoopAsync: NotifyDataAvailable remoteEndPoint: 127.0.0.1:55411 localEndPoint: 127.0.0.1:55410
TpTrace Verbose: 0 : 12348, 15, 2025/02/26, 13:18:10.151, 7910215617908, vstest.console.dll, TestRequestSender.OnExecutionMessageReceived: Received message: {"Version":7,"MessageType":"TestExecution.StatsChange","Payload":{"NewTestResults":[{"TestCase":{"Id":"72813cb4-a781-dffa-db99-cd90f2ed91f3","FullyQualifiedName":"EventHubASP.Tests.Tests.RoleChangeRequestServiceTests.ApproveRequestAsync_ShouldApproveRequestAndChangeUserRole","DisplayName":"ApproveRequestAsync_ShouldApproveRequestAndChangeUserRole","ExecutorUri":"executor://NUnit3TestExecutor","Source":"C:\\Users\\Fenix\\Desktop\\GitHub\\SoftUni\\EventHubAsp\\EventHubASP\\EventHubASP.Tests\\bin\\Debug\\net8.0\\fine-code-coverage\\build-output\\EventHubASP.Tests.dll","CodeFilePath":null,"LineNumber":0,"Properties":[{"Key":{"Id":"NUnit.Seed","Label":"Seed","Category":"","Description":"","Attributes":0,"ValueType":"System.String"},"Value":"184026528"}]},"Attachments":[],"Outcome":1,"ErrorMessage":null,"ErrorStackTrace":null,"DisplayName":"ApproveRequestAsync_ShouldApproveRequestAndChangeUserRole","Messages":[],"ComputerName":"DESKTOP-OMT97JR","Duration":"00:00:00.0938800","StartTime":"2025-02-26T11:18:09.9683412+00:00","EndTime":"2025-02-26T11:18:10.0622193+00:00","Properties":[{"Key":{"Id":"NUnit.Seed","Label":"Seed","Category":"","Description":"","Attributes":0,"ValueType":"System.String"},"Value":"184026528"}]},{"TestCase":{"Id":"c68bd112-c630-b64f-090b-d7a907cdf477","FullyQualifiedName":"EventHubASP.Tests.Tests.RoleChangeRequestServiceTests.CreateRequestAsync_ShouldReturnFalse_WhenRequestAlreadyExists","DisplayName":"CreateRequestAsync_ShouldReturnFalse_WhenRequestAlreadyExists","ExecutorUri":"executor://NUnit3TestExecutor","Source":"C:\\Users\\Fenix\\Desktop\\GitHub\\SoftUni\\EventHubAsp\\EventHubASP\\EventHubASP.Tests\\bin\\Debug\\net8.0\\fine-code-coverage\\build-output\\EventHubASP.Tests.dll","CodeFilePath":null,"LineNumber":0,"Properties":[{"Key":{"Id":"NUnit.Seed","Label":"Seed","Category":"","Description":"","Attributes":0,"ValueType":"System.String"},"Value":"2076252818"}]},"Attachments":[],"Outcome":1,"ErrorMessage":null,"ErrorStackTrace":null,"DisplayName":"CreateRequestAsync_ShouldReturnFalse_WhenRequestAlreadyExists","Messages":[],"ComputerName":"DESKTOP-OMT97JR","Duration":"00:00:00.0099930","StartTime":"2025-02-26T11:18:10.062263+00:00","EndTime":"2025-02-26T11:18:10.0722548+00:00","Properties":[{"Key":{"Id":"NUnit.Seed","Label":"Seed","Category":"","Description":"","Attributes":0,"ValueType":"System.String"},"Value":"2076252818"}]},{"TestCase":{"Id":"32b3199f-0e84-116a-9608-7958a506908e","FullyQualifiedName":"EventHubASP.Tests.Tests.RoleChangeRequestServiceTests.CreateRequestAsync_ShouldReturnTrue_WhenRequestIsNew","DisplayName":"CreateRequestAsync_ShouldReturnTrue_WhenRequestIsNew","ExecutorUri":"executor://NUnit3TestExecutor","Source":"C:\\Users\\Fenix\\Desktop\\GitHub\\SoftUni\\EventHubAsp\\EventHubASP\\EventHubASP.Tests\\bin\\Debug\\net8.0\\fine-code-coverage\\build-output\\EventHubASP.Tests.dll","CodeFilePath":null,"LineNumber":0,"Properties":[{"Key":{"Id":"NUnit.Seed","Label":"Seed","Category":"","Description":"","Attributes":0,"ValueType":"System.String"},"Value":"1150150355"}]},"Attachments":[],"Outcome":1,"ErrorMessage":null,"ErrorStackTrace":null,"DisplayName":"CreateRequestAsync_ShouldReturnTrue_WhenRequestIsNew","Messages":[],"ComputerName":"DESKTOP-OMT97JR","Duration":"00:00:00.0034410","StartTime":"2025-02-26T11:18:10.0722953+00:00","EndTime":"2025-02-26T11:18:10.0757362+00:00","Properties":[{"Key":{"Id":"NUnit.Seed","Label":"Seed","Category":"","Description":"","Attributes":0,"ValueType":"System.String"},"Value":"1150150355"}]},{"TestCase":{"Id":"4cc1010b-1ed9-7079-7fc9-538a97245360","FullyQualifiedName":"EventHubASP.Tests.Tests.RoleChangeRequestServiceTests.DenyRequestAsync_ShouldRemoveRequest","DisplayName":"DenyRequestAsync_ShouldRemoveRequest","ExecutorUri":"executor://NUnit3TestExecutor","Source":"C:\\Users\\Fenix\\Desktop\\GitHub\\SoftUni\\EventHubAsp\\EventHubASP\\EventHubASP.Tests\\bin\\Debug\\net8.0\\fine-code-coverage\\build-output\\EventHubASP.Tests.dll","CodeFilePath":null,"LineNumber":0,"Properties":[{"Key":{"Id":"NUnit.Seed","Label":"Seed","Category":"","Description":"","Attributes":0,"ValueType":"System.String"},"Value":"1945741189"}]},"Attachments":[],"Outcome":1,"ErrorMessage":null,"ErrorStackTrace":null,"DisplayName":"DenyRequestAsync_ShouldRemoveRequest","Messages":[],"ComputerName":"DESKTOP-OMT97JR","Duration":"00:00:00.0061160","StartTime":"2025-02-26T11:18:10.0757707+00:00","EndTime":"2025-02-26T11:18:10.0818858+00:00","Properties":[{"Key":{"Id":"NUnit.Seed","Label":"Seed","Category":"","Description":"","Attributes":0,"ValueType":"System.String"},"Value":"1945741189"}]},{"TestCase":{"Id":"1720cafd-d71a-fbf0-715a-115420d65c15","FullyQualifiedName":"EventHubASP.Tests.Tests.RoleChangeRequestServiceTests.GetPendingRequestsAsync_ShouldReturnPendingRequests","DisplayName":"GetPendingRequestsAsync_ShouldReturnPendingRequests","ExecutorUri":"executor://NUnit3TestExecutor","Source":"C:\\Users\\Fenix\\Desktop\\GitHub\\SoftUni\\EventHubAsp\\EventHubASP\\EventHubASP.Tests\\bin\\Debug\\net8.0\\fine-code-coverage\\build-output\\EventHubASP.Tests.dll","CodeFilePath":null,"LineNumber":0,"Properties":[{"Key":{"Id":"NUnit.Seed","Label":"Seed","Category":"","Description":"","Attributes":0,"ValueType":"System.String"},"Value":"722954398"}]},"Attachments":[],"Outcome":1,"ErrorMessage":null,"ErrorStackTrace":null,"DisplayName":"GetPendingRequestsAsync_ShouldReturnPendingRequests","Messages":[],"ComputerName":"DESKTOP-OMT97JR","Duration":"00:00:00.0235530","StartTime":"2025-02-26T11:18:10.0819266+00:00","EndTime":"2025-02-26T11:18:10.1054783+00:00","Properties":[{"Key":{"Id":"NUnit.Seed","Label":"Seed","Category":"","Description":"","Attributes":0,"ValueType":"System.String"},"Value":"722954398"}]},{"TestCase":{"Id":"1ef22ced-b2cc-a9ba-5b8b-ef14dc4d0c49","FullyQualifiedName":"EventHubASP.Tests.Tests.RoleManagementServiceTests.ApproveRequestAsync_ShouldApproveRequestAndChangeUserRole","DisplayName":"ApproveRequestAsync_ShouldApproveRequestAndChangeUserRole","ExecutorUri":"executor://NUnit3TestExecutor","Source":"C:\\Users\\Fenix\\Desktop\\GitHub\\SoftUni\\EventHubAsp\\EventHubASP\\EventHubASP.Tests\\bin\\Debug\\net8.0\\fine-code-coverage\\build-output\\EventHubASP.Tests.dll","CodeFilePath":null,"LineNumber":0,"Properties":[{"Key":{"Id":"NUnit.Seed","Label":"Seed","Category":"","Description":"","Attributes":0,"ValueType":"System.String"},"Value":"855143140"}]},"Attachments":[],"Outcome":1,"ErrorMessage":null,"ErrorStackTrace":null,"DisplayName":"ApproveRequestAsync_ShouldApproveRequestAndChangeUserRole","Messages":[],"ComputerName":"DESKTOP-OMT97JR","Duration":"00:00:00.0241320","StartTime":"2025-02-26T11:18:10.1059038+00:00","EndTime":"2025-02-26T11:18:10.1300356+00:00","Properties":[{"Key":{"Id":"NUnit.Seed","Label":"Seed","Category":"","Description":"","Attributes":0,"ValueType":"System.String"},"Value":"855143140"}]},{"TestCase":{"Id":"cfb58fb6-f891-e162-8a33-dbc8c225c073","FullyQualifiedName":"EventHubASP.Tests.Tests.RoleManagementServiceTests.ApproveRequestAsync_ShouldDoNothing_WhenRequestNotFound","DisplayName":"ApproveRequestAsync_ShouldDoNothing_WhenRequestNotFound","ExecutorUri":"executor://NUnit3TestExecutor","Source":"C:\\Users\\Fenix\\Desktop\\GitHub\\SoftUni\\EventHubAsp\\EventHubASP\\EventHubASP.Tests\\bin\\Debug\\net8.0\\fine-code-coverage\\build-output\\EventHubASP.Tests.dll","CodeFilePath":null,"LineNumber":0,"Properties":[{"Key":{"Id":"NUnit.Seed","Label":"Seed","Category":"","Description":"","Attributes":0,"ValueType":"System.String"},"Value":"1369728137"}]},"Attachments":[],"Outcome":1,"ErrorMessage":null,"ErrorStackTrace":null,"DisplayName":"ApproveRequestAsync_ShouldDoNothing_WhenRequestNotFound","Messages":[],"ComputerName":"DESKTOP-OMT97JR","Duration":"00:00:00.0022290","StartTime":"2025-02-26T11:18:10.1300768+00:00","EndTime":"2025-02-26T11:18:10.1323052+00:00","Properties":[{"Key":{"Id":"NUnit.Seed","Label":"Seed","Category":"","Description":"","Attributes":0,"ValueType":"System.String"},"Value":"1369728137"}]},{"TestCase":{"Id":"1e547633-5896-056e-d308-af1ea040c03c","FullyQualifiedName":"EventHubASP.Tests.Tests.RoleManagementServiceTests.ApproveRequestAsync_ShouldDoNothing_WhenUserNotFound","DisplayName":"ApproveRequestAsync_ShouldDoNothing_WhenUserNotFound","ExecutorUri":"executor://NUnit3TestExecutor","Source":"C:\\Users\\Fenix\\Desktop\\GitHub\\SoftUni\\EventHubAsp\\EventHubASP\\EventHubASP.Tests\\bin\\Debug\\net8.0\\fine-code-coverage\\build-output\\EventHubASP.Tests.dll","CodeFilePath":null,"LineNumber":0,"Properties":[{"Key":{"Id":"NUnit.Seed","Label":"Seed","Category":"","Description":"","Attributes":0,"ValueType":"System.String"},"Value":"940336049"}]},"Attachments":[],"Outcome":1,"ErrorMessage":null,"ErrorStackTrace":null,"DisplayName":"ApproveRequestAsync_ShouldDoNothing_WhenUserNotFound","Messages":[],"ComputerName":"DESKTOP-OMT97JR","Duration":"00:00:00.0035410","StartTime":"2025-02-26T11:18:10.13233+00:00","EndTime":"2025-02-26T11:18:10.1358702+00:00","Properties":[{"Key":{"Id":"NUnit.Seed","Label":"Seed","Category":"","Description":"","Attributes":0,"ValueType":"System.String"},"Value":"940336049"}]},{"TestCase":{"Id":"b0c57cab-be79-eb46-5681-fea14a6597b3","FullyQualifiedName":"EventHubASP.Tests.Tests.RoleManagementServiceTests.DeclineRequestAsync_ShouldDoNothing_WhenRequestNotFound","DisplayName":"DeclineRequestAsync_ShouldDoNothing_WhenRequestNotFound","ExecutorUri":"executor://NUnit3TestExecutor","Source":"C:\\Users\\Fenix\\Desktop\\GitHub\\SoftUni\\EventHubAsp\\EventHubASP\\EventHubASP.Tests\\bin\\Debug\\net8.0\\fine-code-coverage\\build-output\\EventHubASP.Tests.dll","CodeFilePath":null,"LineNumber":0,"Properties":[{"Key":{"Id":"NUnit.Seed","Label":"Seed","Category":"","Description":"","Attributes":0,"ValueType":"System.String"},"Value":"1051469265"}]},"Attachments":[],"Outcome":1,"ErrorMessage":null,"ErrorStackTrace":null,"DisplayName":"DeclineRequestAsync_ShouldDoNothing_WhenRequestNotFound","Messages":[],"ComputerName":"DESKTOP-OMT97JR","Duration":"00:00:00.0051250","StartTime":"2025-02-26T11:18:10.1359049+00:00","EndTime":"2025-02-26T11:18:10.1410292+00:00","Properties":[{"Key":{"Id":"NUnit.Seed","Label":"Seed","Category":"","Description":"","Attributes":0,"ValueType":"System.String"},"Value":"1051469265"}]}],"TestRunStatistics":{"ExecutedTests":42,"Stats":{"Passed":42}},"ActiveTests":[{"Id":"72453bad-8c4f-d389-7c61-25dee6bd0e83","FullyQualifiedName":"EventHubASP.Tests.Tests.RoleManagementServiceTests.DeclineRequestAsync_ShouldRemoveRequest","DisplayName":"DeclineRequestAsync_ShouldRemoveRequest","ExecutorUri":"executor://NUnit3TestExecutor","Source":"C:\\Users\\Fenix\\Desktop\\GitHub\\SoftUni\\EventHubAsp\\EventHubASP\\EventHubASP.Tests\\bin\\Debug\\net8.0\\fine-code-coverage\\build-output\\EventHubASP.Tests.dll","CodeFilePath":null,"LineNumber":0,"Properties":[{"Key":{"Id":"NUnit.Seed","Label":"Seed","Category":"","Description":"","Attributes":0,"ValueType":"System.String"},"Value":"633685369"}]}]}}
TpTrace Verbose: 0 : 12348, 15, 2025/02/26, 13:18:10.152, 7910215631838, vstest.console.dll, TestRunRequest:SendTestRunStatsChange: Starting.
TpTrace Verbose: 0 : 12348, 15, 2025/02/26, 13:18:10.152, 7910215632964, vstest.console.dll, InProgress is DeclineRequestAsync_ShouldRemoveRequest
TpTrace Verbose: 0 : 12348, 15, 2025/02/26, 13:18:10.153, 7910215633474, vstest.console.dll, MulticastDelegateUtilities.SafeInvoke: TestRun.RunStatsChanged: Invoking callbacks was skipped because there are no subscribers.
TpTrace Information: 0 : 12348, 15, 2025/02/26, 13:18:10.153, 7910215633686, vstest.console.dll, TestRunRequest:SendTestRunStatsChange: Completed.
TpTrace Verbose: 0 : 12348, 15, 2025/02/26, 13:18:10.153, 7910215633930, vstest.console.dll, MulticastDelegateUtilities.SafeInvoke: LengthPrefixCommunicationChannel: MessageReceived: Invoking callback 1/1 for Microsoft.VisualStudio.TestPlatform.CommunicationUtilities.TestRequestSender+<>c__DisplayClass34_0., took 1 ms.
TpTrace Verbose: 0 : 12348, 15, 2025/02/26, 13:18:10.153, 7910215634266, vstest.console.dll, TcpClientExtensions.MessageLoopAsync: Polling on remoteEndPoint: 127.0.0.1:55411 localEndPoint: 127.0.0.1:55410 after 163 ms
TpTrace Verbose: 0 : 12348, 4, 2025/02/26, 13:18:10.153, 7910215634976, vstest.console.dll, MulticastDelegateUtilities.SafeInvoke: InternalTestLoggerEvents.SendTestResult: Invoking callback 1/1 for Microsoft.VisualStudio.TestPlatform.CommandLine.Internal.ConsoleLogger., took 0 ms.
TpTrace Verbose: 0 : 12348, 4, 2025/02/26, 13:18:10.153, 7910215636915, vstest.console.dll, MulticastDelegateUtilities.SafeInvoke: InternalTestLoggerEvents.SendTestResult: Invoking callback 1/1 for Microsoft.VisualStudio.TestPlatform.CommandLine.Internal.ConsoleLogger., took 0 ms.
TpTrace Verbose: 0 : 12348, 4, 2025/02/26, 13:18:10.153, 7910215637260, vstest.console.dll, MulticastDelegateUtilities.SafeInvoke: InternalTestLoggerEvents.SendTestResult: Invoking callback 1/1 for Microsoft.VisualStudio.TestPlatform.CommandLine.Internal.ConsoleLogger., took 0 ms.
TpTrace Verbose: 0 : 12348, 4, 2025/02/26, 13:18:10.153, 7910215637547, vstest.console.dll, MulticastDelegateUtilities.SafeInvoke: InternalTestLoggerEvents.SendTestResult: Invoking callback 1/1 for Microsoft.VisualStudio.TestPlatform.CommandLine.Internal.ConsoleLogger., took 0 ms.
TpTrace Verbose: 0 : 12348, 4, 2025/02/26, 13:18:10.153, 7910215637785, vstest.console.dll, MulticastDelegateUtilities.SafeInvoke: InternalTestLoggerEvents.SendTestResult: Invoking callback 1/1 for Microsoft.VisualStudio.TestPlatform.CommandLine.Internal.ConsoleLogger., took 0 ms.
TpTrace Verbose: 0 : 12348, 4, 2025/02/26, 13:18:10.153, 7910215638062, vstest.console.dll, MulticastDelegateUtilities.SafeInvoke: InternalTestLoggerEvents.SendTestResult: Invoking callback 1/1 for Microsoft.VisualStudio.TestPlatform.CommandLine.Internal.ConsoleLogger., took 0 ms.
TpTrace Verbose: 0 : 12348, 4, 2025/02/26, 13:18:10.153, 7910215638317, vstest.console.dll, MulticastDelegateUtilities.SafeInvoke: InternalTestLoggerEvents.SendTestResult: Invoking callback 1/1 for Microsoft.VisualStudio.TestPlatform.CommandLine.Internal.ConsoleLogger., took 0 ms.
TpTrace Verbose: 0 : 12348, 4, 2025/02/26, 13:18:10.153, 7910215638542, vstest.console.dll, MulticastDelegateUtilities.SafeInvoke: InternalTestLoggerEvents.SendTestResult: Invoking callback 1/1 for Microsoft.VisualStudio.TestPlatform.CommandLine.Internal.ConsoleLogger., took 0 ms.
TpTrace Verbose: 0 : 12348, 4, 2025/02/26, 13:18:10.153, 7910215638803, vstest.console.dll, MulticastDelegateUtilities.SafeInvoke: InternalTestLoggerEvents.SendTestResult: Invoking callback 1/1 for Microsoft.VisualStudio.TestPlatform.CommandLine.Internal.ConsoleLogger., took 0 ms.
TpTrace Verbose: 0 : 12348, 15, 2025/02/26, 13:18:10.264, 7910216749719, vstest.console.dll, TcpClientExtensions.MessageLoopAsync: NotifyDataAvailable remoteEndPoint: 127.0.0.1:55411 localEndPoint: 127.0.0.1:55410
TpTrace Verbose: 0 : 12348, 15, 2025/02/26, 13:18:10.265, 7910216753390, vstest.console.dll, TestRequestSender.OnExecutionMessageReceived: Received message: {"Version":7,"MessageType":"TestExecution.StatsChange","Payload":{"NewTestResults":[{"TestCase":{"Id":"72453bad-8c4f-d389-7c61-25dee6bd0e83","FullyQualifiedName":"EventHubASP.Tests.Tests.RoleManagementServiceTests.DeclineRequestAsync_ShouldRemoveRequest","DisplayName":"DeclineRequestAsync_ShouldRemoveRequest","ExecutorUri":"executor://NUnit3TestExecutor","Source":"C:\\Users\\Fenix\\Desktop\\GitHub\\SoftUni\\EventHubAsp\\EventHubASP\\EventHubASP.Tests\\bin\\Debug\\net8.0\\fine-code-coverage\\build-output\\EventHubASP.Tests.dll","CodeFilePath":null,"LineNumber":0,"Properties":[{"Key":{"Id":"NUnit.Seed","Label":"Seed","Category":"","Description":"","Attributes":0,"ValueType":"System.String"},"Value":"633685369"}]},"Attachments":[],"Outcome":1,"ErrorMessage":null,"ErrorStackTrace":null,"DisplayName":"DeclineRequestAsync_ShouldRemoveRequest","Messages":[],"ComputerName":"DESKTOP-OMT97JR","Duration":"00:00:00.0096470","StartTime":"2025-02-26T11:18:10.1410604+00:00","EndTime":"2025-02-26T11:18:10.1507066+00:00","Properties":[{"Key":{"Id":"NUnit.Seed","Label":"Seed","Category":"","Description":"","Attributes":0,"ValueType":"System.String"},"Value":"633685369"}]},{"TestCase":{"Id":"bb20124f-f2ab-7ebf-5428-e1a413c92469","FullyQualifiedName":"EventHubASP.Tests.Tests.RoleManagementServiceTests.GetPendingRequestsAsync_ShouldReturnEmptyList_WhenNoPendingRequests","DisplayName":"GetPendingRequestsAsync_ShouldReturnEmptyList_WhenNoPendingRequests","ExecutorUri":"executor://NUnit3TestExecutor","Source":"C:\\Users\\Fenix\\Desktop\\GitHub\\SoftUni\\EventHubAsp\\EventHubASP\\EventHubASP.Tests\\bin\\Debug\\net8.0\\fine-code-coverage\\build-output\\EventHubASP.Tests.dll","CodeFilePath":null,"LineNumber":0,"Properties":[{"Key":{"Id":"NUnit.Seed","Label":"Seed","Category":"","Description":"","Attributes":0,"ValueType":"System.String"},"Value":"755272989"}]},"Attachments":[],"Outcome":1,"ErrorMessage":null,"ErrorStackTrace":null,"DisplayName":"GetPendingRequestsAsync_ShouldReturnEmptyList_WhenNoPendingRequests","Messages":[],"ComputerName":"DESKTOP-OMT97JR","Duration":"00:00:00.0197410","StartTime":"2025-02-26T11:18:10.1507557+00:00","EndTime":"2025-02-26T11:18:10.1704956+00:00","Properties":[{"Key":{"Id":"NUnit.Seed","Label":"Seed","Category":"","Description":"","Attributes":0,"ValueType":"System.String"},"Value":"755272989"}]},{"TestCase":{"Id":"be9277f1-feca-943c-efc2-32a7cf27c2f4","FullyQualifiedName":"EventHubASP.Tests.Tests.RoleManagementServiceTests.GetPendingRequestsAsync_ShouldReturnPendingRequests","DisplayName":"GetPendingRequestsAsync_ShouldReturnPendingRequests","ExecutorUri":"executor://NUnit3TestExecutor","Source":"C:\\Users\\Fenix\\Desktop\\GitHub\\SoftUni\\EventHubAsp\\EventHubASP\\EventHubASP.Tests\\bin\\Debug\\net8.0\\fine-code-coverage\\build-output\\EventHubASP.Tests.dll","CodeFilePath":null,"LineNumber":0,"Properties":[{"Key":{"Id":"NUnit.Seed","Label":"Seed","Category":"","Description":"","Attributes":0,"ValueType":"System.String"},"Value":"1179529633"}]},"Attachments":[],"Outcome":1,"ErrorMessage":null,"ErrorStackTrace":null,"DisplayName":"GetPendingRequestsAsync_ShouldReturnPendingRequests","Messages":[],"ComputerName":"DESKTOP-OMT97JR","Duration":"00:00:00.0052630","StartTime":"2025-02-26T11:18:10.1706279+00:00","EndTime":"2025-02-26T11:18:10.1758904+00:00","Properties":[{"Key":{"Id":"NUnit.Seed","Label":"Seed","Category":"","Description":"","Attributes":0,"ValueType":"System.String"},"Value":"1179529633"}]},{"TestCase":{"Id":"29f35c5c-2a85-0002-6754-ae53706a8c69","FullyQualifiedName":"EventHubASP.Tests.Tests.RoleManagementServiceTests.SubmitRoleChangeRequestAsync_ShouldAddNewRequest","DisplayName":"SubmitRoleChangeRequestAsync_ShouldAddNewRequest","ExecutorUri":"executor://NUnit3TestExecutor","Source":"C:\\Users\\Fenix\\Desktop\\GitHub\\SoftUni\\EventHubAsp\\EventHubASP\\EventHubASP.Tests\\bin\\Debug\\net8.0\\fine-code-coverage\\build-output\\EventHubASP.Tests.dll","CodeFilePath":null,"LineNumber":0,"Properties":[{"Key":{"Id":"NUnit.Seed","Label":"Seed","Category":"","Description":"","Attributes":0,"ValueType":"System.String"},"Value":"541638951"}]},"Attachments":[],"Outcome":1,"ErrorMessage":null,"ErrorStackTrace":null,"DisplayName":"SubmitRoleChangeRequestAsync_ShouldAddNewRequest","Messages":[],"ComputerName":"DESKTOP-OMT97JR","Duration":"00:00:00.0148480","StartTime":"2025-02-26T11:18:10.1759219+00:00","EndTime":"2025-02-26T11:18:10.1907688+00:00","Properties":[{"Key":{"Id":"NUnit.Seed","Label":"Seed","Category":"","Description":"","Attributes":0,"ValueType":"System.String"},"Value":"541638951"}]},{"TestCase":{"Id":"95da86fc-48e2-8ebb-c675-ed53190f7e87","FullyQualifiedName":"EventHubASP.Tests.Tests.RoleManagementServiceTests.SubmitRoleChangeRequestAsync_ShouldDoNothing_WhenUserNotFound","DisplayName":"SubmitRoleChangeRequestAsync_ShouldDoNothing_WhenUserNotFound","ExecutorUri":"executor://NUnit3TestExecutor","Source":"C:\\Users\\Fenix\\Desktop\\GitHub\\SoftUni\\EventHubAsp\\EventHubASP\\EventHubASP.Tests\\bin\\Debug\\net8.0\\fine-code-coverage\\build-output\\EventHubASP.Tests.dll","CodeFilePath":null,"LineNumber":0,"Properties":[{"Key":{"Id":"NUnit.Seed","Label":"Seed","Category":"","Description":"","Attributes":0,"ValueType":"System.String"},"Value":"1083223432"}]},"Attachments":[],"Outcome":1,"ErrorMessage":null,"ErrorStackTrace":null,"DisplayName":"SubmitRoleChangeRequestAsync_ShouldDoNothing_WhenUserNotFound","Messages":[],"ComputerName":"DESKTOP-OMT97JR","Duration":"00:00:00.0070510","StartTime":"2025-02-26T11:18:10.1908029+00:00","EndTime":"2025-02-26T11:18:10.1978532+00:00","Properties":[{"Key":{"Id":"NUnit.Seed","Label":"Seed","Category":"","Description":"","Attributes":0,"ValueType":"System.String"},"Value":"1083223432"}]},{"TestCase":{"Id":"292430fe-0b4e-8f42-4498-35345fe8be8a","FullyQualifiedName":"EventHubASP.Tests.Tests.RoleManagementServiceTests.SubmitRoleChangeRequestAsync_ShouldNotAddRequest_WhenUserAlreadyInRole","DisplayName":"SubmitRoleChangeRequestAsync_ShouldNotAddRequest_WhenUserAlreadyInRole","ExecutorUri":"executor://NUnit3TestExecutor","Source":"C:\\Users\\Fenix\\Desktop\\GitHub\\SoftUni\\EventHubAsp\\EventHubASP\\EventHubASP.Tests\\bin\\Debug\\net8.0\\fine-code-coverage\\build-output\\EventHubASP.Tests.dll","CodeFilePath":null,"LineNumber":0,"Properties":[{"Key":{"Id":"NUnit.Seed","Label":"Seed","Category":"","Description":"","Attributes":0,"ValueType":"System.String"},"Value":"1108092689"}]},"Attachments":[],"Outcome":1,"ErrorMessage":null,"ErrorStackTrace":null,"DisplayName":"SubmitRoleChangeRequestAsync_ShouldNotAddRequest_WhenUserAlreadyInRole","Messages":[],"ComputerName":"DESKTOP-OMT97JR","Duration":"00:00:00.0077200","StartTime":"2025-02-26T11:18:10.1978855+00:00","EndTime":"2025-02-26T11:18:10.2056054+00:00","Properties":[{"Key":{"Id":"NUnit.Seed","Label":"Seed","Category":"","Description":"","Attributes":0,"ValueType":"System.String"},"Value":"1108092689"}]},{"TestCase":{"Id":"c13a5a56-c95d-3c33-d736-93b13df4baac","FullyQualifiedName":"EventHubASP.Tests.Tests.UserServiceTests.DeleteUserAsync_ShouldReturnFalse_WhenUserDoesNotExist","DisplayName":"DeleteUserAsync_ShouldReturnFalse_WhenUserDoesNotExist","ExecutorUri":"executor://NUnit3TestExecutor","Source":"C:\\Users\\Fenix\\Desktop\\GitHub\\SoftUni\\EventHubAsp\\EventHubASP\\EventHubASP.Tests\\bin\\Debug\\net8.0\\fine-code-coverage\\build-output\\EventHubASP.Tests.dll","CodeFilePath":null,"LineNumber":0,"Properties":[{"Key":{"Id":"NUnit.Seed","Label":"Seed","Category":"","Description":"","Attributes":0,"ValueType":"System.String"},"Value":"94100332"}]},"Attachments":[],"Outcome":1,"ErrorMessage":null,"ErrorStackTrace":null,"DisplayName":"DeleteUserAsync_ShouldReturnFalse_WhenUserDoesNotExist","Messages":[],"ComputerName":"DESKTOP-OMT97JR","Duration":"00:00:00.0347820","StartTime":"2025-02-26T11:18:10.2060879+00:00","EndTime":"2025-02-26T11:18:10.2408685+00:00","Properties":[{"Key":{"Id":"NUnit.Seed","Label":"Seed","Category":"","Description":"","Attributes":0,"ValueType":"System.String"},"Value":"94100332"}]},{"TestCase":{"Id":"33d85d9b-5b24-63cb-b2b2-2ceedfdd6e17","FullyQualifiedName":"EventHubASP.Tests.Tests.UserServiceTests.DeleteUserAsync_ShouldReturnTrue_WhenUserIsDeleted","DisplayName":"DeleteUserAsync_ShouldReturnTrue_WhenUserIsDeleted","ExecutorUri":"executor://NUnit3TestExecutor","Source":"C:\\Users\\Fenix\\Desktop\\GitHub\\SoftUni\\EventHubAsp\\EventHubASP\\EventHubASP.Tests\\bin\\Debug\\net8.0\\fine-code-coverage\\build-output\\EventHubASP.Tests.dll","CodeFilePath":null,"LineNumber":0,"Properties":[{"Key":{"Id":"NUnit.Seed","Label":"Seed","Category":"","Description":"","Attributes":0,"ValueType":"System.String"},"Value":"1977506491"}]},"Attachments":[],"Outcome":1,"ErrorMessage":null,"ErrorStackTrace":null,"DisplayName":"DeleteUserAsync_ShouldReturnTrue_WhenUserIsDeleted","Messages":[],"ComputerName":"DESKTOP-OMT97JR","Duration":"00:00:00.0089170","StartTime":"2025-02-26T11:18:10.240898+00:00","EndTime":"2025-02-26T11:18:10.2498142+00:00","Properties":[{"Key":{"Id":"NUnit.Seed","Label":"Seed","Category":"","Description":"","Attributes":0,"ValueType":"System.String"},"Value":"1977506491"}]},{"TestCase":{"Id":"1a68efa0-f64f-ff21-8b44-2c5fa23013b3","FullyQualifiedName":"EventHubASP.Tests.Tests.UserServiceTests.GetAllUsersAsync_ShouldReturnListOfUsers","DisplayName":"GetAllUsersAsync_ShouldReturnListOfUsers","ExecutorUri":"executor://NUnit3TestExecutor","Source":"C:\\Users\\Fenix\\Desktop\\GitHub\\SoftUni\\EventHubAsp\\EventHubASP\\EventHubASP.Tests\\bin\\Debug\\net8.0\\fine-code-coverage\\build-output\\EventHubASP.Tests.dll","CodeFilePath":null,"LineNumber":0,"Properties":[{"Key":{"Id":"NUnit.Seed","Label":"Seed","Category":"","Description":"","Attributes":0,"ValueType":"System.String"},"Value":"1139473954"}]},"Attachments":[],"Outcome":1,"ErrorMessage":null,"ErrorStackTrace":null,"DisplayName":"GetAllUsersAsync_ShouldReturnListOfUsers","Messages":[],"ComputerName":"DESKTOP-OMT97JR","Duration":"00:00:00.0104140","StartTime":"2025-02-26T11:18:10.249879+00:00","EndTime":"2025-02-26T11:18:10.2602922+00:00","Properties":[{"Key":{"Id":"NUnit.Seed","Label":"Seed","Category":"","Description":"","Attributes":0,"ValueType":"System.String"},"Value":"1139473954"}]}],"TestRunStatistics":{"ExecutedTests":51,"Stats":{"Passed":51}},"ActiveTests":[{"Id":"feb02562-d92d-e648-e80a-0d7be7b8ee81","FullyQualifiedName":"EventHubASP.Tests.Tests.UserServiceTests.GetUserRoleAsync_ShouldReturnFirstRole","DisplayName":"GetUserRoleAsync_ShouldReturnFirstRole","ExecutorUri":"executor://NUnit3TestExecutor","Source":"C:\\Users\\Fenix\\Desktop\\GitHub\\SoftUni\\EventHubAsp\\EventHubASP\\EventHubASP.Tests\\bin\\Debug\\net8.0\\fine-code-coverage\\build-output\\EventHubASP.Tests.dll","CodeFilePath":null,"LineNumber":0,"Properties":[{"Key":{"Id":"NUnit.Seed","Label":"Seed","Category":"","Description":"","Attributes":0,"ValueType":"System.String"},"Value":"469661338"}]}]}}
TpTrace Verbose: 0 : 12348, 15, 2025/02/26, 13:18:10.266, 7910216768791, vstest.console.dll, TestRunRequest:SendTestRunStatsChange: Starting.
TpTrace Verbose: 0 : 12348, 15, 2025/02/26, 13:18:10.266, 7910216770603, vstest.console.dll, InProgress is GetUserRoleAsync_ShouldReturnFirstRole
TpTrace Verbose: 0 : 12348, 15, 2025/02/26, 13:18:10.266, 7910216771750, vstest.console.dll, MulticastDelegateUtilities.SafeInvoke: TestRun.RunStatsChanged: Invoking callbacks was skipped because there are no subscribers.
TpTrace Information: 0 : 12348, 15, 2025/02/26, 13:18:10.266, 7910216772130, vstest.console.dll, TestRunRequest:SendTestRunStatsChange: Completed.
TpTrace Verbose: 0 : 12348, 15, 2025/02/26, 13:18:10.266, 7910216772497, vstest.console.dll, MulticastDelegateUtilities.SafeInvoke: LengthPrefixCommunicationChannel: MessageReceived: Invoking callback 1/1 for Microsoft.VisualStudio.TestPlatform.CommunicationUtilities.TestRequestSender+<>c__DisplayClass34_0., took 1 ms.
TpTrace Verbose: 0 : 12348, 15, 2025/02/26, 13:18:10.266, 7910216772989, vstest.console.dll, TcpClientExtensions.MessageLoopAsync: Polling on remoteEndPoint: 127.0.0.1:55411 localEndPoint: 127.0.0.1:55410 after 113 ms
TpTrace Verbose: 0 : 12348, 4, 2025/02/26, 13:18:10.267, 7910216773227, vstest.console.dll, MulticastDelegateUtilities.SafeInvoke: InternalTestLoggerEvents.SendTestResult: Invoking callback 1/1 for Microsoft.VisualStudio.TestPlatform.CommandLine.Internal.ConsoleLogger., took 0 ms.
TpTrace Verbose: 0 : 12348, 4, 2025/02/26, 13:18:10.267, 7910216774398, vstest.console.dll, MulticastDelegateUtilities.SafeInvoke: InternalTestLoggerEvents.SendTestResult: Invoking callback 1/1 for Microsoft.VisualStudio.TestPlatform.CommandLine.Internal.ConsoleLogger., took 0 ms.
TpTrace Verbose: 0 : 12348, 4, 2025/02/26, 13:18:10.267, 7910216776701, vstest.console.dll, MulticastDelegateUtilities.SafeInvoke: InternalTestLoggerEvents.SendTestResult: Invoking callback 1/1 for Microsoft.VisualStudio.TestPlatform.CommandLine.Internal.ConsoleLogger., took 0 ms.
TpTrace Verbose: 0 : 12348, 4, 2025/02/26, 13:18:10.267, 7910216779974, vstest.console.dll, MulticastDelegateUtilities.SafeInvoke: InternalTestLoggerEvents.SendTestResult: Invoking callback 1/1 for Microsoft.VisualStudio.TestPlatform.CommandLine.Internal.ConsoleLogger., took 0 ms.
TpTrace Verbose: 0 : 12348, 4, 2025/02/26, 13:18:10.267, 7910216781594, vstest.console.dll, MulticastDelegateUtilities.SafeInvoke: InternalTestLoggerEvents.SendTestResult: Invoking callback 1/1 for Microsoft.VisualStudio.TestPlatform.CommandLine.Internal.ConsoleLogger., took 0 ms.
TpTrace Verbose: 0 : 12348, 4, 2025/02/26, 13:18:10.268, 7910216785714, vstest.console.dll, MulticastDelegateUtilities.SafeInvoke: InternalTestLoggerEvents.SendTestResult: Invoking callback 1/1 for Microsoft.VisualStudio.TestPlatform.CommandLine.Internal.ConsoleLogger., took 0 ms.
TpTrace Verbose: 0 : 12348, 4, 2025/02/26, 13:18:10.268, 7910216787146, vstest.console.dll, MulticastDelegateUtilities.SafeInvoke: InternalTestLoggerEvents.SendTestResult: Invoking callback 1/1 for Microsoft.VisualStudio.TestPlatform.CommandLine.Internal.ConsoleLogger., took 0 ms.
TpTrace Verbose: 0 : 12348, 4, 2025/02/26, 13:18:10.268, 7910216787904, vstest.console.dll, MulticastDelegateUtilities.SafeInvoke: InternalTestLoggerEvents.SendTestResult: Invoking callback 1/1 for Microsoft.VisualStudio.TestPlatform.CommandLine.Internal.ConsoleLogger., took 0 ms.
TpTrace Verbose: 0 : 12348, 4, 2025/02/26, 13:18:10.268, 7910216788967, vstest.console.dll, MulticastDelegateUtilities.SafeInvoke: InternalTestLoggerEvents.SendTestResult: Invoking callback 1/1 for Microsoft.VisualStudio.TestPlatform.CommandLine.Internal.ConsoleLogger., took 0 ms.
TpTrace Verbose: 0 : 12348, 15, 2025/02/26, 13:18:10.287, 7910216979924, vstest.console.dll, TcpClientExtensions.MessageLoopAsync: NotifyDataAvailable remoteEndPoint: 127.0.0.1:55411 localEndPoint: 127.0.0.1:55410
TpTrace Verbose: 0 : 12348, 15, 2025/02/26, 13:18:10.287, 7910216982194, vstest.console.dll, TestRequestSender.OnExecutionMessageReceived: Received message: {"Version":7,"MessageType":"TestSession.Message","Payload":{"MessageLevel":1,"Message":"Invalid password for user: testUser\r\n"}}
TpTrace Verbose: 0 : 12348, 15, 2025/02/26, 13:18:10.288, 7910216984425, vstest.console.dll, TestRunRequest:SendTestRunMessage: Starting.
TpTrace Verbose: 0 : 12348, 15, 2025/02/26, 13:18:10.288, 7910216985462, vstest.console.dll, MulticastDelegateUtilities.SafeInvoke: TestRun.LogMessages: Invoking callback 1/1 for Microsoft.VisualStudio.TestPlatform.CommandLine.TestRunResultAggregator., took 0 ms.
TpTrace Information: 0 : 12348, 15, 2025/02/26, 13:18:10.288, 7910216985913, vstest.console.dll, TestRunRequest:SendTestRunMessage: Completed.
TpTrace Verbose: 0 : 12348, 15, 2025/02/26, 13:18:10.288, 7910216986165, vstest.console.dll, MulticastDelegateUtilities.SafeInvoke: LengthPrefixCommunicationChannel: MessageReceived: Invoking callback 1/1 for Microsoft.VisualStudio.TestPlatform.CommunicationUtilities.TestRequestSender+<>c__DisplayClass34_0., took 0 ms.
TpTrace Verbose: 0 : 12348, 15, 2025/02/26, 13:18:10.288, 7910216986468, vstest.console.dll, TcpClientExtensions.MessageLoopAsync: Polling on remoteEndPoint: 127.0.0.1:55411 localEndPoint: 127.0.0.1:55410 after 21 ms
TpTrace Verbose: 0 : 12348, 4, 2025/02/26, 13:18:10.288, 7910216988799, vstest.console.dll, MulticastDelegateUtilities.SafeInvoke: InternalTestLoggerEvents.SendTestRunMessage: Invoking callback 1/1 for Microsoft.VisualStudio.TestPlatform.CommandLine.Internal.ConsoleLogger., took 0 ms.
TpTrace Verbose: 0 : 12348, 15, 2025/02/26, 13:18:10.292, 7910217028407, vstest.console.dll, TcpClientExtensions.MessageLoopAsync: NotifyDataAvailable remoteEndPoint: 127.0.0.1:55411 localEndPoint: 127.0.0.1:55410
TpTrace Verbose: 0 : 12348, 15, 2025/02/26, 13:18:10.292, 7910217030892, vstest.console.dll, TestRequestSender.OnExecutionMessageReceived: Received message: {"Version":7,"MessageType":"TestSession.Message","Payload":{"MessageLevel":1,"Message":"User not found: nonExistentUser\r\n"}}
TpTrace Verbose: 0 : 12348, 15, 2025/02/26, 13:18:10.292, 7910217032884, vstest.console.dll, TestRunRequest:SendTestRunMessage: Starting.
TpTrace Verbose: 0 : 12348, 15, 2025/02/26, 13:18:10.293, 7910217033638, vstest.console.dll, MulticastDelegateUtilities.SafeInvoke: TestRun.LogMessages: Invoking callback 1/1 for Microsoft.VisualStudio.TestPlatform.CommandLine.TestRunResultAggregator., took 0 ms.
TpTrace Information: 0 : 12348, 15, 2025/02/26, 13:18:10.293, 7910217034283, vstest.console.dll, TestRunRequest:SendTestRunMessage: Completed.
TpTrace Verbose: 0 : 12348, 15, 2025/02/26, 13:18:10.293, 7910217034744, vstest.console.dll, MulticastDelegateUtilities.SafeInvoke: LengthPrefixCommunicationChannel: MessageReceived: Invoking callback 1/1 for Microsoft.VisualStudio.TestPlatform.CommunicationUtilities.TestRequestSender+<>c__DisplayClass34_0., took 0 ms.
TpTrace Verbose: 0 : 12348, 15, 2025/02/26, 13:18:10.293, 7910217035342, vstest.console.dll, TcpClientExtensions.MessageLoopAsync: Polling on remoteEndPoint: 127.0.0.1:55411 localEndPoint: 127.0.0.1:55410 after 4 ms
TpTrace Verbose: 0 : 12348, 4, 2025/02/26, 13:18:10.293, 7910217035478, vstest.console.dll, MulticastDelegateUtilities.SafeInvoke: InternalTestLoggerEvents.SendTestRunMessage: Invoking callback 1/1 for Microsoft.VisualStudio.TestPlatform.CommandLine.Internal.ConsoleLogger., took 0 ms.
TpTrace Verbose: 0 : 12348, 15, 2025/02/26, 13:18:10.312, 7910217229815, vstest.console.dll, TcpClientExtensions.MessageLoopAsync: NotifyDataAvailable remoteEndPoint: 127.0.0.1:55411 localEndPoint: 127.0.0.1:55410
TpTrace Verbose: 0 : 12348, 15, 2025/02/26, 13:18:10.312, 7910217232426, vstest.console.dll, TestRequestSender.OnExecutionMessageReceived: Received message: {"Version":7,"MessageType":"TestSession.Message","Payload":{"MessageLevel":0,"Message":"NUnit Adapter 4.5.0.0: Test execution complete"}}
TpTrace Verbose: 0 : 12348, 15, 2025/02/26, 13:18:10.313, 7910217234100, vstest.console.dll, TestRunRequest:SendTestRunMessage: Starting.
TpTrace Verbose: 0 : 12348, 15, 2025/02/26, 13:18:10.313, 7910217234665, vstest.console.dll, MulticastDelegateUtilities.SafeInvoke: TestRun.LogMessages: Invoking callback 1/1 for Microsoft.VisualStudio.TestPlatform.CommandLine.TestRunResultAggregator., took 0 ms.
TpTrace Information: 0 : 12348, 15, 2025/02/26, 13:18:10.313, 7910217234912, vstest.console.dll, TestRunRequest:SendTestRunMessage: Completed.
TpTrace Verbose: 0 : 12348, 15, 2025/02/26, 13:18:10.313, 7910217235112, vstest.console.dll, MulticastDelegateUtilities.SafeInvoke: LengthPrefixCommunicationChannel: MessageReceived: Invoking callback 1/1 for Microsoft.VisualStudio.TestPlatform.CommunicationUtilities.TestRequestSender+<>c__DisplayClass34_0., took 0 ms.
TpTrace Verbose: 0 : 12348, 15, 2025/02/26, 13:18:10.313, 7910217235338, vstest.console.dll, TcpClientExtensions.MessageLoopAsync: Polling on remoteEndPoint: 127.0.0.1:55411 localEndPoint: 127.0.0.1:55410 after 19 ms
TpTrace Verbose: 0 : 12348, 4, 2025/02/26, 13:18:10.313, 7910217235305, vstest.console.dll, MulticastDelegateUtilities.SafeInvoke: InternalTestLoggerEvents.SendTestRunMessage: Invoking callback 1/1 for Microsoft.VisualStudio.TestPlatform.CommandLine.Internal.ConsoleLogger., took 0 ms.
TpTrace Verbose: 0 : 12348, 15, 2025/02/26, 13:18:10.331, 7910217419851, vstest.console.dll, TcpClientExtensions.MessageLoopAsync: NotifyDataAvailable remoteEndPoint: 127.0.0.1:55411 localEndPoint: 127.0.0.1:55410
TpTrace Verbose: 0 : 12348, 15, 2025/02/26, 13:18:10.331, 7910217422204, vstest.console.dll, TestRequestSender.OnExecutionMessageReceived: Received message: {"Version":7,"MessageType":"TestExecution.Completed","Payload":{"TestRunCompleteArgs":{"TestRunStatistics":{"ExecutedTests":57,"Stats":{"Passed":57}},"IsCanceled":false,"IsAborted":false,"Error":null,"AttachmentSets":[],"InvokedDataCollectors":[],"ElapsedTimeInRunningTests":"00:00:02.3493982","Metrics":{},"DiscoveredExtensions":{"TestDiscoverers":["NUnit.VisualStudio.TestAdapter.NUnit3TestDiscoverer, NUnit3.TestAdapter, Version=4.5.0.0, Culture=neutral, PublicKeyToken=4cb40d35494691ac"],"TestExecutors":["executor://NUnit3TestExecutor"],"TestExecutors2":[],"TestSettingsProviders":[]}},"LastRunTests":{"NewTestResults":[{"TestCase":{"Id":"feb02562-d92d-e648-e80a-0d7be7b8ee81","FullyQualifiedName":"EventHubASP.Tests.Tests.UserServiceTests.GetUserRoleAsync_ShouldReturnFirstRole","DisplayName":"GetUserRoleAsync_ShouldReturnFirstRole","ExecutorUri":"executor://NUnit3TestExecutor","Source":"C:\\Users\\Fenix\\Desktop\\GitHub\\SoftUni\\EventHubAsp\\EventHubASP\\EventHubASP.Tests\\bin\\Debug\\net8.0\\fine-code-coverage\\build-output\\EventHubASP.Tests.dll","CodeFilePath":null,"LineNumber":0,"Properties":[{"Key":{"Id":"NUnit.Seed","Label":"Seed","Category":"","Description":"","Attributes":0,"ValueType":"System.String"},"Value":"469661338"}]},"Attachments":[],"Outcome":1,"ErrorMessage":null,"ErrorStackTrace":null,"DisplayName":"GetUserRoleAsync_ShouldReturnFirstRole","Messages":[],"ComputerName":"DESKTOP-OMT97JR","Duration":"00:00:00.0042490","StartTime":"2025-02-26T11:18:10.2603355+00:00","EndTime":"2025-02-26T11:18:10.2645836+00:00","Properties":[{"Key":{"Id":"NUnit.Seed","Label":"Seed","Category":"","Description":"","Attributes":0,"ValueType":"System.String"},"Value":"469661338"}]},{"TestCase":{"Id":"a61e702c-c041-5b13-dcb6-eb90ab9fa5c1","FullyQualifiedName":"EventHubASP.Tests.Tests.UserServiceTests.RegisterUserAsync_ShouldReturnFalse_WhenUserAlreadyExists","DisplayName":"RegisterUserAsync_ShouldReturnFalse_WhenUserAlreadyExists","ExecutorUri":"executor://NUnit3TestExecutor","Source":"C:\\Users\\Fenix\\Desktop\\GitHub\\SoftUni\\EventHubAsp\\EventHubASP\\EventHubASP.Tests\\bin\\Debug\\net8.0\\fine-code-coverage\\build-output\\EventHubASP.Tests.dll","CodeFilePath":null,"LineNumber":0,"Properties":[{"Key":{"Id":"NUnit.Seed","Label":"Seed","Category":"","Description":"","Attributes":0,"ValueType":"System.String"},"Value":"1571426719"}]},"Attachments":[],"Outcome":1,"ErrorMessage":null,"ErrorStackTrace":null,"DisplayName":"RegisterUserAsync_ShouldReturnFalse_WhenUserAlreadyExists","Messages":[],"ComputerName":"DESKTOP-OMT97JR","Duration":"00:00:00.0109110","StartTime":"2025-02-26T11:18:10.2646231+00:00","EndTime":"2025-02-26T11:18:10.2755335+00:00","Properties":[{"Key":{"Id":"NUnit.Seed","Label":"Seed","Category":"","Description":"","Attributes":0,"ValueType":"System.String"},"Value":"1571426719"}]},{"TestCase":{"Id":"ee20be9f-df51-6057-735c-722077cd5055","FullyQualifiedName":"EventHubASP.Tests.Tests.UserServiceTests.RegisterUserAsync_ShouldReturnTrue_WhenUserIsNew","DisplayName":"RegisterUserAsync_ShouldReturnTrue_WhenUserIsNew","ExecutorUri":"executor://NUnit3TestExecutor","Source":"C:\\Users\\Fenix\\Desktop\\GitHub\\SoftUni\\EventHubAsp\\EventHubASP\\EventHubASP.Tests\\bin\\Debug\\net8.0\\fine-code-coverage\\build-output\\EventHubASP.Tests.dll","CodeFilePath":null,"LineNumber":0,"Properties":[{"Key":{"Id":"NUnit.Seed","Label":"Seed","Category":"","Description":"","Attributes":0,"ValueType":"System.String"},"Value":"419057529"}]},"Attachments":[],"Outcome":1,"ErrorMessage":null,"ErrorStackTrace":null,"DisplayName":"RegisterUserAsync_ShouldReturnTrue_WhenUserIsNew","Messages":[],"ComputerName":"DESKTOP-OMT97JR","Duration":"00:00:00.0041070","StartTime":"2025-02-26T11:18:10.2755711+00:00","EndTime":"2025-02-26T11:18:10.2796767+00:00","Properties":[{"Key":{"Id":"NUnit.Seed","Label":"Seed","Category":"","Description":"","Attributes":0,"ValueType":"System.String"},"Value":"419057529"}]},{"TestCase":{"Id":"75d46cab-6c49-6616-4c99-0c6373c5a895","FullyQualifiedName":"EventHubASP.Tests.Tests.UserServiceTests.ValidateUserAsync_ShouldReturnNull_WhenPasswordIsIncorrect","DisplayName":"ValidateUserAsync_ShouldReturnNull_WhenPasswordIsIncorrect","ExecutorUri":"executor://NUnit3TestExecutor","Source":"C:\\Users\\Fenix\\Desktop\\GitHub\\SoftUni\\EventHubAsp\\EventHubASP\\EventHubASP.Tests\\bin\\Debug\\net8.0\\fine-code-coverage\\build-output\\EventHubASP.Tests.dll","CodeFilePath":null,"LineNumber":0,"Properties":[{"Key":{"Id":"NUnit.Seed","Label":"Seed","Category":"","Description":"","Attributes":0,"ValueType":"System.String"},"Value":"2010447385"}]},"Attachments":[],"Outcome":1,"ErrorMessage":null,"ErrorStackTrace":null,"DisplayName":"ValidateUserAsync_ShouldReturnNull_WhenPasswordIsIncorrect","Messages":[{"Category":"StdOutMsgs","Text":"Invalid password for user: testUser\r\n"}],"ComputerName":"DESKTOP-OMT97JR","Duration":"00:00:00.0052460","StartTime":"2025-02-26T11:18:10.2797228+00:00","EndTime":"2025-02-26T11:18:10.2849679+00:00","Properties":[{"Key":{"Id":"NUnit.Seed","Label":"Seed","Category":"","Description":"","Attributes":0,"ValueType":"System.String"},"Value":"2010447385"}]},{"TestCase":{"Id":"c124e57a-4a8a-861c-2b86-12eae4b76f89","FullyQualifiedName":"EventHubASP.Tests.Tests.UserServiceTests.ValidateUserAsync_ShouldReturnNull_WhenUserDoesNotExist","DisplayName":"ValidateUserAsync_ShouldReturnNull_WhenUserDoesNotExist","ExecutorUri":"executor://NUnit3TestExecutor","Source":"C:\\Users\\Fenix\\Desktop\\GitHub\\SoftUni\\EventHubAsp\\EventHubASP\\EventHubASP.Tests\\bin\\Debug\\net8.0\\fine-code-coverage\\build-output\\EventHubASP.Tests.dll","CodeFilePath":null,"LineNumber":0,"Properties":[{"Key":{"Id":"NUnit.Seed","Label":"Seed","Category":"","Description":"","Attributes":0,"ValueType":"System.String"},"Value":"565502391"}]},"Attachments":[],"Outcome":1,"ErrorMessage":null,"ErrorStackTrace":null,"DisplayName":"ValidateUserAsync_ShouldReturnNull_WhenUserDoesNotExist","Messages":[{"Category":"StdOutMsgs","Text":"User not found: nonExistentUser\r\n"}],"ComputerName":"DESKTOP-OMT97JR","Duration":"00:00:00.0039120","StartTime":"2025-02-26T11:18:10.2850118+00:00","EndTime":"2025-02-26T11:18:10.2889222+00:00","Properties":[{"Key":{"Id":"NUnit.Seed","Label":"Seed","Category":"","Description":"","Attributes":0,"ValueType":"System.String"},"Value":"565502391"}]},{"TestCase":{"Id":"5b18b244-90b9-7500-1e3c-a77156cfe44c","FullyQualifiedName":"EventHubASP.Tests.Tests.UserServiceTests.ValidateUserAsync_ShouldReturnUser_WhenCredentialsAreCorrect","DisplayName":"ValidateUserAsync_ShouldReturnUser_WhenCredentialsAreCorrect","ExecutorUri":"executor://NUnit3TestExecutor","Source":"C:\\Users\\Fenix\\Desktop\\GitHub\\SoftUni\\EventHubAsp\\EventHubASP\\EventHubASP.Tests\\bin\\Debug\\net8.0\\fine-code-coverage\\build-output\\EventHubASP.Tests.dll","CodeFilePath":null,"LineNumber":0,"Properties":[{"Key":{"Id":"NUnit.Seed","Label":"Seed","Category":"","Description":"","Attributes":0,"ValueType":"System.String"},"Value":"1390601630"}]},"Attachments":[],"Outcome":1,"ErrorMessage":null,"ErrorStackTrace":null,"DisplayName":"ValidateUserAsync_ShouldReturnUser_WhenCredentialsAreCorrect","Messages":[],"ComputerName":"DESKTOP-OMT97JR","Duration":"00:00:00.0061520","StartTime":"2025-02-26T11:18:10.2889756+00:00","EndTime":"2025-02-26T11:18:10.2951273+00:00","Properties":[{"Key":{"Id":"NUnit.Seed","Label":"Seed","Category":"","Description":"","Attributes":0,"ValueType":"System.String"},"Value":"1390601630"}]}],"TestRunStatistics":{"ExecutedTests":57,"Stats":{"Passed":57}},"ActiveTests":[]},"RunAttachments":[],"ExecutorUris":["executor://nunit3testexecutor/"]}}
TpTrace Verbose: 0 : 12348, 15, 2025/02/26, 13:18:10.332, 7910217423772, vstest.console.dll, TestRequestSender.EndSession: Sending end session.
TpTrace Verbose: 0 : 12348, 15, 2025/02/26, 13:18:10.332, 7910217425780, vstest.console.dll, ProxyOperationManager.Close: waiting for test host to exit for 100 ms
TpTrace Verbose: 0 : 12348, 7, 2025/02/26, 13:18:10.409, 7910218202820, vstest.console.dll, TestHostManagerCallbacks.StandardOutputReceivedCallback Test host standard output line: 
TpTrace Warning: 0 : 12348, 13, 2025/02/26, 13:18:10.409, 7910218203220, vstest.console.dll, TestHostManagerCallbacks.ErrorReceivedCallback Test host standard error line: 
TpTrace Verbose: 0 : 12348, 13, 2025/02/26, 13:18:10.423, 7910218340076, vstest.console.dll, TestHostProvider.ExitCallBack: Host exited starting callback.
TpTrace Information: 0 : 12348, 13, 2025/02/26, 13:18:10.423, 7910218342040, vstest.console.dll, TestHostManagerCallbacks.ExitCallBack: Testhost processId: 6024 exited with exitcode: 0 error: ''
TpTrace Verbose: 0 : 12348, 13, 2025/02/26, 13:18:10.423, 7910218342534, vstest.console.dll, DotnetTestHostManager.OnHostExited: invoking OnHostExited callback
TpTrace Verbose: 0 : 12348, 13, 2025/02/26, 13:18:10.423, 7910218343166, vstest.console.dll, CrossPlatEngine.TestHostManagerHostExited: calling on client process exit callback.
TpTrace Information: 0 : 12348, 13, 2025/02/26, 13:18:10.424, 7910218343855, vstest.console.dll, TestRequestSender.OnClientProcessExit: Test host process exited. Standard error: 
TpTrace Information: 0 : 12348, 15, 2025/02/26, 13:18:10.424, 7910218344337, vstest.console.dll, SocketServer.Stop: Stop server endPoint: 127.0.0.1:55410
TpTrace Information: 0 : 12348, 13, 2025/02/26, 13:18:10.424, 7910218344405, vstest.console.dll, SocketServer.Stop: Stop server endPoint: 127.0.0.1:55410
TpTrace Information: 0 : 12348, 15, 2025/02/26, 13:18:10.424, 7910218345289, vstest.console.dll, SocketServer.Stop: Cancellation requested. Stopping message loop.
TpTrace Information: 0 : 12348, 13, 2025/02/26, 13:18:10.424, 7910218345738, vstest.console.dll, SocketServer.Stop: Cancellation requested. Stopping message loop.
TpTrace Verbose: 0 : 12348, 13, 2025/02/26, 13:18:10.424, 7910218346506, vstest.console.dll, MulticastDelegateUtilities.SafeInvoke: HostProviderEvents.OnHostExited: Invoking callback 1/1 for Microsoft.VisualStudio.TestPlatform.CrossPlatEngine.Client.ProxyOperationManager., took 0 ms.
TpTrace Information: 0 : 12348, 15, 2025/02/26, 13:18:10.424, 7910218347184, vstest.console.dll, Closing the connection
TpTrace Verbose: 0 : 12348, 15, 2025/02/26, 13:18:10.424, 7910218349916, vstest.console.dll, ProxyDataCollectionManager.InvokeDataCollectionServiceAction: Starting.
TpTrace Information: 0 : 12348, 15, 2025/02/26, 13:18:10.424, 7910218350460, vstest.console.dll, ProxyDataCollectionManager.AfterTestRunEnd: Get attachment set and invoked data collectors processId: 9192 port: 55402
TpTrace Verbose: 0 : 12348, 15, 2025/02/26, 13:18:10.424, 7910218350866, vstest.console.dll, DataCollectionRequestSender.SendAfterTestRunStartAndGetResult: Send AfterTestRunEnd message with isCancelled: False
TpTrace Verbose: 0 : 12348, 15, 2025/02/26, 13:18:10.431, 7910218420542, vstest.console.dll, DataCollectionRequestSender.SendAfterTestRunStartAndGetResult: Received message: (DataCollection.AfterTestRunEndResult) -> {"MessageType":"DataCollection.AfterTestRunEndResult","Payload":{"AttachmentSets":[],"InvokedDataCollectors":[{"Uri":"datacollector://Microsoft/TestPlatform/Extensions/Blame/v1","FriendlyName":"Blame","AssemblyQualifiedName":"Microsoft.TestPlatform.Extensions.BlameDataCollector.BlameCollector, Microsoft.TestPlatform.Extensions.BlameDataCollector, Version=15.0.0.0, Culture=neutral, PublicKeyToken=b03f5f7f11d50a3a","FilePath":"C:\\Program Files\\dotnet\\sdk\\8.0.403\\Extensions\\Microsoft.TestPlatform.Extensions.BlameDataCollector.dll","HasAttachmentProcessor":false}],"Metrics":{}}}
TpTrace Warning: 0 : 12348, 11, 2025/02/26, 13:18:10.437, 7910218477596, vstest.console.dll, DataCollectionLauncher.ErrorReceivedCallback datacollector standard error line: 
TpTrace Information: 0 : 12348, 15, 2025/02/26, 13:18:10.440, 7910218509542, vstest.console.dll, ProxyDataCollectionManager.InvokeDataCollectionServiceAction: Completed.
TpTrace Information: 0 : 12348, 11, 2025/02/26, 13:18:10.444, 7910218544826, vstest.console.dll, DataCollectionLauncher.ExitCallBack: Data collector exited with exitcode: 0 error: ''
TpTrace Verbose: 0 : 12348, 15, 2025/02/26, 13:18:10.478, 7910218885106, vstest.console.dll, TestRunRequest:SendTestRunStatsChange: Starting.
TpTrace Verbose: 0 : 12348, 15, 2025/02/26, 13:18:10.478, 7910218887530, vstest.console.dll, MulticastDelegateUtilities.SafeInvoke: TestRun.RunStatsChanged: Invoking callbacks was skipped because there are no subscribers.
TpTrace Information: 0 : 12348, 15, 2025/02/26, 13:18:10.478, 7910218887808, vstest.console.dll, TestRunRequest:SendTestRunStatsChange: Completed.
TpTrace Verbose: 0 : 12348, 4, 2025/02/26, 13:18:10.478, 7910218887834, vstest.console.dll, MulticastDelegateUtilities.SafeInvoke: InternalTestLoggerEvents.SendTestResult: Invoking callback 1/1 for Microsoft.VisualStudio.TestPlatform.CommandLine.Internal.ConsoleLogger., took 0 ms.
TpTrace Verbose: 0 : 12348, 4, 2025/02/26, 13:18:10.478, 7910218890872, vstest.console.dll, MulticastDelegateUtilities.SafeInvoke: InternalTestLoggerEvents.SendTestResult: Invoking callback 1/1 for Microsoft.VisualStudio.TestPlatform.CommandLine.Internal.ConsoleLogger., took 0 ms.
TpTrace Verbose: 0 : 12348, 4, 2025/02/26, 13:18:10.478, 7910218892695, vstest.console.dll, MulticastDelegateUtilities.SafeInvoke: InternalTestLoggerEvents.SendTestResult: Invoking callback 1/1 for Microsoft.VisualStudio.TestPlatform.CommandLine.Internal.ConsoleLogger., took 0 ms.
TpTrace Verbose: 0 : 12348, 4, 2025/02/26, 13:18:10.479, 7910218893531, vstest.console.dll, MulticastDelegateUtilities.SafeInvoke: InternalTestLoggerEvents.SendTestResult: Invoking callback 1/1 for Microsoft.VisualStudio.TestPlatform.CommandLine.Internal.ConsoleLogger., took 0 ms.
TpTrace Verbose: 0 : 12348, 15, 2025/02/26, 13:18:10.479, 7910218893939, vstest.console.dll, ParallelProxyExecutionManager: HandlePartialRunComplete: Total workloads = 1, Total started clients = 1 Total completed clients = 1, Run complete = True, Run canceled: False.
TpTrace Verbose: 0 : 12348, 4, 2025/02/26, 13:18:10.479, 7910218894062, vstest.console.dll, MulticastDelegateUtilities.SafeInvoke: InternalTestLoggerEvents.SendTestResult: Invoking callback 1/1 for Microsoft.VisualStudio.TestPlatform.CommandLine.Internal.ConsoleLogger., took 0 ms.
TpTrace Verbose: 0 : 12348, 15, 2025/02/26, 13:18:10.479, 7910218894575, vstest.console.dll, ParallelProxyExecutionManager: HandlePartialRunComplete: All runs completed stopping all managers.
TpTrace Verbose: 0 : 12348, 4, 2025/02/26, 13:18:10.479, 7910218895359, vstest.console.dll, MulticastDelegateUtilities.SafeInvoke: InternalTestLoggerEvents.SendTestResult: Invoking callback 1/1 for Microsoft.VisualStudio.TestPlatform.CommandLine.Internal.ConsoleLogger., took 0 ms.
TpTrace Verbose: 0 : 12348, 15, 2025/02/26, 13:18:10.479, 7910218895557, vstest.console.dll, ParallelOperationManager.StopAllManagers: Stopping all managers.
TpTrace Verbose: 0 : 12348, 15, 2025/02/26, 13:18:10.479, 7910218896183, vstest.console.dll, ParallelOperationManager.ClearSlots: Clearing all slots. Slots should accept more work: False
TpTrace Verbose: 0 : 12348, 15, 2025/02/26, 13:18:10.479, 7910218896742, vstest.console.dll, ParallelOperationManager.SetOccupiedSlotCount: Setting slot counts AvailableSlotCount = 1, OccupiedSlotCount = 0.
TpTrace Verbose: 0 : 12348, 15, 2025/02/26, 13:18:10.479, 7910218897240, vstest.console.dll, Occupied slots:

TpTrace Verbose: 0 : 12348, 4, 2025/02/26, 13:18:10.490, 7910219011035, vstest.console.dll, MulticastDelegateUtilities.SafeInvoke: InternalTestLoggerEvents.SendTestRunComplete: Invoking callback 1/2 for Microsoft.TestPlatform.Extensions.BlameDataCollector.BlameLogger., took 0 ms.
TpTrace Verbose: 0 : 12348, 4, 2025/02/26, 13:18:10.503, 7910219136768, vstest.console.dll, MulticastDelegateUtilities.SafeInvoke: InternalTestLoggerEvents.SendTestRunComplete: Invoking callback 2/2 for Microsoft.VisualStudio.TestPlatform.CommandLine.Internal.ConsoleLogger., took 12 ms.
TpTrace Verbose: 0 : 12348, 15, 2025/02/26, 13:18:10.504, 7910219144929, vstest.console.dll, TestRunRequest:TestRunComplete: Starting. IsAborted:False IsCanceled:False.
TpTrace Verbose: 0 : 12348, 15, 2025/02/26, 13:18:10.504, 7910219148333, vstest.console.dll, ParallelOperationManager.DoActionOnAllManagers: Calling an action on all managers.
TpTrace Verbose: 0 : 12348, 15, 2025/02/26, 13:18:10.506, 7910219163590, vstest.console.dll, TestLoggerManager.HandleTestRunComplete: Ignoring as the object is disposed.
TpTrace Verbose: 0 : 12348, 15, 2025/02/26, 13:18:10.506, 7910219167592, vstest.console.dll, MulticastDelegateUtilities.SafeInvoke: TestRun.TestRunComplete: Invoking callback 1/2 for Microsoft.VisualStudio.TestPlatform.CommandLine.TestRunResultAggregator., took 0 ms.
TpTrace Verbose: 0 : 12348, 15, 2025/02/26, 13:18:10.506, 7910219169286, vstest.console.dll, MulticastDelegateUtilities.SafeInvoke: TestRun.TestRunComplete: Invoking callback 2/2 for Microsoft.VisualStudio.TestPlatform.CommandLine.Processors.RunTestsArgumentExecutor+TestRunRequestEventsRegistrar., took 0 ms.
TpTrace Information: 0 : 12348, 15, 2025/02/26, 13:18:10.506, 7910219170744, vstest.console.dll, TestRunRequest:TestRunComplete: Completed.
TpTrace Verbose: 0 : 12348, 15, 2025/02/26, 13:18:10.506, 7910219171778, vstest.console.dll, TestRequestSender.SetOperationComplete: Setting operation complete.
TpTrace Verbose: 0 : 12348, 1, 2025/02/26, 13:18:10.506, 7910219171880, vstest.console.dll, TestRunRequest.Dispose: Starting.
TpTrace Information: 0 : 12348, 15, 2025/02/26, 13:18:10.506, 7910219172449, vstest.console.dll, SocketServer.Stop: Stop server endPoint: 127.0.0.1:55410
TpTrace Information: 0 : 12348, 1, 2025/02/26, 13:18:10.507, 7910219174409, vstest.console.dll, TestRunRequest.Dispose: Completed.
TpTrace Information: 0 : 12348, 15, 2025/02/26, 13:18:10.507, 7910219174632, vstest.console.dll, SocketServer.Stop: Cancellation requested. Stopping message loop.
TpTrace Verbose: 0 : 12348, 15, 2025/02/26, 13:18:10.507, 7910219175584, vstest.console.dll, MulticastDelegateUtilities.SafeInvoke: LengthPrefixCommunicationChannel: MessageReceived: Invoking callback 1/1 for Microsoft.VisualStudio.TestPlatform.CommunicationUtilities.TestRequestSender+<>c__DisplayClass34_0., took 175 ms.
TpTrace Information: 0 : 12348, 1, 2025/02/26, 13:18:10.507, 7910219175625, vstest.console.dll, TestRequestManager.RunTests: run tests completed.
TpTrace Information: 0 : 12348, 15, 2025/02/26, 13:18:10.507, 7910219176397, vstest.console.dll, SocketServer.PrivateStop: Stopping server endPoint: 127.0.0.1:55410 error: 
TpTrace Information: 0 : 12348, 1, 2025/02/26, 13:18:10.507, 7910219177711, vstest.console.dll, RunTestsArgumentProcessor:Execute: Test run is completed.
TpTrace Verbose: 0 : 12348, 1, 2025/02/26, 13:18:10.508, 7910219184358, vstest.console.dll, Executor.Execute: Exiting with exit code of 0
TpTrace Verbose: 0 : 12348, 15, 2025/02/26, 13:18:10.508, 7910219185730, vstest.console.dll, LengthPrefixCommunicationChannel.Dispose: Dispose reader and writer.
TpTrace Information: 0 : 12348, 15, 2025/02/26, 13:18:10.508, 7910219186712, vstest.console.dll, SocketServer.Stop: Raise disconnected event endPoint: 127.0.0.1:55410 error: 
TpTrace Verbose: 0 : 12348, 15, 2025/02/26, 13:18:10.508, 7910219187944, vstest.console.dll, TestRequestSender: OnTestRunAbort: Operation is already complete. Skip error message.
TpTrace Verbose: 0 : 12348, 15, 2025/02/26, 13:18:10.508, 7910219188412, vstest.console.dll, MulticastDelegateUtilities.SafeInvoke: SocketServer: ClientDisconnected: Invoking callback 1/1 for Microsoft.VisualStudio.TestPlatform.CommunicationUtilities.TestRequestSender., took 0 ms.
TpTrace Verbose: 0 : 12348, 15, 2025/02/26, 13:18:10.508, 7910219188758, vstest.console.dll, TcpClientExtensions.MessageLoopAsync: exiting MessageLoopAsync remoteEndPoint: 127.0.0.1:55411 localEndPoint: 127.0.0.1:55410
